gpu_id:  3
num_workers:  2
T:  36
===train: 50samples ===
===test: 100samples ===
training dataset: NUCLA
alpha: 0.1 lam1: 2 lam2: 1
start training epoch: 0
**** c1 ****
idx  15
sparse min tensor(0., device='cuda:3')
sparse max tensor(1.0108, device='cuda:3')
sparse sort 1 sample tensor([0.0000e+00, 0.0000e+00, 0.0000e+00, 0.0000e+00, 0.0000e+00, 0.0000e+00,
        0.0000e+00, 0.0000e+00, 0.0000e+00, 0.0000e+00, 0.0000e+00, 0.0000e+00,
        0.0000e+00, 0.0000e+00, 0.0000e+00, 0.0000e+00, 0.0000e+00, 0.0000e+00,
        0.0000e+00, 0.0000e+00, 0.0000e+00, 0.0000e+00, 0.0000e+00, 0.0000e+00,
        0.0000e+00, 0.0000e+00, 0.0000e+00, 0.0000e+00, 0.0000e+00, 0.0000e+00,
        0.0000e+00, 0.0000e+00, 0.0000e+00, 0.0000e+00, 0.0000e+00, 0.0000e+00,
        0.0000e+00, 0.0000e+00, 0.0000e+00, 0.0000e+00, 0.0000e+00, 0.0000e+00,
        0.0000e+00, 0.0000e+00, 0.0000e+00, 0.0000e+00, 0.0000e+00, 0.0000e+00,
        0.0000e+00, 0.0000e+00, 0.0000e+00, 0.0000e+00, 0.0000e+00, 0.0000e+00,
        0.0000e+00, 0.0000e+00, 0.0000e+00, 0.0000e+00, 0.0000e+00, 0.0000e+00,
        0.0000e+00, 0.0000e+00, 0.0000e+00, 0.0000e+00, 0.0000e+00, 0.0000e+00,
        0.0000e+00, 0.0000e+00, 0.0000e+00, 0.0000e+00, 0.0000e+00, 0.0000e+00,
        0.0000e+00, 0.0000e+00, 0.0000e+00, 0.0000e+00, 0.0000e+00, 0.0000e+00,
        0.0000e+00, 0.0000e+00, 0.0000e+00, 0.0000e+00, 0.0000e+00, 0.0000e+00,
        0.0000e+00, 0.0000e+00, 0.0000e+00, 0.0000e+00, 0.0000e+00, 0.0000e+00,
        0.0000e+00, 0.0000e+00, 0.0000e+00, 0.0000e+00, 0.0000e+00, 0.0000e+00,
        0.0000e+00, 0.0000e+00, 0.0000e+00, 0.0000e+00, 0.0000e+00, 0.0000e+00,
        0.0000e+00, 0.0000e+00, 0.0000e+00, 0.0000e+00, 0.0000e+00, 0.0000e+00,
        0.0000e+00, 0.0000e+00, 5.0581e-05, 3.2899e-04, 1.0204e-03, 1.0568e-03,
        2.0037e-03, 2.2421e-03, 3.5600e-03, 3.7409e-03, 4.3602e-03, 4.9631e-03,
        5.1676e-03, 5.2806e-03, 8.2901e-03, 9.1904e-03, 1.2154e-02, 1.2915e-02,
        1.6151e-02, 1.6909e-02, 1.8034e-02, 1.8588e-02, 2.0730e-02, 2.3248e-02,
        2.3526e-02, 2.6694e-02, 2.6963e-02, 2.9704e-02, 3.0784e-02, 3.4820e-02,
        3.7918e-02, 4.3040e-02, 4.6288e-02, 4.9839e-02, 6.2260e-02, 6.7503e-02,
        7.2423e-02, 7.7668e-02, 9.3359e-02, 1.0083e-01, 1.1146e-01, 1.2404e-01,
        1.2574e-01, 1.4024e-01, 1.9838e-01, 2.1748e-01, 2.1955e-01, 2.2964e-01,
        2.4480e-01, 2.4704e-01, 2.6894e-01, 4.4660e-01, 1.0108e+00],
       device='cuda:3')
**** c2 ****
idx  13
sparse min tensor(0., device='cuda:3')
sparse max tensor(0.0674, device='cuda:3')
sparse sort 1 sample tensor([0.0000e+00, 0.0000e+00, 0.0000e+00, 0.0000e+00, 0.0000e+00, 0.0000e+00,
        0.0000e+00, 0.0000e+00, 0.0000e+00, 0.0000e+00, 0.0000e+00, 0.0000e+00,
        0.0000e+00, 0.0000e+00, 0.0000e+00, 0.0000e+00, 0.0000e+00, 0.0000e+00,
        0.0000e+00, 0.0000e+00, 0.0000e+00, 0.0000e+00, 0.0000e+00, 0.0000e+00,
        0.0000e+00, 0.0000e+00, 0.0000e+00, 0.0000e+00, 0.0000e+00, 0.0000e+00,
        0.0000e+00, 0.0000e+00, 0.0000e+00, 0.0000e+00, 0.0000e+00, 0.0000e+00,
        0.0000e+00, 0.0000e+00, 0.0000e+00, 0.0000e+00, 0.0000e+00, 0.0000e+00,
        0.0000e+00, 0.0000e+00, 0.0000e+00, 0.0000e+00, 0.0000e+00, 0.0000e+00,
        0.0000e+00, 0.0000e+00, 0.0000e+00, 0.0000e+00, 0.0000e+00, 0.0000e+00,
        0.0000e+00, 0.0000e+00, 0.0000e+00, 0.0000e+00, 0.0000e+00, 0.0000e+00,
        0.0000e+00, 0.0000e+00, 0.0000e+00, 0.0000e+00, 0.0000e+00, 0.0000e+00,
        0.0000e+00, 0.0000e+00, 0.0000e+00, 0.0000e+00, 0.0000e+00, 0.0000e+00,
        0.0000e+00, 0.0000e+00, 6.3369e-06, 1.9334e-05, 4.5757e-05, 5.2707e-05,
        6.2693e-05, 7.0294e-05, 1.4164e-04, 1.4764e-04, 3.8509e-04, 3.9778e-04,
        4.6949e-04, 6.5522e-04, 7.3121e-04, 8.2520e-04, 1.0897e-03, 1.1779e-03,
        1.1812e-03, 1.4101e-03, 1.5391e-03, 1.5679e-03, 1.7374e-03, 1.9497e-03,
        2.1135e-03, 2.1347e-03, 2.2863e-03, 2.7347e-03, 2.8098e-03, 2.8784e-03,
        3.0889e-03, 3.4990e-03, 4.3724e-03, 4.8521e-03, 5.5555e-03, 5.8326e-03,
        5.8385e-03, 6.3712e-03, 6.6950e-03, 7.2981e-03, 7.3494e-03, 7.5013e-03,
        7.5777e-03, 7.6075e-03, 7.6440e-03, 8.0153e-03, 8.6279e-03, 9.1169e-03,
        9.1450e-03, 9.1742e-03, 9.8100e-03, 1.0096e-02, 1.0349e-02, 1.0426e-02,
        1.0533e-02, 1.1061e-02, 1.1076e-02, 1.1613e-02, 1.1640e-02, 1.1729e-02,
        1.2772e-02, 1.3496e-02, 1.3861e-02, 1.4446e-02, 1.4629e-02, 1.6564e-02,
        1.7308e-02, 1.7839e-02, 1.8246e-02, 1.8301e-02, 1.8914e-02, 1.9286e-02,
        1.9304e-02, 1.9509e-02, 2.0911e-02, 2.1093e-02, 2.1719e-02, 2.3614e-02,
        2.4880e-02, 2.5456e-02, 2.5684e-02, 2.5909e-02, 3.3034e-02, 3.5751e-02,
        4.3597e-02, 4.9729e-02, 5.0262e-02, 5.1302e-02, 6.7380e-02],
       device='cuda:3')
