gpu_id:  1
num_workers:  4
T:  36
===train: 100samples ===
===test: 50samples ===
******New Binarization******
old softmax
load pretrain binarization module
training dataset: NUCLA
alpha: 0.1 lam1: 2 lam2: 1
start training epoch: 0
 epoch: 0 |loss: 49.10778391838074 |cls: 23.66644376625618 |Bi: 0.01220828208955936 |mse: 1.7736757841706277
time:  10.058
start validating:
epoch: 0 Acc:0.2000 count: 50 pred_cnt: 10
start training epoch: 1
 epoch: 1 |loss: 5.5646913361549375 |cls: 1.9107199478521943 |Bi: 0.012391304833290633 |mse: 1.7420123121142388
time:  11.075
start training epoch: 2
 epoch: 2 |loss: 4.502768235206604 |cls: 1.3913180801086127 |Bi: 0.012517805831303122 |mse: 1.718880296498537
time:  11.254
start training epoch: 3
 epoch: 3 |loss: 3.814049402475357 |cls: 1.0545781998080201 |Bi: 0.012637888704193755 |mse: 1.703629194200039
time:  11.184
start training epoch: 4
 epoch: 4 |loss: 3.552453333735466 |cls: 0.938843611953198 |Bi: 0.01273788871592842 |mse: 1.6734923204779626
time:  11.316
start training epoch: 5
 epoch: 5 |loss: 3.112829587459564 |cls: 0.7293489486382169 |Bi: 0.01279523855424486 |mse: 1.6528521467745305
time:  11.255
start validating:
epoch: 5 Acc:0.2200 count: 50 pred_cnt: 11
start training epoch: 6
 epoch: 6 |loss: 2.8337834906578063 |cls: 0.5858929104130948 |Bi: 0.012885921757551842 |mse: 1.6607090590894222
time:  11.215
start training epoch: 7
 epoch: 7 |loss: 2.631660730242729 |cls: 0.4881750896984704 |Bi: 0.012929814112139866 |mse: 1.6540175953507423
time:  11.274
start training epoch: 8
 epoch: 8 |loss: 2.511332882642746 |cls: 0.432721948127612 |Bi: 0.012991097772610373 |mse: 1.6445898459851742
time:  11.0
start training epoch: 9
 epoch: 9 |loss: 2.4921840423345567 |cls: 0.43650877404123095 |Bi: 0.013080745809711516 |mse: 1.617858389019966
time:  11.344
start training epoch: 10
 epoch: 10 |loss: 2.306279255747795 |cls: 0.35694625277201736 |Bi: 0.013083644410944544 |mse: 1.5910783748328685
time:  11.322
start validating:
epoch: 10 Acc:0.2000 count: 50 pred_cnt: 10
start training epoch: 11
 epoch: 11 |loss: 2.013864208459854 |cls: 0.2209626107407206 |Bi: 0.013123395899892785 |mse: 1.5706266580522061
time:  11.291
start training epoch: 12
 epoch: 12 |loss: 2.1852883100509644 |cls: 0.316950424764417 |Bi: 0.013107868017395958 |mse: 1.5500766864418984
time:  11.32
start training epoch: 13
 epoch: 13 |loss: 1.8944769591093062 |cls: 0.17735424564847904 |Bi: 0.013177847273182124 |mse: 1.5384506763517856
time:  11.324
start training epoch: 14
 epoch: 14 |loss: 1.9017014342546463 |cls: 0.1902811999442116 |Bi: 0.013167909415788017 |mse: 1.519822243154049
time:  11.24
start training epoch: 15
 epoch: 15 |loss: 1.8202068534493447 |cls: 0.15274557821515253 |Bi: 0.013183644395612646 |mse: 1.5133973444998263
time:  11.199
start validating:
epoch: 15 Acc:0.2000 count: 50 pred_cnt: 10
start training epoch: 16
 epoch: 16 |loss: 1.767660174369812 |cls: 0.13449916156877748 |Bi: 0.013190476667368785 |mse: 1.4973427957296372
time:  11.352
start training epoch: 17
 epoch: 17 |loss: 1.7336814272403718 |cls: 0.12039358205563644 |Bi: 0.013177226167463231 |mse: 1.4915765431523322
time:  11.334
start training epoch: 18
 epoch: 18 |loss: 1.8915743589401246 |cls: 0.2031755021973094 |Bi: 0.013211594684398732 |mse: 1.4839021725952626
time:  11.316
start training epoch: 19
 epoch: 19 |loss: 1.7980347311496734 |cls: 0.1637106680665738 |Bi: 0.013214286255533806 |mse: 1.4692919743061066
time:  11.249
start training epoch: 20
 epoch: 20 |loss: 1.8935650795698167 |cls: 0.21613345793380623 |Bi: 0.013275155802839436 |mse: 1.4599706473946572
time:  11.116
start validating:
epoch: 20 Acc:0.2000 count: 50 pred_cnt: 10
start training epoch: 21
 epoch: 21 |loss: 1.9300655058026315 |cls: 0.2399281386794152 |Bi: 0.01332029037817847 |mse: 1.4488771934062243
time:  11.352
start training epoch: 22
 epoch: 22 |loss: 2.192727028131485 |cls: 0.3754119870674094 |Bi: 0.013316770709934644 |mse: 1.4405713750422
time:  11.205
start training epoch: 23
 epoch: 23 |loss: 1.882399812936783 |cls: 0.22633959852105526 |Bi: 0.013313872194848954 |mse: 1.428389248996973
time:  11.372
start training epoch: 24
 epoch: 24 |loss: 1.7265011554956435 |cls: 0.1534422124750562 |Bi: 0.01334596326458268 |mse: 1.4182821422815324
time:  11.226
start training epoch: 25
 epoch: 25 |loss: 1.7414086985588073 |cls: 0.16647352111451738 |Bi: 0.013338509764289484 |mse: 1.4071277937293052
time:  11.235
start validating:
epoch: 25 Acc:0.1800 count: 50 pred_cnt: 9
start training epoch: 26
 epoch: 26 |loss: 1.7222714364528655 |cls: 0.1626029833492413 |Bi: 0.01333209156175144 |mse: 1.3957322598993778
time:  11.316
start training epoch: 27
 epoch: 27 |loss: 1.7850894343852997 |cls: 0.20216813666645614 |Bi: 0.013370186815154738 |mse: 1.3794161255657673
time:  11.07
start training epoch: 28
 epoch: 28 |loss: 1.8398830312490464 |cls: 0.23715929157051924 |Bi: 0.01333209159784019 |mse: 1.3642312233150005
time:  11.273
start training epoch: 29
 epoch: 29 |loss: 2.498269650936127 |cls: 0.5705716115835293 |Bi: 0.013325673399376682 |mse: 1.3557938784360886
time:  11.349
start training epoch: 30
 epoch: 30 |loss: 1.9037012767791748 |cls: 0.28015765714049157 |Bi: 0.01334161547361873 |mse: 1.3420518016815186
time:  11.132
start validating:
epoch: 30 Acc:0.2600 count: 50 pred_cnt: 13
start training epoch: 31
 epoch: 31 |loss: 1.8905841171741486 |cls: 0.27884620174454483 |Bi: 0.013291925965459086 |mse: 1.3315625081956386
time:  11.295
start training epoch: 32
 epoch: 32 |loss: 2.3451820009946824 |cls: 0.5144387754063405 |Bi: 0.013237474621273577 |mse: 1.3149807070195676
time:  11.276
start training epoch: 33
 epoch: 33 |loss: 2.1309826695919036 |cls: 0.4133238388931039 |Bi: 0.013223809993942268 |mse: 1.303012612015009
time:  11.304
start training epoch: 34
 epoch: 34 |loss: 2.215433256626129 |cls: 0.46052505685453177 |Bi: 0.013159834874095395 |mse: 1.2930671702325345
time:  11.355
start training epoch: 35
