gpu_id:  0
num_workers:  2
T:  36
===train: 20samples ===
===test: 100samples ===
******New Binarization******
training dataset: NUCLA
alpha: 0.1 lam1: 2 lam2: 1
start training epoch: 0
**** c1 ****
idx  15
sparse min tensor(0., device='cuda:0')
sparse max tensor(0.5498, device='cuda:0')
sparse sort 1 sample tensor([0.0000e+00, 0.0000e+00, 0.0000e+00, 0.0000e+00, 0.0000e+00, 0.0000e+00,
        0.0000e+00, 0.0000e+00, 0.0000e+00, 0.0000e+00, 0.0000e+00, 0.0000e+00,
        0.0000e+00, 0.0000e+00, 0.0000e+00, 0.0000e+00, 0.0000e+00, 0.0000e+00,
        0.0000e+00, 0.0000e+00, 0.0000e+00, 0.0000e+00, 0.0000e+00, 0.0000e+00,
        0.0000e+00, 0.0000e+00, 0.0000e+00, 0.0000e+00, 0.0000e+00, 0.0000e+00,
        0.0000e+00, 0.0000e+00, 0.0000e+00, 0.0000e+00, 0.0000e+00, 0.0000e+00,
        0.0000e+00, 0.0000e+00, 0.0000e+00, 0.0000e+00, 0.0000e+00, 0.0000e+00,
        0.0000e+00, 0.0000e+00, 0.0000e+00, 0.0000e+00, 0.0000e+00, 0.0000e+00,
        0.0000e+00, 0.0000e+00, 0.0000e+00, 0.0000e+00, 0.0000e+00, 0.0000e+00,
        0.0000e+00, 0.0000e+00, 0.0000e+00, 0.0000e+00, 0.0000e+00, 0.0000e+00,
        0.0000e+00, 0.0000e+00, 0.0000e+00, 0.0000e+00, 0.0000e+00, 0.0000e+00,
        0.0000e+00, 0.0000e+00, 0.0000e+00, 0.0000e+00, 0.0000e+00, 0.0000e+00,
        0.0000e+00, 0.0000e+00, 0.0000e+00, 0.0000e+00, 0.0000e+00, 0.0000e+00,
        0.0000e+00, 0.0000e+00, 0.0000e+00, 0.0000e+00, 0.0000e+00, 0.0000e+00,
        0.0000e+00, 0.0000e+00, 0.0000e+00, 0.0000e+00, 0.0000e+00, 0.0000e+00,
        0.0000e+00, 0.0000e+00, 0.0000e+00, 0.0000e+00, 0.0000e+00, 0.0000e+00,
        0.0000e+00, 0.0000e+00, 0.0000e+00, 0.0000e+00, 0.0000e+00, 0.0000e+00,
        0.0000e+00, 0.0000e+00, 0.0000e+00, 0.0000e+00, 0.0000e+00, 0.0000e+00,
        0.0000e+00, 0.0000e+00, 0.0000e+00, 0.0000e+00, 0.0000e+00, 0.0000e+00,
        0.0000e+00, 0.0000e+00, 0.0000e+00, 0.0000e+00, 0.0000e+00, 0.0000e+00,
        0.0000e+00, 0.0000e+00, 0.0000e+00, 0.0000e+00, 0.0000e+00, 0.0000e+00,
        0.0000e+00, 0.0000e+00, 0.0000e+00, 0.0000e+00, 0.0000e+00, 0.0000e+00,
        0.0000e+00, 0.0000e+00, 0.0000e+00, 0.0000e+00, 0.0000e+00, 0.0000e+00,
        0.0000e+00, 0.0000e+00, 0.0000e+00, 0.0000e+00, 0.0000e+00, 1.4073e-04,
        4.2268e-04, 7.7812e-04, 1.0938e-03, 1.1550e-03, 1.2321e-03, 4.0775e-03,
        7.9590e-03, 8.8856e-03, 1.0916e-02, 1.3315e-02, 2.0286e-02, 2.7562e-02,
        9.1015e-02, 9.1709e-02, 9.2006e-02, 3.1032e-01, 5.4983e-01],
       device='cuda:0')
**** c2 ****
idx  13
sparse min tensor(0., device='cuda:0')
sparse max tensor(0.1284, device='cuda:0')
sparse sort 1 sample tensor([0.0000e+00, 0.0000e+00, 0.0000e+00, 0.0000e+00, 0.0000e+00, 0.0000e+00,
        0.0000e+00, 0.0000e+00, 0.0000e+00, 0.0000e+00, 0.0000e+00, 0.0000e+00,
        0.0000e+00, 0.0000e+00, 0.0000e+00, 0.0000e+00, 0.0000e+00, 0.0000e+00,
        0.0000e+00, 0.0000e+00, 0.0000e+00, 0.0000e+00, 0.0000e+00, 0.0000e+00,
        0.0000e+00, 0.0000e+00, 0.0000e+00, 0.0000e+00, 0.0000e+00, 0.0000e+00,
        0.0000e+00, 0.0000e+00, 0.0000e+00, 0.0000e+00, 0.0000e+00, 0.0000e+00,
        0.0000e+00, 0.0000e+00, 0.0000e+00, 0.0000e+00, 0.0000e+00, 0.0000e+00,
        0.0000e+00, 0.0000e+00, 0.0000e+00, 0.0000e+00, 0.0000e+00, 0.0000e+00,
        0.0000e+00, 0.0000e+00, 0.0000e+00, 0.0000e+00, 0.0000e+00, 0.0000e+00,
        0.0000e+00, 0.0000e+00, 0.0000e+00, 0.0000e+00, 0.0000e+00, 0.0000e+00,
        0.0000e+00, 0.0000e+00, 0.0000e+00, 0.0000e+00, 0.0000e+00, 0.0000e+00,
        0.0000e+00, 0.0000e+00, 0.0000e+00, 0.0000e+00, 0.0000e+00, 0.0000e+00,
        0.0000e+00, 0.0000e+00, 0.0000e+00, 0.0000e+00, 0.0000e+00, 0.0000e+00,
        0.0000e+00, 0.0000e+00, 0.0000e+00, 0.0000e+00, 0.0000e+00, 0.0000e+00,
        0.0000e+00, 0.0000e+00, 0.0000e+00, 0.0000e+00, 0.0000e+00, 0.0000e+00,
        0.0000e+00, 0.0000e+00, 0.0000e+00, 0.0000e+00, 0.0000e+00, 0.0000e+00,
        0.0000e+00, 0.0000e+00, 0.0000e+00, 0.0000e+00, 0.0000e+00, 0.0000e+00,
        0.0000e+00, 0.0000e+00, 0.0000e+00, 0.0000e+00, 0.0000e+00, 0.0000e+00,
        0.0000e+00, 0.0000e+00, 0.0000e+00, 0.0000e+00, 0.0000e+00, 0.0000e+00,
        0.0000e+00, 0.0000e+00, 0.0000e+00, 1.0356e-05, 5.2750e-05, 6.2636e-05,
        1.1417e-04, 3.3332e-04, 3.4925e-04, 4.5718e-04, 5.1312e-04, 8.4106e-04,
        9.0846e-04, 1.7872e-03, 2.6277e-03, 2.7586e-03, 3.2378e-03, 3.5664e-03,
        3.7328e-03, 4.7856e-03, 5.6946e-03, 5.9161e-03, 6.1407e-03, 6.7234e-03,
        6.7443e-03, 7.1567e-03, 7.2442e-03, 8.1639e-03, 9.1515e-03, 1.0489e-02,
        1.0614e-02, 1.2449e-02, 1.3512e-02, 1.3736e-02, 1.4579e-02, 1.7021e-02,
        1.7224e-02, 2.0283e-02, 2.1558e-02, 2.4002e-02, 2.7745e-02, 3.0325e-02,
        4.7294e-02, 5.3258e-02, 6.1678e-02, 7.9584e-02, 1.2840e-01],
       device='cuda:0')
 epoch: 0 |loss: 8.930874311923981 |cls: 3.2320755898952482 |Bi: 0.0 |mse: 2.466723072528839
time:  12.996
start training epoch: 1
**** c1 ****
idx  43
sparse min tensor(0., device='cuda:0')
sparse max tensor(0.1343, device='cuda:0')
sparse sort 1 sample tensor([0.0000, 0.0000, 0.0000, 0.0000, 0.0000, 0.0000, 0.0000, 0.0000, 0.0000,
        0.0000, 0.0000, 0.0000, 0.0000, 0.0000, 0.0000, 0.0000, 0.0000, 0.0000,
        0.0000, 0.0000, 0.0000, 0.0000, 0.0000, 0.0000, 0.0000, 0.0000, 0.0000,
        0.0000, 0.0000, 0.0000, 0.0000, 0.0000, 0.0000, 0.0000, 0.0000, 0.0000,
        0.0000, 0.0000, 0.0000, 0.0000, 0.0000, 0.0000, 0.0000, 0.0000, 0.0000,
        0.0000, 0.0000, 0.0000, 0.0000, 0.0000, 0.0000, 0.0000, 0.0000, 0.0000,
        0.0000, 0.0000, 0.0000, 0.0000, 0.0000, 0.0000, 0.0000, 0.0000, 0.0000,
        0.0000, 0.0000, 0.0000, 0.0000, 0.0000, 0.0000, 0.0000, 0.0000, 0.0000,
        0.0000, 0.0000, 0.0000, 0.0000, 0.0000, 0.0000, 0.0000, 0.0000, 0.0000,
        0.0000, 0.0000, 0.0000, 0.0000, 0.0000, 0.0000, 0.0000, 0.0000, 0.0000,
        0.0000, 0.0000, 0.0000, 0.0000, 0.0000, 0.0000, 0.0000, 0.0000, 0.0000,
        0.0000, 0.0000, 0.0000, 0.0000, 0.0000, 0.0000, 0.0000, 0.0000, 0.0000,
        0.0000, 0.0000, 0.0000, 0.0000, 0.0000, 0.0000, 0.0000, 0.0000, 0.0000,
        0.0000, 0.0000, 0.0000, 0.0000, 0.0000, 0.0000, 0.0000, 0.0000, 0.0000,
        0.0000, 0.0000, 0.0000, 0.0000, 0.0000, 0.0000, 0.0000, 0.0000, 0.0000,
        0.0000, 0.0000, 0.0000, 0.0000, 0.0000, 0.0002, 0.0002, 0.0002, 0.0003,
        0.0006, 0.0011, 0.0014, 0.0015, 0.0016, 0.0019, 0.0026, 0.0026, 0.0026,
        0.0041, 0.0057, 0.0087, 0.0095, 0.0202, 0.0234, 0.0498, 0.1343],
       device='cuda:0')
**** c2 ****
idx  37
sparse min tensor(0., device='cuda:0')
sparse max tensor(0.8122, device='cuda:0')
sparse sort 1 sample tensor([0.0000e+00, 0.0000e+00, 0.0000e+00, 0.0000e+00, 0.0000e+00, 0.0000e+00,
        0.0000e+00, 0.0000e+00, 0.0000e+00, 0.0000e+00, 0.0000e+00, 0.0000e+00,
        0.0000e+00, 0.0000e+00, 0.0000e+00, 0.0000e+00, 0.0000e+00, 0.0000e+00,
        0.0000e+00, 0.0000e+00, 0.0000e+00, 0.0000e+00, 0.0000e+00, 0.0000e+00,
        0.0000e+00, 0.0000e+00, 0.0000e+00, 0.0000e+00, 0.0000e+00, 0.0000e+00,
        0.0000e+00, 0.0000e+00, 0.0000e+00, 0.0000e+00, 0.0000e+00, 0.0000e+00,
        0.0000e+00, 0.0000e+00, 0.0000e+00, 0.0000e+00, 0.0000e+00, 0.0000e+00,
        0.0000e+00, 0.0000e+00, 0.0000e+00, 0.0000e+00, 0.0000e+00, 0.0000e+00,
        0.0000e+00, 0.0000e+00, 0.0000e+00, 0.0000e+00, 0.0000e+00, 0.0000e+00,
        0.0000e+00, 0.0000e+00, 0.0000e+00, 0.0000e+00, 0.0000e+00, 0.0000e+00,
        0.0000e+00, 0.0000e+00, 0.0000e+00, 0.0000e+00, 0.0000e+00, 0.0000e+00,
        0.0000e+00, 0.0000e+00, 0.0000e+00, 0.0000e+00, 0.0000e+00, 0.0000e+00,
        0.0000e+00, 0.0000e+00, 0.0000e+00, 0.0000e+00, 0.0000e+00, 0.0000e+00,
        0.0000e+00, 0.0000e+00, 0.0000e+00, 0.0000e+00, 0.0000e+00, 0.0000e+00,
        0.0000e+00, 0.0000e+00, 0.0000e+00, 0.0000e+00, 0.0000e+00, 0.0000e+00,
        0.0000e+00, 0.0000e+00, 0.0000e+00, 0.0000e+00, 0.0000e+00, 0.0000e+00,
        0.0000e+00, 0.0000e+00, 0.0000e+00, 0.0000e+00, 0.0000e+00, 0.0000e+00,
        0.0000e+00, 0.0000e+00, 0.0000e+00, 0.0000e+00, 0.0000e+00, 0.0000e+00,
        0.0000e+00, 0.0000e+00, 0.0000e+00, 0.0000e+00, 0.0000e+00, 0.0000e+00,
        0.0000e+00, 0.0000e+00, 0.0000e+00, 0.0000e+00, 0.0000e+00, 0.0000e+00,
        0.0000e+00, 0.0000e+00, 0.0000e+00, 0.0000e+00, 0.0000e+00, 0.0000e+00,
        0.0000e+00, 0.0000e+00, 0.0000e+00, 0.0000e+00, 0.0000e+00, 0.0000e+00,
        0.0000e+00, 0.0000e+00, 0.0000e+00, 0.0000e+00, 0.0000e+00, 0.0000e+00,
        0.0000e+00, 4.5048e-06, 1.5305e-04, 4.0441e-04, 1.0805e-03, 1.2464e-03,
        2.4584e-03, 2.7286e-03, 4.1956e-03, 4.3336e-03, 1.0439e-02, 1.6399e-02,
        1.6827e-02, 2.9914e-02, 4.6225e-02, 5.8901e-02, 8.8758e-02, 1.8987e-01,
        1.9711e-01, 2.4098e-01, 3.4754e-01, 4.3941e-01, 8.1224e-01],
       device='cuda:0')
 epoch: 1 |loss: 2.500465679168701 |cls: 0.012310971899296419 |Bi: 0.0 |mse: 2.47584373652935
time:  13.37
start training epoch: 2
**** c1 ****
idx  26
sparse min tensor(0., device='cuda:0')
sparse max tensor(0.6479, device='cuda:0')
sparse sort 1 sample tensor([0.0000e+00, 0.0000e+00, 0.0000e+00, 0.0000e+00, 0.0000e+00, 0.0000e+00,
        0.0000e+00, 0.0000e+00, 0.0000e+00, 0.0000e+00, 0.0000e+00, 0.0000e+00,
        0.0000e+00, 0.0000e+00, 0.0000e+00, 0.0000e+00, 0.0000e+00, 0.0000e+00,
        0.0000e+00, 0.0000e+00, 0.0000e+00, 0.0000e+00, 0.0000e+00, 0.0000e+00,
        0.0000e+00, 0.0000e+00, 0.0000e+00, 0.0000e+00, 0.0000e+00, 0.0000e+00,
        0.0000e+00, 0.0000e+00, 0.0000e+00, 0.0000e+00, 0.0000e+00, 0.0000e+00,
        0.0000e+00, 0.0000e+00, 0.0000e+00, 0.0000e+00, 0.0000e+00, 0.0000e+00,
        0.0000e+00, 0.0000e+00, 0.0000e+00, 0.0000e+00, 0.0000e+00, 0.0000e+00,
        0.0000e+00, 0.0000e+00, 0.0000e+00, 0.0000e+00, 0.0000e+00, 0.0000e+00,
        0.0000e+00, 0.0000e+00, 0.0000e+00, 0.0000e+00, 0.0000e+00, 0.0000e+00,
        0.0000e+00, 0.0000e+00, 0.0000e+00, 0.0000e+00, 0.0000e+00, 0.0000e+00,
        0.0000e+00, 0.0000e+00, 0.0000e+00, 0.0000e+00, 0.0000e+00, 0.0000e+00,
        0.0000e+00, 0.0000e+00, 0.0000e+00, 0.0000e+00, 0.0000e+00, 0.0000e+00,
        0.0000e+00, 0.0000e+00, 0.0000e+00, 0.0000e+00, 0.0000e+00, 0.0000e+00,
        0.0000e+00, 0.0000e+00, 0.0000e+00, 0.0000e+00, 0.0000e+00, 0.0000e+00,
        0.0000e+00, 0.0000e+00, 0.0000e+00, 0.0000e+00, 0.0000e+00, 0.0000e+00,
        0.0000e+00, 0.0000e+00, 0.0000e+00, 0.0000e+00, 0.0000e+00, 0.0000e+00,
        0.0000e+00, 0.0000e+00, 0.0000e+00, 0.0000e+00, 0.0000e+00, 0.0000e+00,
        0.0000e+00, 0.0000e+00, 0.0000e+00, 0.0000e+00, 0.0000e+00, 0.0000e+00,
        0.0000e+00, 0.0000e+00, 0.0000e+00, 0.0000e+00, 0.0000e+00, 0.0000e+00,
        0.0000e+00, 0.0000e+00, 0.0000e+00, 0.0000e+00, 0.0000e+00, 0.0000e+00,
        0.0000e+00, 0.0000e+00, 3.7579e-04, 8.8095e-04, 1.0264e-03, 1.0996e-03,
        1.4449e-03, 1.8692e-03, 2.1407e-03, 2.7314e-03, 2.8539e-03, 3.3523e-03,
        7.4912e-03, 7.9978e-03, 8.1129e-03, 1.0012e-02, 1.5582e-02, 1.8824e-02,
        1.9617e-02, 2.6623e-02, 3.0344e-02, 3.2908e-02, 4.7744e-02, 6.3964e-02,
        7.4197e-02, 9.4818e-02, 1.0961e-01, 1.2499e-01, 1.2917e-01, 1.3323e-01,
        1.5891e-01, 1.7098e-01, 2.5195e-01, 3.3088e-01, 6.4786e-01],
       device='cuda:0')
**** c2 ****
idx  37
sparse min tensor(0., device='cuda:0')
sparse max tensor(0.0465, device='cuda:0')
sparse sort 1 sample tensor([0.0000e+00, 0.0000e+00, 0.0000e+00, 0.0000e+00, 0.0000e+00, 0.0000e+00,
        0.0000e+00, 0.0000e+00, 0.0000e+00, 0.0000e+00, 0.0000e+00, 0.0000e+00,
        0.0000e+00, 0.0000e+00, 0.0000e+00, 0.0000e+00, 0.0000e+00, 0.0000e+00,
        0.0000e+00, 0.0000e+00, 0.0000e+00, 0.0000e+00, 0.0000e+00, 0.0000e+00,
        0.0000e+00, 0.0000e+00, 0.0000e+00, 0.0000e+00, 0.0000e+00, 0.0000e+00,
        0.0000e+00, 0.0000e+00, 0.0000e+00, 0.0000e+00, 0.0000e+00, 0.0000e+00,
        0.0000e+00, 0.0000e+00, 0.0000e+00, 0.0000e+00, 0.0000e+00, 0.0000e+00,
        0.0000e+00, 0.0000e+00, 0.0000e+00, 0.0000e+00, 0.0000e+00, 0.0000e+00,
        0.0000e+00, 0.0000e+00, 0.0000e+00, 0.0000e+00, 0.0000e+00, 0.0000e+00,
        0.0000e+00, 0.0000e+00, 0.0000e+00, 0.0000e+00, 0.0000e+00, 0.0000e+00,
        0.0000e+00, 0.0000e+00, 0.0000e+00, 0.0000e+00, 0.0000e+00, 0.0000e+00,
        0.0000e+00, 0.0000e+00, 0.0000e+00, 0.0000e+00, 0.0000e+00, 0.0000e+00,
        0.0000e+00, 0.0000e+00, 0.0000e+00, 0.0000e+00, 0.0000e+00, 0.0000e+00,
        0.0000e+00, 0.0000e+00, 0.0000e+00, 0.0000e+00, 0.0000e+00, 0.0000e+00,
        0.0000e+00, 0.0000e+00, 0.0000e+00, 0.0000e+00, 0.0000e+00, 0.0000e+00,
        0.0000e+00, 0.0000e+00, 0.0000e+00, 0.0000e+00, 0.0000e+00, 0.0000e+00,
        0.0000e+00, 0.0000e+00, 0.0000e+00, 0.0000e+00, 0.0000e+00, 0.0000e+00,
        0.0000e+00, 6.1857e-05, 6.3055e-05, 8.3622e-05, 1.2161e-04, 1.3691e-04,
        1.4867e-04, 2.5942e-04, 3.1407e-04, 8.4750e-04, 8.7859e-04, 9.0422e-04,
        1.9198e-03, 2.0104e-03, 2.2388e-03, 2.3566e-03, 2.8239e-03, 3.2010e-03,
        3.5707e-03, 4.0960e-03, 4.1371e-03, 4.1505e-03, 4.3155e-03, 4.5833e-03,
        4.6290e-03, 6.2263e-03, 6.3109e-03, 6.7173e-03, 6.7686e-03, 7.0860e-03,
        7.0969e-03, 7.6051e-03, 7.8019e-03, 9.2797e-03, 9.2972e-03, 9.5054e-03,
        1.0134e-02, 1.0938e-02, 1.2097e-02, 1.2490e-02, 1.3059e-02, 1.4312e-02,
        1.4543e-02, 1.5076e-02, 1.5519e-02, 1.7069e-02, 1.7596e-02, 1.8271e-02,
        1.8519e-02, 2.4940e-02, 2.4993e-02, 3.3650e-02, 3.4327e-02, 3.6532e-02,
        3.7322e-02, 4.3400e-02, 4.3483e-02, 4.5962e-02, 4.6463e-02],
       device='cuda:0')
 epoch: 2 |loss: 2.458974504470825 |cls: 6.2465548580803444e-06 |Bi: 0.0 |mse: 2.4589620262384413
time:  13.17
start training epoch: 3
**** c1 ****
idx  17
sparse min tensor(0., device='cuda:0')
sparse max tensor(0.1316, device='cuda:0')
sparse sort 1 sample tensor([0.0000, 0.0000, 0.0000, 0.0000, 0.0000, 0.0000, 0.0000, 0.0000, 0.0000,
        0.0000, 0.0000, 0.0000, 0.0000, 0.0000, 0.0000, 0.0000, 0.0000, 0.0000,
        0.0000, 0.0000, 0.0000, 0.0000, 0.0000, 0.0000, 0.0000, 0.0000, 0.0000,
        0.0000, 0.0000, 0.0000, 0.0000, 0.0000, 0.0000, 0.0000, 0.0000, 0.0000,
        0.0000, 0.0000, 0.0000, 0.0000, 0.0000, 0.0000, 0.0000, 0.0000, 0.0000,
        0.0000, 0.0000, 0.0000, 0.0000, 0.0000, 0.0000, 0.0000, 0.0000, 0.0000,
        0.0000, 0.0000, 0.0000, 0.0000, 0.0000, 0.0000, 0.0000, 0.0000, 0.0000,
        0.0000, 0.0000, 0.0000, 0.0000, 0.0000, 0.0000, 0.0000, 0.0000, 0.0000,
        0.0000, 0.0000, 0.0000, 0.0000, 0.0000, 0.0000, 0.0000, 0.0000, 0.0000,
        0.0000, 0.0000, 0.0000, 0.0000, 0.0000, 0.0000, 0.0000, 0.0000, 0.0000,
        0.0000, 0.0000, 0.0000, 0.0000, 0.0000, 0.0000, 0.0000, 0.0000, 0.0000,
        0.0000, 0.0000, 0.0000, 0.0000, 0.0000, 0.0000, 0.0000, 0.0000, 0.0000,
        0.0000, 0.0000, 0.0000, 0.0000, 0.0000, 0.0000, 0.0000, 0.0000, 0.0000,
        0.0000, 0.0000, 0.0000, 0.0000, 0.0000, 0.0000, 0.0000, 0.0000, 0.0000,
        0.0000, 0.0000, 0.0000, 0.0000, 0.0000, 0.0000, 0.0000, 0.0000, 0.0000,
        0.0000, 0.0000, 0.0000, 0.0000, 0.0000, 0.0005, 0.0012, 0.0015, 0.0025,
        0.0027, 0.0035, 0.0040, 0.0063, 0.0067, 0.0069, 0.0108, 0.0152, 0.0184,
        0.0562, 0.0638, 0.0789, 0.0811, 0.1065, 0.1093, 0.1150, 0.1316],
       device='cuda:0')
**** c2 ****
idx  28
sparse min tensor(0., device='cuda:0')
sparse max tensor(0.1512, device='cuda:0')
sparse sort 1 sample tensor([0.0000e+00, 0.0000e+00, 0.0000e+00, 0.0000e+00, 0.0000e+00, 0.0000e+00,
        0.0000e+00, 0.0000e+00, 0.0000e+00, 0.0000e+00, 0.0000e+00, 0.0000e+00,
        0.0000e+00, 0.0000e+00, 0.0000e+00, 0.0000e+00, 0.0000e+00, 0.0000e+00,
        0.0000e+00, 0.0000e+00, 0.0000e+00, 0.0000e+00, 0.0000e+00, 0.0000e+00,
        0.0000e+00, 0.0000e+00, 0.0000e+00, 0.0000e+00, 0.0000e+00, 0.0000e+00,
        0.0000e+00, 1.6545e-05, 5.1026e-05, 1.2739e-04, 2.4094e-04, 2.9382e-04,
        3.5507e-04, 5.6995e-04, 6.4024e-04, 7.6668e-04, 2.0283e-03, 2.1034e-03,
        2.6100e-03, 2.7916e-03, 3.3163e-03, 3.3566e-03, 4.0024e-03, 4.2075e-03,
        4.7967e-03, 4.8036e-03, 5.0920e-03, 5.1922e-03, 5.4999e-03, 5.5576e-03,
        5.7995e-03, 6.3842e-03, 6.4279e-03, 6.5515e-03, 7.0236e-03, 7.1068e-03,
        7.2392e-03, 9.3223e-03, 1.0470e-02, 1.0721e-02, 1.0950e-02, 1.1050e-02,
        1.1213e-02, 1.1722e-02, 1.2009e-02, 1.3119e-02, 1.3843e-02, 1.4054e-02,
        1.4202e-02, 1.4708e-02, 1.5557e-02, 1.5636e-02, 1.6642e-02, 1.6970e-02,
        1.7951e-02, 1.7985e-02, 1.8008e-02, 2.0080e-02, 2.0704e-02, 2.0907e-02,
        2.1290e-02, 2.2982e-02, 2.4433e-02, 2.4608e-02, 2.5185e-02, 2.5367e-02,
        2.5802e-02, 2.5927e-02, 2.6338e-02, 2.7385e-02, 2.7950e-02, 2.7987e-02,
        2.8608e-02, 2.9945e-02, 3.0349e-02, 3.0480e-02, 3.2745e-02, 3.3115e-02,
        3.4487e-02, 3.4537e-02, 3.8331e-02, 3.9487e-02, 4.0109e-02, 4.0335e-02,
        4.1478e-02, 4.1657e-02, 4.1732e-02, 4.3607e-02, 4.4075e-02, 4.7774e-02,
        4.8087e-02, 4.8409e-02, 4.8534e-02, 4.9104e-02, 5.0490e-02, 5.1780e-02,
        5.2127e-02, 5.2584e-02, 5.4373e-02, 5.5037e-02, 5.5415e-02, 5.7078e-02,
        5.7159e-02, 5.9152e-02, 6.0257e-02, 6.1031e-02, 6.2048e-02, 6.2128e-02,
        6.2403e-02, 6.2454e-02, 6.3523e-02, 6.4522e-02, 6.5322e-02, 7.3696e-02,
        7.3988e-02, 7.6848e-02, 8.0794e-02, 8.2571e-02, 8.2984e-02, 8.3973e-02,
        8.6139e-02, 8.7858e-02, 8.8573e-02, 8.9752e-02, 9.2885e-02, 9.4088e-02,
        9.6809e-02, 9.7035e-02, 9.7140e-02, 1.0885e-01, 1.1170e-01, 1.2437e-01,
        1.3382e-01, 1.3649e-01, 1.3915e-01, 1.4688e-01, 1.5117e-01],
       device='cuda:0')
 epoch: 3 |loss: 2.472924566268921 |cls: 2.920625445312908e-06 |Bi: 0.0 |mse: 2.4729187220335005
time:  13.11
start training epoch: 4
**** c1 ****
idx  31
sparse min tensor(0., device='cuda:0')
sparse max tensor(0.1577, device='cuda:0')
sparse sort 1 sample tensor([0.0000e+00, 0.0000e+00, 0.0000e+00, 0.0000e+00, 0.0000e+00, 0.0000e+00,
        0.0000e+00, 0.0000e+00, 0.0000e+00, 0.0000e+00, 0.0000e+00, 0.0000e+00,
        0.0000e+00, 0.0000e+00, 0.0000e+00, 0.0000e+00, 0.0000e+00, 0.0000e+00,
        0.0000e+00, 0.0000e+00, 0.0000e+00, 0.0000e+00, 0.0000e+00, 0.0000e+00,
        0.0000e+00, 0.0000e+00, 0.0000e+00, 0.0000e+00, 0.0000e+00, 0.0000e+00,
        0.0000e+00, 0.0000e+00, 0.0000e+00, 0.0000e+00, 0.0000e+00, 0.0000e+00,
        0.0000e+00, 0.0000e+00, 0.0000e+00, 0.0000e+00, 0.0000e+00, 0.0000e+00,
        0.0000e+00, 0.0000e+00, 0.0000e+00, 0.0000e+00, 0.0000e+00, 0.0000e+00,
        0.0000e+00, 0.0000e+00, 0.0000e+00, 0.0000e+00, 0.0000e+00, 0.0000e+00,
        0.0000e+00, 0.0000e+00, 0.0000e+00, 0.0000e+00, 0.0000e+00, 0.0000e+00,
        0.0000e+00, 0.0000e+00, 0.0000e+00, 0.0000e+00, 0.0000e+00, 0.0000e+00,
        0.0000e+00, 0.0000e+00, 0.0000e+00, 0.0000e+00, 0.0000e+00, 0.0000e+00,
        0.0000e+00, 0.0000e+00, 0.0000e+00, 0.0000e+00, 0.0000e+00, 0.0000e+00,
        0.0000e+00, 0.0000e+00, 0.0000e+00, 0.0000e+00, 0.0000e+00, 0.0000e+00,
        0.0000e+00, 0.0000e+00, 0.0000e+00, 0.0000e+00, 0.0000e+00, 0.0000e+00,
        0.0000e+00, 0.0000e+00, 0.0000e+00, 0.0000e+00, 0.0000e+00, 0.0000e+00,
        0.0000e+00, 0.0000e+00, 0.0000e+00, 0.0000e+00, 0.0000e+00, 0.0000e+00,
        0.0000e+00, 0.0000e+00, 0.0000e+00, 0.0000e+00, 4.7667e-06, 7.6603e-05,
        2.0253e-04, 3.7520e-04, 4.7621e-04, 5.2169e-04, 1.2269e-03, 1.3716e-03,
        1.7393e-03, 2.3421e-03, 2.5712e-03, 2.5884e-03, 3.9176e-03, 5.0859e-03,
        6.7451e-03, 7.5938e-03, 1.0492e-02, 1.1952e-02, 1.5053e-02, 1.5337e-02,
        1.5417e-02, 1.5877e-02, 1.6055e-02, 1.8621e-02, 2.0381e-02, 2.2566e-02,
        2.3229e-02, 2.4086e-02, 2.4814e-02, 2.8630e-02, 2.9658e-02, 3.2017e-02,
        3.2894e-02, 3.5026e-02, 3.9106e-02, 4.2215e-02, 4.3152e-02, 4.7719e-02,
        6.6123e-02, 6.7641e-02, 7.0532e-02, 7.5509e-02, 8.0512e-02, 8.2661e-02,
        8.5357e-02, 8.6378e-02, 9.3719e-02, 9.5558e-02, 9.7011e-02, 1.0223e-01,
        1.0468e-01, 1.0880e-01, 1.2513e-01, 1.4564e-01, 1.5768e-01],
       device='cuda:0')
**** c2 ****
idx  42
sparse min tensor(0., device='cuda:0')
sparse max tensor(0.5151, device='cuda:0')
sparse sort 1 sample tensor([0.0000e+00, 0.0000e+00, 0.0000e+00, 0.0000e+00, 0.0000e+00, 0.0000e+00,
        0.0000e+00, 0.0000e+00, 0.0000e+00, 0.0000e+00, 0.0000e+00, 0.0000e+00,
        0.0000e+00, 0.0000e+00, 0.0000e+00, 0.0000e+00, 0.0000e+00, 0.0000e+00,
        0.0000e+00, 0.0000e+00, 0.0000e+00, 0.0000e+00, 0.0000e+00, 0.0000e+00,
        0.0000e+00, 0.0000e+00, 0.0000e+00, 0.0000e+00, 0.0000e+00, 0.0000e+00,
        0.0000e+00, 0.0000e+00, 0.0000e+00, 0.0000e+00, 0.0000e+00, 0.0000e+00,
        0.0000e+00, 0.0000e+00, 2.6376e-06, 3.3662e-06, 7.3923e-05, 7.5543e-05,
        1.6892e-04, 2.0694e-04, 2.4944e-04, 5.8119e-04, 6.5642e-04, 8.3685e-04,
        1.0622e-03, 1.2085e-03, 1.2252e-03, 1.2330e-03, 1.6385e-03, 1.8025e-03,
        1.9779e-03, 2.0171e-03, 2.0366e-03, 2.0383e-03, 2.0451e-03, 2.2724e-03,
        2.4315e-03, 2.5513e-03, 2.6427e-03, 2.8177e-03, 2.8182e-03, 2.8460e-03,
        2.8857e-03, 2.9505e-03, 2.9538e-03, 3.2219e-03, 3.2445e-03, 3.3460e-03,
        3.4240e-03, 3.5105e-03, 3.5472e-03, 3.6248e-03, 3.7149e-03, 3.7434e-03,
        3.8326e-03, 3.8418e-03, 3.9424e-03, 3.9863e-03, 4.0542e-03, 4.1012e-03,
        4.1103e-03, 4.1885e-03, 4.2378e-03, 4.2455e-03, 4.2695e-03, 4.3103e-03,
        4.3555e-03, 4.3698e-03, 4.3810e-03, 4.4619e-03, 4.5219e-03, 4.5417e-03,
        4.5630e-03, 4.5675e-03, 4.6563e-03, 4.6879e-03, 4.6955e-03, 4.7478e-03,
        4.7737e-03, 5.0819e-03, 5.2940e-03, 5.3323e-03, 5.3434e-03, 5.6448e-03,
        5.7570e-03, 5.8789e-03, 6.2281e-03, 6.3593e-03, 6.9261e-03, 6.9991e-03,
        7.3919e-03, 7.8221e-03, 7.8763e-03, 8.1121e-03, 8.2939e-03, 8.3208e-03,
        8.4779e-03, 8.7664e-03, 9.1848e-03, 9.4726e-03, 9.5989e-03, 1.0489e-02,
        1.0817e-02, 1.1671e-02, 1.1785e-02, 1.2108e-02, 1.3035e-02, 1.3177e-02,
        1.3326e-02, 1.3506e-02, 1.3528e-02, 1.3693e-02, 1.4545e-02, 1.5626e-02,
        1.8830e-02, 2.0533e-02, 2.1121e-02, 2.3502e-02, 2.4134e-02, 2.5960e-02,
        2.7647e-02, 3.1849e-02, 3.1946e-02, 3.5381e-02, 4.0208e-02, 4.0488e-02,
        4.0966e-02, 5.3588e-02, 6.1508e-02, 6.4754e-02, 6.9238e-02, 8.6850e-02,
        8.8314e-02, 9.5444e-02, 1.4101e-01, 1.5230e-01, 5.1510e-01],
       device='cuda:0')
 epoch: 4 |loss: 2.4713323593139647 |cls: 2.622602551127784e-06 |Bi: 0.0 |mse: 2.4713271290063856
time:  13.02
start training epoch: 5
**** c1 ****
idx  41
sparse min tensor(0., device='cuda:0')
sparse max tensor(0.0302, device='cuda:0')
sparse sort 1 sample tensor([0.0000e+00, 0.0000e+00, 0.0000e+00, 0.0000e+00, 0.0000e+00, 0.0000e+00,
        0.0000e+00, 0.0000e+00, 0.0000e+00, 0.0000e+00, 0.0000e+00, 0.0000e+00,
        0.0000e+00, 0.0000e+00, 0.0000e+00, 0.0000e+00, 0.0000e+00, 0.0000e+00,
        0.0000e+00, 0.0000e+00, 0.0000e+00, 0.0000e+00, 0.0000e+00, 0.0000e+00,
        0.0000e+00, 0.0000e+00, 0.0000e+00, 0.0000e+00, 0.0000e+00, 0.0000e+00,
        0.0000e+00, 0.0000e+00, 0.0000e+00, 0.0000e+00, 0.0000e+00, 0.0000e+00,
        0.0000e+00, 0.0000e+00, 0.0000e+00, 0.0000e+00, 0.0000e+00, 0.0000e+00,
        0.0000e+00, 0.0000e+00, 0.0000e+00, 0.0000e+00, 0.0000e+00, 0.0000e+00,
        0.0000e+00, 0.0000e+00, 0.0000e+00, 0.0000e+00, 0.0000e+00, 0.0000e+00,
        0.0000e+00, 0.0000e+00, 0.0000e+00, 0.0000e+00, 0.0000e+00, 0.0000e+00,
        0.0000e+00, 0.0000e+00, 0.0000e+00, 0.0000e+00, 0.0000e+00, 0.0000e+00,
        0.0000e+00, 0.0000e+00, 0.0000e+00, 0.0000e+00, 0.0000e+00, 0.0000e+00,
        0.0000e+00, 0.0000e+00, 0.0000e+00, 0.0000e+00, 0.0000e+00, 0.0000e+00,
        0.0000e+00, 0.0000e+00, 0.0000e+00, 0.0000e+00, 0.0000e+00, 0.0000e+00,
        0.0000e+00, 0.0000e+00, 0.0000e+00, 0.0000e+00, 0.0000e+00, 0.0000e+00,
        0.0000e+00, 0.0000e+00, 0.0000e+00, 0.0000e+00, 0.0000e+00, 0.0000e+00,
        0.0000e+00, 0.0000e+00, 0.0000e+00, 0.0000e+00, 0.0000e+00, 0.0000e+00,
        0.0000e+00, 0.0000e+00, 0.0000e+00, 0.0000e+00, 0.0000e+00, 0.0000e+00,
        0.0000e+00, 0.0000e+00, 0.0000e+00, 0.0000e+00, 0.0000e+00, 0.0000e+00,
        0.0000e+00, 0.0000e+00, 0.0000e+00, 0.0000e+00, 0.0000e+00, 0.0000e+00,
        0.0000e+00, 0.0000e+00, 0.0000e+00, 0.0000e+00, 0.0000e+00, 0.0000e+00,
        0.0000e+00, 0.0000e+00, 0.0000e+00, 0.0000e+00, 0.0000e+00, 0.0000e+00,
        0.0000e+00, 0.0000e+00, 0.0000e+00, 0.0000e+00, 0.0000e+00, 0.0000e+00,
        0.0000e+00, 0.0000e+00, 0.0000e+00, 0.0000e+00, 0.0000e+00, 0.0000e+00,
        0.0000e+00, 0.0000e+00, 0.0000e+00, 0.0000e+00, 2.3104e-05, 5.0999e-05,
        7.5433e-05, 8.9722e-05, 9.1733e-05, 1.5367e-04, 5.0551e-04, 5.5732e-04,
        5.7351e-04, 1.6582e-03, 4.2136e-03, 6.3569e-03, 3.0205e-02],
       device='cuda:0')
**** c2 ****
idx  44
sparse min tensor(0., device='cuda:0')
sparse max tensor(0.0880, device='cuda:0')
sparse sort 1 sample tensor([0.0000e+00, 0.0000e+00, 0.0000e+00, 0.0000e+00, 0.0000e+00, 0.0000e+00,
        0.0000e+00, 0.0000e+00, 0.0000e+00, 0.0000e+00, 0.0000e+00, 0.0000e+00,
        0.0000e+00, 0.0000e+00, 0.0000e+00, 0.0000e+00, 0.0000e+00, 0.0000e+00,
        0.0000e+00, 0.0000e+00, 0.0000e+00, 0.0000e+00, 0.0000e+00, 0.0000e+00,
        0.0000e+00, 0.0000e+00, 0.0000e+00, 0.0000e+00, 0.0000e+00, 0.0000e+00,
        0.0000e+00, 0.0000e+00, 0.0000e+00, 0.0000e+00, 0.0000e+00, 0.0000e+00,
        0.0000e+00, 0.0000e+00, 0.0000e+00, 0.0000e+00, 0.0000e+00, 0.0000e+00,
        0.0000e+00, 0.0000e+00, 0.0000e+00, 0.0000e+00, 0.0000e+00, 0.0000e+00,
        0.0000e+00, 0.0000e+00, 0.0000e+00, 0.0000e+00, 0.0000e+00, 0.0000e+00,
        0.0000e+00, 0.0000e+00, 0.0000e+00, 0.0000e+00, 0.0000e+00, 0.0000e+00,
        0.0000e+00, 0.0000e+00, 0.0000e+00, 0.0000e+00, 0.0000e+00, 0.0000e+00,
        0.0000e+00, 0.0000e+00, 0.0000e+00, 0.0000e+00, 0.0000e+00, 0.0000e+00,
        0.0000e+00, 0.0000e+00, 0.0000e+00, 0.0000e+00, 0.0000e+00, 0.0000e+00,
        0.0000e+00, 0.0000e+00, 0.0000e+00, 0.0000e+00, 0.0000e+00, 0.0000e+00,
        0.0000e+00, 0.0000e+00, 0.0000e+00, 0.0000e+00, 0.0000e+00, 0.0000e+00,
        0.0000e+00, 0.0000e+00, 0.0000e+00, 0.0000e+00, 0.0000e+00, 0.0000e+00,
        0.0000e+00, 0.0000e+00, 0.0000e+00, 0.0000e+00, 0.0000e+00, 0.0000e+00,
        0.0000e+00, 0.0000e+00, 0.0000e+00, 0.0000e+00, 0.0000e+00, 0.0000e+00,
        0.0000e+00, 0.0000e+00, 0.0000e+00, 0.0000e+00, 0.0000e+00, 0.0000e+00,
        0.0000e+00, 0.0000e+00, 0.0000e+00, 0.0000e+00, 0.0000e+00, 0.0000e+00,
        0.0000e+00, 0.0000e+00, 0.0000e+00, 0.0000e+00, 0.0000e+00, 2.9731e-06,
        5.1267e-06, 1.7524e-05, 5.1409e-05, 8.0544e-05, 2.6552e-04, 2.6628e-04,
        2.8253e-04, 4.8282e-04, 5.0030e-04, 6.3205e-04, 7.7821e-04, 8.4218e-04,
        1.2949e-03, 1.6709e-03, 1.8876e-03, 1.9441e-03, 2.0520e-03, 2.1114e-03,
        2.1225e-03, 2.1551e-03, 2.2499e-03, 2.8624e-03, 3.2435e-03, 4.0733e-03,
        4.5802e-03, 4.8142e-03, 6.6504e-03, 8.6870e-03, 9.0596e-03, 1.0300e-02,
        1.2108e-02, 1.2553e-02, 2.0511e-02, 2.5380e-02, 8.7958e-02],
       device='cuda:0')
 epoch: 5 |loss: 2.4687972486019136 |cls: 2.622602551127784e-06 |Bi: 0.0 |mse: 2.4687920242547987
time:  13.142
start training epoch: 6
**** c1 ****
idx  22
sparse min tensor(0., device='cuda:0')
sparse max tensor(0.4463, device='cuda:0')
sparse sort 1 sample tensor([0.0000e+00, 0.0000e+00, 0.0000e+00, 0.0000e+00, 0.0000e+00, 0.0000e+00,
        0.0000e+00, 0.0000e+00, 0.0000e+00, 0.0000e+00, 0.0000e+00, 0.0000e+00,
        0.0000e+00, 0.0000e+00, 0.0000e+00, 0.0000e+00, 0.0000e+00, 0.0000e+00,
        0.0000e+00, 0.0000e+00, 0.0000e+00, 0.0000e+00, 0.0000e+00, 0.0000e+00,
        0.0000e+00, 0.0000e+00, 0.0000e+00, 0.0000e+00, 0.0000e+00, 0.0000e+00,
        0.0000e+00, 0.0000e+00, 0.0000e+00, 0.0000e+00, 0.0000e+00, 0.0000e+00,
        0.0000e+00, 0.0000e+00, 0.0000e+00, 0.0000e+00, 0.0000e+00, 0.0000e+00,
        0.0000e+00, 0.0000e+00, 0.0000e+00, 0.0000e+00, 0.0000e+00, 0.0000e+00,
        0.0000e+00, 0.0000e+00, 0.0000e+00, 0.0000e+00, 0.0000e+00, 0.0000e+00,
        0.0000e+00, 0.0000e+00, 0.0000e+00, 0.0000e+00, 0.0000e+00, 0.0000e+00,
        0.0000e+00, 0.0000e+00, 0.0000e+00, 0.0000e+00, 0.0000e+00, 0.0000e+00,
        0.0000e+00, 0.0000e+00, 0.0000e+00, 0.0000e+00, 0.0000e+00, 0.0000e+00,
        0.0000e+00, 0.0000e+00, 0.0000e+00, 0.0000e+00, 0.0000e+00, 0.0000e+00,
        0.0000e+00, 0.0000e+00, 0.0000e+00, 0.0000e+00, 0.0000e+00, 0.0000e+00,
        0.0000e+00, 0.0000e+00, 0.0000e+00, 0.0000e+00, 0.0000e+00, 0.0000e+00,
        0.0000e+00, 0.0000e+00, 0.0000e+00, 0.0000e+00, 0.0000e+00, 0.0000e+00,
        0.0000e+00, 0.0000e+00, 0.0000e+00, 0.0000e+00, 0.0000e+00, 0.0000e+00,
        0.0000e+00, 0.0000e+00, 0.0000e+00, 0.0000e+00, 0.0000e+00, 0.0000e+00,
        0.0000e+00, 0.0000e+00, 0.0000e+00, 0.0000e+00, 0.0000e+00, 0.0000e+00,
        0.0000e+00, 0.0000e+00, 0.0000e+00, 0.0000e+00, 0.0000e+00, 0.0000e+00,
        0.0000e+00, 0.0000e+00, 0.0000e+00, 0.0000e+00, 0.0000e+00, 0.0000e+00,
        0.0000e+00, 0.0000e+00, 0.0000e+00, 0.0000e+00, 0.0000e+00, 0.0000e+00,
        0.0000e+00, 1.0083e-04, 2.8869e-04, 4.4308e-04, 5.5041e-04, 8.7988e-04,
        1.7584e-03, 2.2598e-03, 2.4742e-03, 3.6048e-03, 3.6656e-03, 4.2738e-03,
        4.4310e-03, 6.8808e-03, 9.4302e-03, 1.0356e-02, 1.2763e-02, 1.6074e-02,
        2.0962e-02, 6.6576e-02, 9.5807e-02, 1.1100e-01, 1.1413e-01, 1.2181e-01,
        1.2415e-01, 1.3827e-01, 2.0356e-01, 2.2306e-01, 4.4634e-01],
       device='cuda:0')
**** c2 ****
idx  5
sparse min tensor(0., device='cuda:0')
sparse max tensor(0.1580, device='cuda:0')
sparse sort 1 sample tensor([0.0000e+00, 0.0000e+00, 0.0000e+00, 0.0000e+00, 0.0000e+00, 0.0000e+00,
        0.0000e+00, 0.0000e+00, 0.0000e+00, 0.0000e+00, 0.0000e+00, 0.0000e+00,
        0.0000e+00, 0.0000e+00, 0.0000e+00, 0.0000e+00, 0.0000e+00, 0.0000e+00,
        0.0000e+00, 0.0000e+00, 0.0000e+00, 0.0000e+00, 0.0000e+00, 0.0000e+00,
        0.0000e+00, 0.0000e+00, 0.0000e+00, 0.0000e+00, 0.0000e+00, 0.0000e+00,
        0.0000e+00, 0.0000e+00, 0.0000e+00, 0.0000e+00, 0.0000e+00, 0.0000e+00,
        0.0000e+00, 0.0000e+00, 0.0000e+00, 0.0000e+00, 0.0000e+00, 0.0000e+00,
        0.0000e+00, 0.0000e+00, 0.0000e+00, 0.0000e+00, 0.0000e+00, 0.0000e+00,
        0.0000e+00, 0.0000e+00, 0.0000e+00, 0.0000e+00, 0.0000e+00, 0.0000e+00,
        0.0000e+00, 0.0000e+00, 0.0000e+00, 0.0000e+00, 0.0000e+00, 0.0000e+00,
        0.0000e+00, 0.0000e+00, 0.0000e+00, 0.0000e+00, 0.0000e+00, 0.0000e+00,
        0.0000e+00, 0.0000e+00, 0.0000e+00, 0.0000e+00, 0.0000e+00, 0.0000e+00,
        0.0000e+00, 0.0000e+00, 0.0000e+00, 0.0000e+00, 0.0000e+00, 0.0000e+00,
        0.0000e+00, 0.0000e+00, 0.0000e+00, 0.0000e+00, 0.0000e+00, 0.0000e+00,
        0.0000e+00, 0.0000e+00, 0.0000e+00, 0.0000e+00, 0.0000e+00, 0.0000e+00,
        0.0000e+00, 0.0000e+00, 0.0000e+00, 0.0000e+00, 0.0000e+00, 0.0000e+00,
        0.0000e+00, 0.0000e+00, 0.0000e+00, 0.0000e+00, 0.0000e+00, 0.0000e+00,
        0.0000e+00, 0.0000e+00, 0.0000e+00, 0.0000e+00, 0.0000e+00, 0.0000e+00,
        0.0000e+00, 0.0000e+00, 0.0000e+00, 0.0000e+00, 0.0000e+00, 0.0000e+00,
        0.0000e+00, 0.0000e+00, 0.0000e+00, 0.0000e+00, 0.0000e+00, 0.0000e+00,
        0.0000e+00, 0.0000e+00, 0.0000e+00, 0.0000e+00, 1.0015e-04, 1.9427e-04,
        1.9668e-04, 2.2276e-04, 3.1524e-04, 3.2632e-04, 6.7868e-04, 7.5479e-04,
        8.9271e-04, 9.8485e-04, 1.1153e-03, 1.3470e-03, 1.5225e-03, 2.3824e-03,
        3.0397e-03, 7.2494e-03, 8.2329e-03, 9.0600e-03, 1.1315e-02, 1.8275e-02,
        1.8496e-02, 3.4064e-02, 4.0201e-02, 4.5320e-02, 4.8355e-02, 5.5341e-02,
        5.5420e-02, 5.6541e-02, 5.6652e-02, 6.1053e-02, 7.8163e-02, 7.9286e-02,
        8.0883e-02, 9.5465e-02, 1.0458e-01, 1.0886e-01, 1.5799e-01],
       device='cuda:0')
 epoch: 6 |loss: 2.4597571074962614 |cls: 2.622602551127784e-06 |Bi: 0.0 |mse: 2.459751844406128
time:  13.073
start training epoch: 7
**** c1 ****
idx  20
sparse min tensor(0., device='cuda:0')
sparse max tensor(0.6687, device='cuda:0')
sparse sort 1 sample tensor([0.0000e+00, 0.0000e+00, 0.0000e+00, 0.0000e+00, 0.0000e+00, 0.0000e+00,
        0.0000e+00, 0.0000e+00, 0.0000e+00, 0.0000e+00, 0.0000e+00, 0.0000e+00,
        0.0000e+00, 0.0000e+00, 0.0000e+00, 0.0000e+00, 0.0000e+00, 0.0000e+00,
        0.0000e+00, 0.0000e+00, 0.0000e+00, 0.0000e+00, 0.0000e+00, 0.0000e+00,
        0.0000e+00, 0.0000e+00, 0.0000e+00, 0.0000e+00, 0.0000e+00, 0.0000e+00,
        0.0000e+00, 0.0000e+00, 0.0000e+00, 0.0000e+00, 0.0000e+00, 0.0000e+00,
        0.0000e+00, 0.0000e+00, 0.0000e+00, 0.0000e+00, 0.0000e+00, 0.0000e+00,
        0.0000e+00, 0.0000e+00, 0.0000e+00, 0.0000e+00, 0.0000e+00, 0.0000e+00,
        0.0000e+00, 0.0000e+00, 0.0000e+00, 0.0000e+00, 0.0000e+00, 0.0000e+00,
        0.0000e+00, 0.0000e+00, 0.0000e+00, 0.0000e+00, 0.0000e+00, 0.0000e+00,
        0.0000e+00, 0.0000e+00, 0.0000e+00, 0.0000e+00, 0.0000e+00, 0.0000e+00,
        0.0000e+00, 0.0000e+00, 0.0000e+00, 0.0000e+00, 0.0000e+00, 0.0000e+00,
        0.0000e+00, 0.0000e+00, 0.0000e+00, 0.0000e+00, 0.0000e+00, 0.0000e+00,
        0.0000e+00, 0.0000e+00, 0.0000e+00, 0.0000e+00, 0.0000e+00, 0.0000e+00,
        0.0000e+00, 0.0000e+00, 0.0000e+00, 0.0000e+00, 0.0000e+00, 0.0000e+00,
        0.0000e+00, 0.0000e+00, 0.0000e+00, 0.0000e+00, 0.0000e+00, 0.0000e+00,
        0.0000e+00, 0.0000e+00, 0.0000e+00, 0.0000e+00, 0.0000e+00, 0.0000e+00,
        0.0000e+00, 0.0000e+00, 0.0000e+00, 0.0000e+00, 0.0000e+00, 0.0000e+00,
        0.0000e+00, 0.0000e+00, 0.0000e+00, 0.0000e+00, 0.0000e+00, 0.0000e+00,
        0.0000e+00, 0.0000e+00, 0.0000e+00, 0.0000e+00, 0.0000e+00, 0.0000e+00,
        0.0000e+00, 0.0000e+00, 0.0000e+00, 0.0000e+00, 0.0000e+00, 1.9870e-04,
        2.5394e-04, 2.6931e-04, 1.5398e-03, 1.9563e-03, 3.3123e-03, 5.8083e-03,
        7.3470e-03, 7.9438e-03, 8.8726e-03, 8.9296e-03, 9.0435e-03, 9.8253e-03,
        9.8816e-03, 1.3107e-02, 1.6348e-02, 1.9016e-02, 2.6563e-02, 4.2561e-02,
        5.3406e-02, 5.6964e-02, 5.7168e-02, 6.0309e-02, 6.2480e-02, 6.3816e-02,
        6.7585e-02, 7.5590e-02, 7.9282e-02, 9.5332e-02, 9.8422e-02, 1.2675e-01,
        1.5228e-01, 1.6061e-01, 2.2529e-01, 3.1831e-01, 6.6867e-01],
       device='cuda:0')
**** c2 ****
idx  39
sparse min tensor(0., device='cuda:0')
sparse max tensor(0.0684, device='cuda:0')
sparse sort 1 sample tensor([0.0000e+00, 0.0000e+00, 0.0000e+00, 0.0000e+00, 0.0000e+00, 0.0000e+00,
        0.0000e+00, 0.0000e+00, 0.0000e+00, 0.0000e+00, 0.0000e+00, 0.0000e+00,
        0.0000e+00, 0.0000e+00, 0.0000e+00, 0.0000e+00, 0.0000e+00, 0.0000e+00,
        0.0000e+00, 0.0000e+00, 0.0000e+00, 0.0000e+00, 0.0000e+00, 0.0000e+00,
        0.0000e+00, 0.0000e+00, 0.0000e+00, 0.0000e+00, 0.0000e+00, 0.0000e+00,
        0.0000e+00, 0.0000e+00, 0.0000e+00, 0.0000e+00, 0.0000e+00, 0.0000e+00,
        0.0000e+00, 0.0000e+00, 0.0000e+00, 0.0000e+00, 0.0000e+00, 0.0000e+00,
        0.0000e+00, 0.0000e+00, 0.0000e+00, 0.0000e+00, 0.0000e+00, 0.0000e+00,
        0.0000e+00, 0.0000e+00, 0.0000e+00, 0.0000e+00, 0.0000e+00, 0.0000e+00,
        0.0000e+00, 0.0000e+00, 0.0000e+00, 0.0000e+00, 0.0000e+00, 0.0000e+00,
        0.0000e+00, 0.0000e+00, 0.0000e+00, 0.0000e+00, 0.0000e+00, 0.0000e+00,
        0.0000e+00, 0.0000e+00, 0.0000e+00, 0.0000e+00, 0.0000e+00, 0.0000e+00,
        0.0000e+00, 0.0000e+00, 0.0000e+00, 0.0000e+00, 0.0000e+00, 0.0000e+00,
        0.0000e+00, 0.0000e+00, 0.0000e+00, 0.0000e+00, 0.0000e+00, 0.0000e+00,
        0.0000e+00, 0.0000e+00, 0.0000e+00, 0.0000e+00, 0.0000e+00, 0.0000e+00,
        0.0000e+00, 0.0000e+00, 0.0000e+00, 0.0000e+00, 0.0000e+00, 0.0000e+00,
        0.0000e+00, 0.0000e+00, 0.0000e+00, 0.0000e+00, 0.0000e+00, 0.0000e+00,
        0.0000e+00, 0.0000e+00, 0.0000e+00, 0.0000e+00, 0.0000e+00, 0.0000e+00,
        0.0000e+00, 0.0000e+00, 0.0000e+00, 0.0000e+00, 0.0000e+00, 0.0000e+00,
        0.0000e+00, 0.0000e+00, 0.0000e+00, 0.0000e+00, 0.0000e+00, 0.0000e+00,
        0.0000e+00, 0.0000e+00, 0.0000e+00, 0.0000e+00, 0.0000e+00, 0.0000e+00,
        0.0000e+00, 0.0000e+00, 0.0000e+00, 0.0000e+00, 0.0000e+00, 0.0000e+00,
        4.9779e-05, 1.4597e-04, 1.9700e-04, 2.8289e-04, 4.2151e-04, 4.8214e-04,
        5.0501e-04, 8.5764e-04, 1.0155e-03, 1.2411e-03, 1.4164e-03, 1.5644e-03,
        1.9805e-03, 2.0769e-03, 2.0891e-03, 2.8094e-03, 4.6780e-03, 4.8254e-03,
        5.2895e-03, 5.3669e-03, 5.7836e-03, 6.6830e-03, 6.6862e-03, 7.2187e-03,
        7.5050e-03, 1.4203e-02, 1.7328e-02, 1.8265e-02, 6.8447e-02],
       device='cuda:0')
 epoch: 7 |loss: 2.4641112208366396 |cls: 2.622602551127784e-06 |Bi: 0.0 |mse: 2.4641059815883635
time:  13.158
start training epoch: 8
**** c1 ****
idx  7
sparse min tensor(0., device='cuda:0')
sparse max tensor(0.2149, device='cuda:0')
sparse sort 1 sample tensor([0.0000e+00, 0.0000e+00, 0.0000e+00, 0.0000e+00, 0.0000e+00, 0.0000e+00,
        0.0000e+00, 0.0000e+00, 0.0000e+00, 0.0000e+00, 0.0000e+00, 0.0000e+00,
        0.0000e+00, 0.0000e+00, 0.0000e+00, 0.0000e+00, 0.0000e+00, 0.0000e+00,
        0.0000e+00, 0.0000e+00, 0.0000e+00, 0.0000e+00, 0.0000e+00, 0.0000e+00,
        0.0000e+00, 0.0000e+00, 0.0000e+00, 0.0000e+00, 0.0000e+00, 0.0000e+00,
        0.0000e+00, 0.0000e+00, 0.0000e+00, 0.0000e+00, 0.0000e+00, 0.0000e+00,
        0.0000e+00, 0.0000e+00, 0.0000e+00, 0.0000e+00, 0.0000e+00, 0.0000e+00,
        0.0000e+00, 0.0000e+00, 0.0000e+00, 0.0000e+00, 0.0000e+00, 0.0000e+00,
        0.0000e+00, 0.0000e+00, 0.0000e+00, 0.0000e+00, 0.0000e+00, 0.0000e+00,
        0.0000e+00, 0.0000e+00, 0.0000e+00, 0.0000e+00, 0.0000e+00, 0.0000e+00,
        0.0000e+00, 0.0000e+00, 0.0000e+00, 0.0000e+00, 0.0000e+00, 0.0000e+00,
        0.0000e+00, 0.0000e+00, 0.0000e+00, 0.0000e+00, 0.0000e+00, 0.0000e+00,
        0.0000e+00, 0.0000e+00, 0.0000e+00, 0.0000e+00, 0.0000e+00, 0.0000e+00,
        0.0000e+00, 0.0000e+00, 0.0000e+00, 0.0000e+00, 0.0000e+00, 0.0000e+00,
        0.0000e+00, 0.0000e+00, 0.0000e+00, 0.0000e+00, 0.0000e+00, 0.0000e+00,
        0.0000e+00, 0.0000e+00, 0.0000e+00, 0.0000e+00, 0.0000e+00, 0.0000e+00,
        0.0000e+00, 0.0000e+00, 0.0000e+00, 0.0000e+00, 0.0000e+00, 0.0000e+00,
        0.0000e+00, 0.0000e+00, 0.0000e+00, 0.0000e+00, 0.0000e+00, 0.0000e+00,
        0.0000e+00, 0.0000e+00, 0.0000e+00, 0.0000e+00, 0.0000e+00, 0.0000e+00,
        0.0000e+00, 0.0000e+00, 0.0000e+00, 0.0000e+00, 0.0000e+00, 0.0000e+00,
        0.0000e+00, 0.0000e+00, 2.8814e-07, 8.5819e-06, 1.4685e-04, 1.7721e-04,
        2.0517e-04, 2.3280e-04, 3.3071e-04, 3.7539e-04, 6.1729e-04, 7.3294e-04,
        8.5561e-04, 1.2322e-03, 1.2385e-03, 1.3509e-03, 1.3921e-03, 1.4014e-03,
        1.4267e-03, 1.8251e-03, 3.0553e-03, 3.3530e-03, 3.5911e-03, 7.5819e-03,
        1.1097e-02, 1.6522e-02, 1.6920e-02, 1.7071e-02, 1.8647e-02, 1.9054e-02,
        2.6072e-02, 2.7288e-02, 2.7688e-02, 2.8484e-02, 4.3636e-02, 4.6422e-02,
        5.4591e-02, 6.2024e-02, 7.3824e-02, 8.0516e-02, 2.1495e-01],
       device='cuda:0')
**** c2 ****
idx  31
sparse min tensor(0., device='cuda:0')
sparse max tensor(0.8574, device='cuda:0')
sparse sort 1 sample tensor([0.0000e+00, 0.0000e+00, 0.0000e+00, 0.0000e+00, 0.0000e+00, 0.0000e+00,
        0.0000e+00, 0.0000e+00, 0.0000e+00, 0.0000e+00, 0.0000e+00, 0.0000e+00,
        0.0000e+00, 0.0000e+00, 0.0000e+00, 0.0000e+00, 0.0000e+00, 0.0000e+00,
        0.0000e+00, 0.0000e+00, 0.0000e+00, 0.0000e+00, 0.0000e+00, 0.0000e+00,
        0.0000e+00, 0.0000e+00, 0.0000e+00, 0.0000e+00, 0.0000e+00, 0.0000e+00,
        0.0000e+00, 0.0000e+00, 0.0000e+00, 0.0000e+00, 0.0000e+00, 0.0000e+00,
        0.0000e+00, 0.0000e+00, 0.0000e+00, 0.0000e+00, 0.0000e+00, 0.0000e+00,
        0.0000e+00, 0.0000e+00, 0.0000e+00, 0.0000e+00, 0.0000e+00, 0.0000e+00,
        0.0000e+00, 0.0000e+00, 0.0000e+00, 0.0000e+00, 0.0000e+00, 0.0000e+00,
        0.0000e+00, 0.0000e+00, 0.0000e+00, 0.0000e+00, 0.0000e+00, 0.0000e+00,
        0.0000e+00, 0.0000e+00, 0.0000e+00, 0.0000e+00, 0.0000e+00, 0.0000e+00,
        0.0000e+00, 0.0000e+00, 0.0000e+00, 0.0000e+00, 0.0000e+00, 0.0000e+00,
        0.0000e+00, 0.0000e+00, 0.0000e+00, 0.0000e+00, 0.0000e+00, 0.0000e+00,
        0.0000e+00, 0.0000e+00, 0.0000e+00, 0.0000e+00, 0.0000e+00, 0.0000e+00,
        0.0000e+00, 0.0000e+00, 0.0000e+00, 0.0000e+00, 0.0000e+00, 0.0000e+00,
        0.0000e+00, 0.0000e+00, 0.0000e+00, 0.0000e+00, 0.0000e+00, 0.0000e+00,
        0.0000e+00, 0.0000e+00, 0.0000e+00, 0.0000e+00, 0.0000e+00, 0.0000e+00,
        0.0000e+00, 0.0000e+00, 0.0000e+00, 0.0000e+00, 0.0000e+00, 0.0000e+00,
        0.0000e+00, 0.0000e+00, 0.0000e+00, 0.0000e+00, 0.0000e+00, 0.0000e+00,
        0.0000e+00, 1.5934e-07, 3.4609e-06, 3.6661e-04, 5.0128e-04, 5.4135e-04,
        6.5671e-04, 7.1524e-04, 7.6996e-04, 7.7875e-04, 8.9274e-04, 9.2113e-04,
        9.5692e-04, 1.1322e-03, 1.7113e-03, 1.9787e-03, 3.5951e-03, 4.9958e-03,
        6.0575e-03, 8.8088e-03, 9.7440e-03, 1.2425e-02, 1.4639e-02, 1.4831e-02,
        1.5074e-02, 1.5456e-02, 1.5704e-02, 2.6493e-02, 2.8201e-02, 4.0246e-02,
        4.1231e-02, 6.5974e-02, 6.8858e-02, 8.3648e-02, 1.0483e-01, 1.0616e-01,
        1.2186e-01, 1.4066e-01, 1.4512e-01, 1.6323e-01, 1.9193e-01, 2.6419e-01,
        2.7529e-01, 2.8575e-01, 2.9691e-01, 3.8511e-01, 8.5738e-01],
       device='cuda:0')
 epoch: 8 |loss: 2.4720884382724764 |cls: 2.6464443863005727e-06 |Bi: 0.0 |mse: 2.4720831543207167
time:  13.194
start training epoch: 9
**** c1 ****
idx  37
sparse min tensor(0., device='cuda:0')
sparse max tensor(0.7060, device='cuda:0')
sparse sort 1 sample tensor([0.0000, 0.0000, 0.0000, 0.0000, 0.0000, 0.0000, 0.0000, 0.0000, 0.0000,
        0.0000, 0.0000, 0.0000, 0.0000, 0.0000, 0.0000, 0.0000, 0.0000, 0.0000,
        0.0000, 0.0000, 0.0000, 0.0000, 0.0000, 0.0000, 0.0000, 0.0000, 0.0000,
        0.0000, 0.0000, 0.0000, 0.0000, 0.0000, 0.0000, 0.0000, 0.0000, 0.0000,
        0.0000, 0.0000, 0.0000, 0.0000, 0.0000, 0.0000, 0.0000, 0.0000, 0.0000,
        0.0000, 0.0000, 0.0000, 0.0000, 0.0000, 0.0000, 0.0000, 0.0000, 0.0000,
        0.0000, 0.0000, 0.0000, 0.0000, 0.0000, 0.0000, 0.0000, 0.0000, 0.0000,
        0.0000, 0.0000, 0.0000, 0.0000, 0.0000, 0.0000, 0.0000, 0.0000, 0.0000,
        0.0000, 0.0000, 0.0000, 0.0000, 0.0000, 0.0000, 0.0000, 0.0000, 0.0000,
        0.0000, 0.0000, 0.0000, 0.0000, 0.0000, 0.0000, 0.0000, 0.0000, 0.0000,
        0.0000, 0.0000, 0.0000, 0.0000, 0.0000, 0.0000, 0.0000, 0.0000, 0.0000,
        0.0000, 0.0000, 0.0000, 0.0000, 0.0000, 0.0000, 0.0000, 0.0000, 0.0000,
        0.0000, 0.0000, 0.0000, 0.0000, 0.0000, 0.0000, 0.0000, 0.0000, 0.0000,
        0.0000, 0.0000, 0.0000, 0.0000, 0.0000, 0.0000, 0.0000, 0.0000, 0.0000,
        0.0000, 0.0000, 0.0000, 0.0000, 0.0000, 0.0000, 0.0000, 0.0000, 0.0000,
        0.0000, 0.0000, 0.0000, 0.0000, 0.0000, 0.0000, 0.0025, 0.0039, 0.0044,
        0.0055, 0.0065, 0.0082, 0.0158, 0.0171, 0.0281, 0.0378, 0.0634, 0.0697,
        0.0901, 0.1204, 0.1894, 0.2046, 0.2559, 0.3479, 0.4653, 0.7060],
       device='cuda:0')
**** c2 ****
idx  40
sparse min tensor(0., device='cuda:0')
sparse max tensor(0.1252, device='cuda:0')
sparse sort 1 sample tensor([0.0000e+00, 0.0000e+00, 0.0000e+00, 0.0000e+00, 0.0000e+00, 0.0000e+00,
        0.0000e+00, 0.0000e+00, 0.0000e+00, 0.0000e+00, 0.0000e+00, 0.0000e+00,
        0.0000e+00, 0.0000e+00, 0.0000e+00, 0.0000e+00, 0.0000e+00, 0.0000e+00,
        0.0000e+00, 0.0000e+00, 0.0000e+00, 0.0000e+00, 0.0000e+00, 0.0000e+00,
        0.0000e+00, 0.0000e+00, 0.0000e+00, 0.0000e+00, 0.0000e+00, 0.0000e+00,
        0.0000e+00, 0.0000e+00, 0.0000e+00, 0.0000e+00, 0.0000e+00, 0.0000e+00,
        0.0000e+00, 0.0000e+00, 0.0000e+00, 0.0000e+00, 0.0000e+00, 0.0000e+00,
        0.0000e+00, 0.0000e+00, 0.0000e+00, 0.0000e+00, 8.1634e-06, 1.7998e-04,
        3.8687e-04, 3.8725e-04, 7.4687e-04, 7.9787e-04, 1.7099e-03, 1.7220e-03,
        1.7470e-03, 1.8594e-03, 2.1393e-03, 2.2786e-03, 2.5663e-03, 2.7725e-03,
        3.1821e-03, 3.2034e-03, 3.2955e-03, 3.5005e-03, 3.5100e-03, 3.6396e-03,
        3.7989e-03, 4.7498e-03, 5.1385e-03, 5.5279e-03, 6.3618e-03, 6.5610e-03,
        6.6496e-03, 6.6606e-03, 6.6798e-03, 6.8978e-03, 7.1130e-03, 7.4905e-03,
        7.5050e-03, 7.6435e-03, 8.0134e-03, 8.0976e-03, 8.2391e-03, 8.3587e-03,
        8.8706e-03, 9.3816e-03, 9.4747e-03, 9.8613e-03, 1.0381e-02, 1.0480e-02,
        1.0892e-02, 1.0972e-02, 1.1411e-02, 1.2643e-02, 1.2670e-02, 1.3270e-02,
        1.4011e-02, 1.4289e-02, 1.5311e-02, 1.5843e-02, 1.6036e-02, 1.6626e-02,
        1.6977e-02, 1.7254e-02, 1.7738e-02, 1.8030e-02, 1.8351e-02, 1.8515e-02,
        1.9756e-02, 2.0455e-02, 2.1138e-02, 2.1235e-02, 2.1356e-02, 2.2717e-02,
        2.2812e-02, 2.2916e-02, 2.3365e-02, 2.3985e-02, 2.4703e-02, 2.5387e-02,
        2.7482e-02, 2.8534e-02, 2.9291e-02, 3.1210e-02, 3.1938e-02, 3.2503e-02,
        3.3010e-02, 3.3501e-02, 3.4166e-02, 3.5542e-02, 3.6255e-02, 3.7664e-02,
        3.9080e-02, 4.4280e-02, 4.5138e-02, 4.6737e-02, 5.0598e-02, 5.1886e-02,
        5.2327e-02, 5.2956e-02, 5.3309e-02, 5.3561e-02, 5.6061e-02, 5.9119e-02,
        5.9416e-02, 5.9837e-02, 6.0035e-02, 6.0399e-02, 6.0825e-02, 6.1665e-02,
        6.2721e-02, 6.2821e-02, 6.7412e-02, 7.4317e-02, 8.6555e-02, 8.7869e-02,
        9.1560e-02, 9.4499e-02, 1.0381e-01, 1.0825e-01, 1.2524e-01],
       device='cuda:0')
 epoch: 9 |loss: 2.46876083612442 |cls: 2.861020902855671e-06 |Bi: 0.0 |mse: 2.4687550961971283
time:  13.135
start training epoch: 10
**** c1 ****
idx  21
sparse min tensor(0., device='cuda:0')
sparse max tensor(0.0159, device='cuda:0')
sparse sort 1 sample tensor([0.0000e+00, 0.0000e+00, 0.0000e+00, 0.0000e+00, 0.0000e+00, 0.0000e+00,
        0.0000e+00, 0.0000e+00, 0.0000e+00, 0.0000e+00, 0.0000e+00, 0.0000e+00,
        0.0000e+00, 0.0000e+00, 0.0000e+00, 0.0000e+00, 0.0000e+00, 0.0000e+00,
        0.0000e+00, 0.0000e+00, 0.0000e+00, 0.0000e+00, 0.0000e+00, 0.0000e+00,
        0.0000e+00, 0.0000e+00, 0.0000e+00, 0.0000e+00, 0.0000e+00, 0.0000e+00,
        0.0000e+00, 0.0000e+00, 0.0000e+00, 0.0000e+00, 0.0000e+00, 0.0000e+00,
        0.0000e+00, 0.0000e+00, 0.0000e+00, 0.0000e+00, 0.0000e+00, 0.0000e+00,
        0.0000e+00, 0.0000e+00, 0.0000e+00, 0.0000e+00, 0.0000e+00, 0.0000e+00,
        0.0000e+00, 0.0000e+00, 0.0000e+00, 0.0000e+00, 0.0000e+00, 0.0000e+00,
        0.0000e+00, 0.0000e+00, 0.0000e+00, 0.0000e+00, 0.0000e+00, 0.0000e+00,
        0.0000e+00, 0.0000e+00, 0.0000e+00, 0.0000e+00, 0.0000e+00, 0.0000e+00,
        0.0000e+00, 0.0000e+00, 0.0000e+00, 0.0000e+00, 0.0000e+00, 0.0000e+00,
        0.0000e+00, 0.0000e+00, 0.0000e+00, 0.0000e+00, 0.0000e+00, 0.0000e+00,
        0.0000e+00, 0.0000e+00, 0.0000e+00, 0.0000e+00, 0.0000e+00, 0.0000e+00,
        0.0000e+00, 0.0000e+00, 0.0000e+00, 0.0000e+00, 0.0000e+00, 0.0000e+00,
        0.0000e+00, 0.0000e+00, 0.0000e+00, 0.0000e+00, 0.0000e+00, 0.0000e+00,
        0.0000e+00, 0.0000e+00, 0.0000e+00, 0.0000e+00, 0.0000e+00, 0.0000e+00,
        0.0000e+00, 0.0000e+00, 0.0000e+00, 0.0000e+00, 0.0000e+00, 0.0000e+00,
        0.0000e+00, 0.0000e+00, 0.0000e+00, 0.0000e+00, 0.0000e+00, 0.0000e+00,
        0.0000e+00, 0.0000e+00, 0.0000e+00, 0.0000e+00, 0.0000e+00, 0.0000e+00,
        0.0000e+00, 0.0000e+00, 0.0000e+00, 0.0000e+00, 0.0000e+00, 0.0000e+00,
        0.0000e+00, 0.0000e+00, 0.0000e+00, 0.0000e+00, 0.0000e+00, 0.0000e+00,
        0.0000e+00, 0.0000e+00, 0.0000e+00, 0.0000e+00, 0.0000e+00, 0.0000e+00,
        0.0000e+00, 0.0000e+00, 0.0000e+00, 0.0000e+00, 0.0000e+00, 0.0000e+00,
        0.0000e+00, 8.7479e-05, 1.4590e-04, 1.5642e-04, 2.1066e-04, 2.8991e-04,
        3.0480e-04, 4.1379e-04, 4.7460e-04, 5.1282e-04, 7.3901e-04, 8.9961e-04,
        1.0773e-03, 1.9353e-03, 2.0457e-03, 2.8602e-03, 1.5863e-02],
       device='cuda:0')
**** c2 ****
idx  12
sparse min tensor(0., device='cuda:0')
sparse max tensor(0.2162, device='cuda:0')
sparse sort 1 sample tensor([0.0000e+00, 0.0000e+00, 0.0000e+00, 0.0000e+00, 0.0000e+00, 0.0000e+00,
        0.0000e+00, 0.0000e+00, 0.0000e+00, 0.0000e+00, 0.0000e+00, 0.0000e+00,
        0.0000e+00, 0.0000e+00, 0.0000e+00, 0.0000e+00, 0.0000e+00, 0.0000e+00,
        0.0000e+00, 0.0000e+00, 0.0000e+00, 0.0000e+00, 0.0000e+00, 0.0000e+00,
        0.0000e+00, 0.0000e+00, 0.0000e+00, 0.0000e+00, 0.0000e+00, 0.0000e+00,
        0.0000e+00, 0.0000e+00, 0.0000e+00, 0.0000e+00, 0.0000e+00, 0.0000e+00,
        0.0000e+00, 0.0000e+00, 0.0000e+00, 0.0000e+00, 0.0000e+00, 0.0000e+00,
        0.0000e+00, 0.0000e+00, 0.0000e+00, 0.0000e+00, 0.0000e+00, 0.0000e+00,
        0.0000e+00, 0.0000e+00, 0.0000e+00, 0.0000e+00, 0.0000e+00, 0.0000e+00,
        0.0000e+00, 0.0000e+00, 0.0000e+00, 0.0000e+00, 0.0000e+00, 0.0000e+00,
        0.0000e+00, 0.0000e+00, 0.0000e+00, 0.0000e+00, 0.0000e+00, 0.0000e+00,
        0.0000e+00, 0.0000e+00, 0.0000e+00, 0.0000e+00, 0.0000e+00, 0.0000e+00,
        0.0000e+00, 0.0000e+00, 0.0000e+00, 0.0000e+00, 0.0000e+00, 0.0000e+00,
        0.0000e+00, 0.0000e+00, 0.0000e+00, 0.0000e+00, 0.0000e+00, 0.0000e+00,
        0.0000e+00, 0.0000e+00, 0.0000e+00, 0.0000e+00, 0.0000e+00, 0.0000e+00,
        0.0000e+00, 0.0000e+00, 0.0000e+00, 0.0000e+00, 0.0000e+00, 0.0000e+00,
        0.0000e+00, 0.0000e+00, 0.0000e+00, 0.0000e+00, 0.0000e+00, 3.0253e-08,
        3.8438e-06, 1.6329e-05, 4.2901e-05, 7.8561e-05, 1.4571e-04, 1.5077e-04,
        1.7553e-04, 2.2402e-04, 2.3678e-04, 1.1306e-03, 1.3125e-03, 2.3988e-03,
        3.6110e-03, 3.7102e-03, 3.9420e-03, 3.9499e-03, 3.9846e-03, 4.3433e-03,
        4.3995e-03, 4.7259e-03, 5.7757e-03, 6.3193e-03, 6.3291e-03, 6.4633e-03,
        7.6235e-03, 8.1314e-03, 8.5190e-03, 8.6327e-03, 9.2897e-03, 9.5770e-03,
        1.0313e-02, 1.0413e-02, 1.1237e-02, 1.1391e-02, 1.1497e-02, 1.1620e-02,
        1.1919e-02, 1.2805e-02, 1.3017e-02, 1.3785e-02, 1.3964e-02, 1.4102e-02,
        1.6920e-02, 2.0655e-02, 2.1321e-02, 2.2412e-02, 2.2608e-02, 2.3367e-02,
        2.4460e-02, 2.4494e-02, 2.5840e-02, 2.9612e-02, 3.3949e-02, 5.0185e-02,
        5.9437e-02, 6.3196e-02, 6.5252e-02, 8.3492e-02, 2.1624e-01],
       device='cuda:0')
 epoch: 10 |loss: 2.4634564936161043 |cls: 2.861020902855671e-06 |Bi: 0.0 |mse: 2.463450774550438
time:  13.055
start training epoch: 11
**** c1 ****
idx  15
sparse min tensor(0., device='cuda:0')
sparse max tensor(0.5785, device='cuda:0')
sparse sort 1 sample tensor([0.0000, 0.0000, 0.0000, 0.0000, 0.0000, 0.0000, 0.0000, 0.0000, 0.0000,
        0.0000, 0.0000, 0.0000, 0.0000, 0.0000, 0.0000, 0.0000, 0.0000, 0.0000,
        0.0000, 0.0000, 0.0000, 0.0000, 0.0000, 0.0000, 0.0000, 0.0000, 0.0000,
        0.0000, 0.0000, 0.0000, 0.0000, 0.0000, 0.0000, 0.0000, 0.0000, 0.0000,
        0.0000, 0.0000, 0.0000, 0.0000, 0.0000, 0.0000, 0.0000, 0.0000, 0.0000,
        0.0000, 0.0000, 0.0000, 0.0000, 0.0000, 0.0000, 0.0000, 0.0000, 0.0000,
        0.0000, 0.0000, 0.0000, 0.0000, 0.0000, 0.0000, 0.0000, 0.0000, 0.0000,
        0.0000, 0.0000, 0.0000, 0.0000, 0.0000, 0.0000, 0.0000, 0.0000, 0.0000,
        0.0000, 0.0000, 0.0000, 0.0000, 0.0000, 0.0000, 0.0000, 0.0000, 0.0000,
        0.0000, 0.0000, 0.0000, 0.0000, 0.0000, 0.0000, 0.0000, 0.0000, 0.0000,
        0.0000, 0.0000, 0.0000, 0.0000, 0.0000, 0.0000, 0.0000, 0.0000, 0.0000,
        0.0000, 0.0000, 0.0000, 0.0000, 0.0000, 0.0000, 0.0000, 0.0000, 0.0000,
        0.0000, 0.0000, 0.0000, 0.0000, 0.0000, 0.0000, 0.0000, 0.0000, 0.0000,
        0.0000, 0.0000, 0.0000, 0.0000, 0.0000, 0.0000, 0.0000, 0.0000, 0.0000,
        0.0000, 0.0000, 0.0000, 0.0000, 0.0000, 0.0000, 0.0000, 0.0000, 0.0000,
        0.0000, 0.0000, 0.0000, 0.0000, 0.0000, 0.0000, 0.0000, 0.0000, 0.0000,
        0.0000, 0.0012, 0.0044, 0.0044, 0.0071, 0.0083, 0.0099, 0.0153, 0.0274,
        0.0295, 0.0416, 0.0493, 0.0615, 0.1878, 0.2377, 0.2986, 0.5785],
       device='cuda:0')
**** c2 ****
idx  1
sparse min tensor(0., device='cuda:0')
sparse max tensor(0.2212, device='cuda:0')
sparse sort 1 sample tensor([0.0000e+00, 0.0000e+00, 0.0000e+00, 0.0000e+00, 0.0000e+00, 0.0000e+00,
        0.0000e+00, 0.0000e+00, 0.0000e+00, 0.0000e+00, 0.0000e+00, 0.0000e+00,
        0.0000e+00, 0.0000e+00, 0.0000e+00, 0.0000e+00, 0.0000e+00, 0.0000e+00,
        0.0000e+00, 0.0000e+00, 0.0000e+00, 0.0000e+00, 0.0000e+00, 0.0000e+00,
        0.0000e+00, 0.0000e+00, 0.0000e+00, 0.0000e+00, 0.0000e+00, 0.0000e+00,
        0.0000e+00, 0.0000e+00, 0.0000e+00, 0.0000e+00, 0.0000e+00, 0.0000e+00,
        0.0000e+00, 0.0000e+00, 0.0000e+00, 0.0000e+00, 0.0000e+00, 0.0000e+00,
        5.1182e-05, 5.3254e-05, 1.0459e-04, 1.4459e-04, 1.5188e-04, 1.9419e-04,
        2.0195e-04, 2.4737e-04, 3.9757e-04, 5.9939e-04, 8.1210e-04, 9.6530e-04,
        9.7325e-04, 9.8530e-04, 1.0024e-03, 1.3826e-03, 1.4515e-03, 1.5616e-03,
        2.0868e-03, 2.1130e-03, 2.6783e-03, 2.8534e-03, 3.4569e-03, 3.9019e-03,
        3.9644e-03, 4.0528e-03, 4.1281e-03, 4.1405e-03, 4.3691e-03, 4.6366e-03,
        4.7400e-03, 5.0137e-03, 5.0149e-03, 5.1030e-03, 5.7067e-03, 5.9776e-03,
        6.1143e-03, 6.1493e-03, 6.6276e-03, 6.7232e-03, 7.2868e-03, 7.5301e-03,
        7.6081e-03, 7.9744e-03, 8.0910e-03, 9.0149e-03, 9.0589e-03, 9.1009e-03,
        9.2138e-03, 9.6351e-03, 9.8123e-03, 1.0032e-02, 1.0149e-02, 1.0693e-02,
        1.1169e-02, 1.1681e-02, 1.1839e-02, 1.2105e-02, 1.2663e-02, 1.3516e-02,
        1.3907e-02, 1.4118e-02, 1.4539e-02, 1.4582e-02, 1.4977e-02, 1.5215e-02,
        1.5244e-02, 1.6492e-02, 1.7602e-02, 1.7676e-02, 2.0132e-02, 2.0318e-02,
        2.1649e-02, 2.2749e-02, 2.3153e-02, 2.3483e-02, 2.3927e-02, 2.4078e-02,
        2.4845e-02, 2.5626e-02, 2.6821e-02, 2.8919e-02, 3.0105e-02, 3.2516e-02,
        3.4036e-02, 3.5015e-02, 3.7858e-02, 4.2099e-02, 4.2830e-02, 4.3899e-02,
        4.4057e-02, 4.4770e-02, 4.5543e-02, 4.6852e-02, 4.8809e-02, 5.0482e-02,
        5.1415e-02, 6.1282e-02, 6.8363e-02, 6.8697e-02, 6.9093e-02, 7.1863e-02,
        7.1958e-02, 7.3674e-02, 9.2222e-02, 9.3952e-02, 9.5568e-02, 9.7081e-02,
        9.8073e-02, 1.0019e-01, 1.0152e-01, 1.0157e-01, 1.0246e-01, 1.0851e-01,
        1.2048e-01, 1.2290e-01, 1.3225e-01, 1.7237e-01, 2.2121e-01],
       device='cuda:0')
 epoch: 11 |loss: 2.4676969408988954 |cls: 2.861020902855671e-06 |Bi: 0.0 |mse: 2.467691218852997
time:  13.07
start training epoch: 12
**** c1 ****
idx  46
sparse min tensor(0., device='cuda:0')
sparse max tensor(0.3819, device='cuda:0')
sparse sort 1 sample tensor([0.0000e+00, 0.0000e+00, 0.0000e+00, 0.0000e+00, 0.0000e+00, 0.0000e+00,
        0.0000e+00, 0.0000e+00, 0.0000e+00, 0.0000e+00, 0.0000e+00, 0.0000e+00,
        0.0000e+00, 0.0000e+00, 0.0000e+00, 0.0000e+00, 0.0000e+00, 0.0000e+00,
        0.0000e+00, 0.0000e+00, 0.0000e+00, 0.0000e+00, 0.0000e+00, 0.0000e+00,
        0.0000e+00, 0.0000e+00, 0.0000e+00, 0.0000e+00, 0.0000e+00, 0.0000e+00,
        0.0000e+00, 0.0000e+00, 0.0000e+00, 0.0000e+00, 0.0000e+00, 0.0000e+00,
        0.0000e+00, 0.0000e+00, 0.0000e+00, 0.0000e+00, 0.0000e+00, 0.0000e+00,
        0.0000e+00, 0.0000e+00, 0.0000e+00, 0.0000e+00, 0.0000e+00, 0.0000e+00,
        0.0000e+00, 0.0000e+00, 0.0000e+00, 0.0000e+00, 0.0000e+00, 0.0000e+00,
        0.0000e+00, 0.0000e+00, 0.0000e+00, 0.0000e+00, 0.0000e+00, 0.0000e+00,
        0.0000e+00, 0.0000e+00, 0.0000e+00, 0.0000e+00, 0.0000e+00, 0.0000e+00,
        0.0000e+00, 0.0000e+00, 0.0000e+00, 0.0000e+00, 0.0000e+00, 0.0000e+00,
        0.0000e+00, 0.0000e+00, 0.0000e+00, 0.0000e+00, 0.0000e+00, 0.0000e+00,
        0.0000e+00, 0.0000e+00, 0.0000e+00, 0.0000e+00, 0.0000e+00, 0.0000e+00,
        0.0000e+00, 0.0000e+00, 0.0000e+00, 0.0000e+00, 0.0000e+00, 0.0000e+00,
        0.0000e+00, 0.0000e+00, 0.0000e+00, 0.0000e+00, 0.0000e+00, 0.0000e+00,
        0.0000e+00, 0.0000e+00, 0.0000e+00, 0.0000e+00, 0.0000e+00, 0.0000e+00,
        0.0000e+00, 0.0000e+00, 0.0000e+00, 0.0000e+00, 0.0000e+00, 0.0000e+00,
        0.0000e+00, 0.0000e+00, 0.0000e+00, 0.0000e+00, 0.0000e+00, 0.0000e+00,
        0.0000e+00, 0.0000e+00, 0.0000e+00, 0.0000e+00, 0.0000e+00, 0.0000e+00,
        0.0000e+00, 0.0000e+00, 0.0000e+00, 0.0000e+00, 0.0000e+00, 0.0000e+00,
        0.0000e+00, 0.0000e+00, 0.0000e+00, 0.0000e+00, 0.0000e+00, 0.0000e+00,
        0.0000e+00, 0.0000e+00, 0.0000e+00, 0.0000e+00, 0.0000e+00, 0.0000e+00,
        0.0000e+00, 0.0000e+00, 0.0000e+00, 0.0000e+00, 0.0000e+00, 0.0000e+00,
        0.0000e+00, 0.0000e+00, 0.0000e+00, 0.0000e+00, 6.9245e-05, 1.8756e-04,
        1.0817e-03, 2.5587e-03, 7.0156e-03, 8.0204e-03, 4.0330e-02, 7.1824e-02,
        9.5000e-02, 1.0110e-01, 1.9035e-01, 2.1590e-01, 3.8186e-01],
       device='cuda:0')
**** c2 ****
idx  17
sparse min tensor(0., device='cuda:0')
sparse max tensor(0.2051, device='cuda:0')
sparse sort 1 sample tensor([0.0000e+00, 0.0000e+00, 0.0000e+00, 0.0000e+00, 0.0000e+00, 0.0000e+00,
        0.0000e+00, 0.0000e+00, 0.0000e+00, 0.0000e+00, 0.0000e+00, 0.0000e+00,
        0.0000e+00, 0.0000e+00, 0.0000e+00, 0.0000e+00, 0.0000e+00, 0.0000e+00,
        0.0000e+00, 0.0000e+00, 0.0000e+00, 0.0000e+00, 0.0000e+00, 0.0000e+00,
        0.0000e+00, 0.0000e+00, 0.0000e+00, 0.0000e+00, 0.0000e+00, 0.0000e+00,
        0.0000e+00, 0.0000e+00, 0.0000e+00, 0.0000e+00, 0.0000e+00, 0.0000e+00,
        0.0000e+00, 0.0000e+00, 0.0000e+00, 0.0000e+00, 0.0000e+00, 5.2052e-06,
        6.8801e-06, 7.8063e-06, 3.9778e-05, 3.9876e-05, 5.1676e-05, 6.1958e-05,
        1.5396e-04, 2.4453e-04, 2.6275e-04, 4.4516e-04, 6.7051e-04, 9.1681e-04,
        9.6174e-04, 1.0264e-03, 1.0928e-03, 1.1258e-03, 1.2291e-03, 1.2835e-03,
        1.5738e-03, 1.5791e-03, 1.6860e-03, 1.7548e-03, 1.7811e-03, 1.9310e-03,
        1.9472e-03, 2.0608e-03, 2.1877e-03, 2.3615e-03, 2.5164e-03, 2.5313e-03,
        2.6289e-03, 2.9880e-03, 3.0011e-03, 3.0454e-03, 3.0674e-03, 3.1058e-03,
        3.1085e-03, 3.1413e-03, 3.2092e-03, 3.2737e-03, 3.5064e-03, 3.5292e-03,
        3.6002e-03, 3.8142e-03, 3.8674e-03, 3.8946e-03, 4.0763e-03, 4.0855e-03,
        4.1858e-03, 4.3967e-03, 4.5231e-03, 4.5272e-03, 4.5650e-03, 4.6883e-03,
        4.8361e-03, 4.8631e-03, 5.0074e-03, 5.2637e-03, 5.4560e-03, 5.4902e-03,
        5.7721e-03, 5.7893e-03, 5.8083e-03, 5.9500e-03, 6.0028e-03, 6.0490e-03,
        6.3601e-03, 6.4661e-03, 6.6963e-03, 6.8125e-03, 6.9928e-03, 7.5649e-03,
        7.9417e-03, 8.1544e-03, 8.2665e-03, 8.7748e-03, 9.0141e-03, 9.4400e-03,
        9.7636e-03, 9.8017e-03, 1.1217e-02, 1.1642e-02, 1.1734e-02, 1.2409e-02,
        1.2579e-02, 1.3182e-02, 1.3347e-02, 1.3418e-02, 1.3714e-02, 1.3815e-02,
        1.3921e-02, 1.4425e-02, 1.5907e-02, 1.6793e-02, 1.7116e-02, 1.7739e-02,
        2.0170e-02, 2.1836e-02, 2.4542e-02, 2.4957e-02, 3.0244e-02, 3.0973e-02,
        3.1770e-02, 3.2019e-02, 4.6789e-02, 4.8342e-02, 4.8993e-02, 4.9420e-02,
        5.0729e-02, 5.1313e-02, 6.3600e-02, 6.3787e-02, 6.4014e-02, 6.5049e-02,
        6.6864e-02, 6.9615e-02, 8.3884e-02, 9.6971e-02, 2.0514e-01],
       device='cuda:0')
 epoch: 12 |loss: 2.476789742708206 |cls: 2.861020902855671e-06 |Bi: 0.0 |mse: 2.4767840176820757
time:  13.088
start training epoch: 13
**** c1 ****
idx  7
sparse min tensor(0., device='cuda:0')
sparse max tensor(1.0500, device='cuda:0')
sparse sort 1 sample tensor([0.0000e+00, 0.0000e+00, 0.0000e+00, 0.0000e+00, 0.0000e+00, 0.0000e+00,
        0.0000e+00, 0.0000e+00, 0.0000e+00, 0.0000e+00, 0.0000e+00, 0.0000e+00,
        0.0000e+00, 0.0000e+00, 0.0000e+00, 0.0000e+00, 0.0000e+00, 0.0000e+00,
        0.0000e+00, 0.0000e+00, 0.0000e+00, 0.0000e+00, 0.0000e+00, 0.0000e+00,
        0.0000e+00, 0.0000e+00, 0.0000e+00, 0.0000e+00, 0.0000e+00, 0.0000e+00,
        0.0000e+00, 0.0000e+00, 0.0000e+00, 0.0000e+00, 0.0000e+00, 0.0000e+00,
        0.0000e+00, 0.0000e+00, 0.0000e+00, 0.0000e+00, 0.0000e+00, 0.0000e+00,
        0.0000e+00, 0.0000e+00, 0.0000e+00, 0.0000e+00, 0.0000e+00, 0.0000e+00,
        0.0000e+00, 0.0000e+00, 0.0000e+00, 0.0000e+00, 0.0000e+00, 0.0000e+00,
        0.0000e+00, 0.0000e+00, 0.0000e+00, 0.0000e+00, 0.0000e+00, 0.0000e+00,
        0.0000e+00, 0.0000e+00, 0.0000e+00, 0.0000e+00, 0.0000e+00, 0.0000e+00,
        0.0000e+00, 0.0000e+00, 0.0000e+00, 0.0000e+00, 0.0000e+00, 0.0000e+00,
        0.0000e+00, 0.0000e+00, 0.0000e+00, 0.0000e+00, 0.0000e+00, 0.0000e+00,
        0.0000e+00, 0.0000e+00, 0.0000e+00, 0.0000e+00, 0.0000e+00, 0.0000e+00,
        0.0000e+00, 0.0000e+00, 0.0000e+00, 0.0000e+00, 0.0000e+00, 0.0000e+00,
        0.0000e+00, 0.0000e+00, 0.0000e+00, 0.0000e+00, 0.0000e+00, 0.0000e+00,
        0.0000e+00, 0.0000e+00, 0.0000e+00, 0.0000e+00, 7.8310e-05, 2.2064e-04,
        3.6045e-04, 5.4764e-04, 6.8416e-04, 7.4642e-04, 1.0152e-03, 1.5999e-03,
        1.9549e-03, 2.2247e-03, 3.3469e-03, 3.6686e-03, 3.9855e-03, 7.2905e-03,
        7.6771e-03, 7.7670e-03, 8.0758e-03, 8.8934e-03, 1.0718e-02, 1.5327e-02,
        1.9717e-02, 2.2327e-02, 2.6067e-02, 2.9756e-02, 3.0376e-02, 3.1226e-02,
        3.5397e-02, 3.7058e-02, 4.3947e-02, 4.4490e-02, 4.6451e-02, 5.8126e-02,
        6.1534e-02, 6.9577e-02, 7.0450e-02, 7.0918e-02, 7.6385e-02, 7.7523e-02,
        7.7663e-02, 7.7864e-02, 8.9432e-02, 8.9820e-02, 9.7709e-02, 9.9006e-02,
        1.0258e-01, 1.3141e-01, 1.3411e-01, 1.4777e-01, 1.5425e-01, 1.6651e-01,
        2.0096e-01, 2.0950e-01, 2.1697e-01, 2.1777e-01, 2.4833e-01, 2.9091e-01,
        2.9623e-01, 3.0235e-01, 4.2053e-01, 5.6201e-01, 1.0500e+00],
       device='cuda:0')
**** c2 ****
idx  45
sparse min tensor(0., device='cuda:0')
sparse max tensor(0.3403, device='cuda:0')
sparse sort 1 sample tensor([0.0000e+00, 0.0000e+00, 0.0000e+00, 0.0000e+00, 0.0000e+00, 0.0000e+00,
        0.0000e+00, 0.0000e+00, 0.0000e+00, 0.0000e+00, 0.0000e+00, 0.0000e+00,
        0.0000e+00, 0.0000e+00, 0.0000e+00, 0.0000e+00, 0.0000e+00, 0.0000e+00,
        0.0000e+00, 0.0000e+00, 0.0000e+00, 0.0000e+00, 0.0000e+00, 0.0000e+00,
        0.0000e+00, 0.0000e+00, 0.0000e+00, 0.0000e+00, 0.0000e+00, 0.0000e+00,
        0.0000e+00, 0.0000e+00, 0.0000e+00, 0.0000e+00, 0.0000e+00, 0.0000e+00,
        0.0000e+00, 0.0000e+00, 0.0000e+00, 0.0000e+00, 0.0000e+00, 0.0000e+00,
        0.0000e+00, 0.0000e+00, 0.0000e+00, 0.0000e+00, 0.0000e+00, 0.0000e+00,
        0.0000e+00, 0.0000e+00, 0.0000e+00, 0.0000e+00, 0.0000e+00, 0.0000e+00,
        0.0000e+00, 0.0000e+00, 0.0000e+00, 0.0000e+00, 0.0000e+00, 0.0000e+00,
        0.0000e+00, 0.0000e+00, 0.0000e+00, 0.0000e+00, 0.0000e+00, 0.0000e+00,
        0.0000e+00, 0.0000e+00, 0.0000e+00, 0.0000e+00, 0.0000e+00, 0.0000e+00,
        0.0000e+00, 0.0000e+00, 0.0000e+00, 0.0000e+00, 0.0000e+00, 0.0000e+00,
        0.0000e+00, 0.0000e+00, 0.0000e+00, 0.0000e+00, 0.0000e+00, 0.0000e+00,
        0.0000e+00, 0.0000e+00, 0.0000e+00, 0.0000e+00, 0.0000e+00, 0.0000e+00,
        0.0000e+00, 0.0000e+00, 0.0000e+00, 0.0000e+00, 0.0000e+00, 0.0000e+00,
        0.0000e+00, 0.0000e+00, 0.0000e+00, 0.0000e+00, 0.0000e+00, 0.0000e+00,
        0.0000e+00, 0.0000e+00, 0.0000e+00, 0.0000e+00, 0.0000e+00, 0.0000e+00,
        0.0000e+00, 0.0000e+00, 0.0000e+00, 0.0000e+00, 0.0000e+00, 0.0000e+00,
        0.0000e+00, 0.0000e+00, 1.4926e-04, 9.5874e-04, 1.0308e-03, 1.7555e-03,
        2.1903e-03, 2.3411e-03, 2.5593e-03, 3.3142e-03, 3.6582e-03, 4.5361e-03,
        4.6867e-03, 4.9013e-03, 5.0180e-03, 5.9469e-03, 6.4808e-03, 6.7314e-03,
        7.3386e-03, 7.4483e-03, 7.8993e-03, 9.2776e-03, 1.0912e-02, 1.2820e-02,
        1.8920e-02, 1.9409e-02, 1.9672e-02, 2.6472e-02, 2.8442e-02, 2.9580e-02,
        3.0654e-02, 3.3507e-02, 3.4653e-02, 3.4710e-02, 3.4940e-02, 3.5503e-02,
        3.5826e-02, 4.2099e-02, 4.5686e-02, 4.6320e-02, 6.5460e-02, 7.0478e-02,
        7.0979e-02, 8.6238e-02, 1.0532e-01, 1.3247e-01, 3.4034e-01],
       device='cuda:0')
