gpu_id:  3
num_workers:  2
T:  36
===train: 50samples ===
===test: 100samples ===
training dataset: NUCLA
alpha: 0.1 lam1: 2 lam2: 1
start training epoch: 0
 epoch: 0 |loss: 76.69176431789994 |cls: 38.108510214375535 |Bi: 0.562881590873003 |mse: 0.41845409232191744
time:  4.125
start training epoch: 1
 epoch: 1 |loss: 22.88408219240606 |cls: 11.204785210442264 |Bi: 0.5632095389068127 |mse: 0.41819048233795914
time:  4.166
start training epoch: 2
 epoch: 2 |loss: 3.3873543279618024 |cls: 1.454469662794727 |Bi: 0.5634240345656871 |mse: 0.4220724873873405
time:  4.24
start training epoch: 3
 epoch: 3 |loss: 1.7454129433631898 |cls: 0.6349620052872342 |Bi: 0.5636244447529316 |mse: 0.4191265336284414
time:  4.201
start training epoch: 4
 epoch: 4 |loss: 1.142847094833851 |cls: 0.3333869176625012 |Bi: 0.5632447363436222 |mse: 0.4197487550857477
time:  4.242
start training epoch: 5
 epoch: 5 |loss: 0.991553674787283 |cls: 0.2587724894938583 |Bi: 0.5634049856662751 |mse: 0.41766820434248075
time:  5.574
start training epoch: 6
 epoch: 6 |loss: 0.8020631219446659 |cls: 0.16395327839218227 |Bi: 0.5632182383537292 |mse: 0.41783473012037575
time:  5.573
start training epoch: 7
 epoch: 7 |loss: 0.5635088125616312 |cls: 0.04545397484589557 |Bi: 0.5635718640685081 |mse: 0.41624367841985077
time:  4.14
start training epoch: 8
 epoch: 8 |loss: 0.5298390842974185 |cls: 0.027254629246781407 |Bi: 0.5633950452506542 |mse: 0.4189903092617169
time:  4.119
start training epoch: 9
 epoch: 9 |loss: 0.5162617735564708 |cls: 0.019064555187642326 |Bi: 0.5635586087405682 |mse: 0.42177680136170237
time:  4.202
start training epoch: 10
 epoch: 10 |loss: 0.5154434205591678 |cls: 0.01979507345379261 |Bi: 0.5637826244533062 |mse: 0.4194750136206858
time:  4.229
start training epoch: 11
 epoch: 11 |loss: 0.5016357504576444 |cls: 0.012729957967480913 |Bi: 0.5647991847991943 |mse: 0.41969591958681124
time:  4.121
start training epoch: 12
 epoch: 12 |loss: 0.4981500259041786 |cls: 0.012458444753393678 |Bi: 0.5641022926568985 |mse: 0.4168229104042985
time:  4.128
start training epoch: 13
 epoch: 13 |loss: 0.49388727188110354 |cls: 0.009801480789082006 |Bi: 0.5636323097348214 |mse: 0.41792108125984667
time:  4.065
start training epoch: 14
 epoch: 14 |loss: 0.48827096693217753 |cls: 0.006578643561321087 |Bi: 0.5633635771274567 |mse: 0.418777321157977
time:  4.134
start training epoch: 15
 epoch: 15 |loss: 0.48780687220394614 |cls: 0.007594136121980455 |Bi: 0.5650008477270603 |mse: 0.4161185150919482
time:  3.941
start training epoch: 16
 epoch: 16 |loss: 0.48390874177217486 |cls: 0.005620488891558466 |Bi: 0.5648948387801647 |mse: 0.4161782830581069
time:  4.246
start training epoch: 17
 epoch: 17 |loss: 0.48488786175847054 |cls: 0.00574320032113178 |Bi: 0.5633909076452255 |mse: 0.41706237399252133
time:  4.503
start training epoch: 18
 epoch: 18 |loss: 0.4808440355956554 |cls: 0.004566264933474145 |Bi: 0.5641519799828529 |mse: 0.415296304509975
time:  3.897
start training epoch: 19
 epoch: 19 |loss: 0.47940721429884436 |cls: 0.004059734447658343 |Bi: 0.5652737225592136 |mse: 0.41476036948151884
time:  3.921
start training epoch: 20
 epoch: 20 |loss: 0.477071335464716 |cls: 0.002851857403463214 |Bi: 0.5647051931917667 |mse: 0.41489709773566574
time:  4.014
start training epoch: 21
 epoch: 21 |loss: 0.4816626742482185 |cls: 0.0038024605060113003 |Bi: 0.5646451510488987 |mse: 0.4175932357343845
time:  4.102
start training epoch: 22
 epoch: 22 |loss: 0.48139009542763234 |cls: 0.004541877715483196 |Bi: 0.5649830383062363 |mse: 0.4158080357499421
time:  4.095
start training epoch: 23
 epoch: 23 |loss: 0.4803854601085186 |cls: 0.0035426971929676653 |Bi: 0.5637051953375339 |mse: 0.41692954146536065
time:  4.126
start training epoch: 24
 epoch: 24 |loss: 0.47977821782231334 |cls: 0.0033361685870235648 |Bi: 0.5640020842850209 |mse: 0.4167056685872376
time:  4.131
start training epoch: 25
 epoch: 25 |loss: 0.4802471856027842 |cls: 0.0037785048841980995 |Bi: 0.564988419264555 |mse: 0.416191338612698
time:  4.085
start training epoch: 26
 epoch: 26 |loss: 0.47789955519139765 |cls: 0.002781892484844235 |Bi: 0.5650128576159478 |mse: 0.4158344844239764
time:  4.135
start training epoch: 27
 epoch: 27 |loss: 0.4774627759307623 |cls: 0.0025976014864939143 |Bi: 0.5650455620884896 |mse: 0.4157630150811747
time:  4.1
start training epoch: 28
 epoch: 28 |loss: 0.4782515048235655 |cls: 0.002480350003182821 |Bi: 0.5646799303591251 |mse: 0.4168228099937551
time:  4.094
start training epoch: 29
 epoch: 29 |loss: 0.4761588341742754 |cls: 0.0025273411743388864 |Bi: 0.5650521941483021 |mse: 0.4145989250764251
time:  4.131
start training epoch: 30
 epoch: 30 |loss: 0.47533373326063155 |cls: 0.0016505942439239618 |Bi: 0.5657138858735561 |mse: 0.4154611592437141
time:  4.075
start training epoch: 31
 epoch: 31 |loss: 0.475422106385231 |cls: 0.0021694767427291595 |Bi: 0.5651635782420635 |mse: 0.41456679517636075
time:  4.109
start training epoch: 32
 epoch: 32 |loss: 0.4763055246323347 |cls: 0.002320040086194268 |Bi: 0.5652637872099876 |mse: 0.4151390664931387
time:  4.009
start training epoch: 33
 epoch: 33 |loss: 0.4752453400939703 |cls: 0.0023403958243699207 |Bi: 0.5634410132467746 |mse: 0.41422044473933056
time:  4.108
start training epoch: 34
 epoch: 34 |loss: 0.47654576011002064 |cls: 0.0016016478904165865 |Bi: 0.5664335563778877 |mse: 0.41669910952216016
time:  3.957
start training epoch: 35
 epoch: 35 |loss: 0.47135650753974917 |cls: 0.0016724877040459774 |Bi: 0.5652306556701661 |mse: 0.4114884696691297
time:  4.054
start training epoch: 36
 epoch: 36 |loss: 0.47502132758498194 |cls: 0.002634055193124283 |Bi: 0.5645631666481495 |mse: 0.413296902673319
time:  4.094
start training epoch: 37
 epoch: 37 |loss: 0.47667832136154176 |cls: 0.002136318830188344 |Bi: 0.565679518431425 |mse: 0.4158377298270352
time:  4.079
start training epoch: 38
 epoch: 38 |loss: 0.4728003692626953 |cls: 0.0014765244116171062 |Bi: 0.565211613625288 |mse: 0.4133261587889865
time:  4.103
start training epoch: 39
 epoch: 39 |loss: 0.4720501894503832 |cls: 0.0016006954976008102 |Bi: 0.5658894556760788 |mse: 0.4122598530142568
time:  3.991
start training epoch: 40
 epoch: 40 |loss: 0.4698282924294472 |cls: 0.0014840247211027702 |Bi: 0.5648426647484303 |mse: 0.4103759765275754
time:  4.148
start training epoch: 41
 epoch: 41 |loss: 0.4728930652141571 |cls: 0.0017889140920809155 |Bi: 0.5655176179111003 |mse: 0.41276347496546806
time:  4.128
start training epoch: 42
 epoch: 42 |loss: 0.4754968120157719 |cls: 0.0023664216763030765 |Bi: 0.5658174134790898 |mse: 0.41418222564738244
time:  4.084
start training epoch: 43
 epoch: 43 |loss: 0.4701344957947731 |cls: 0.0020464259206252676 |Bi: 0.5651279699802398 |mse: 0.40952884897822517
time:  4.073
start training epoch: 44
 epoch: 44 |loss: 0.4685775427520275 |cls: 0.0014547658831560284 |Bi: 0.5659942197799682 |mse: 0.40906858594855294
time:  4.153
start training epoch: 45
 epoch: 45 |loss: 0.4682497063279152 |cls: 0.0011694108266641478 |Bi: 0.56419090539217 |mse: 0.40949178639566525
time:  4.057
start training epoch: 46
 epoch: 46 |loss: 0.46646832130849364 |cls: 0.0019874758350366052 |Bi: 0.5658546698093414 |mse: 0.405907900754828
time:  4.119
start training epoch: 47
 epoch: 47 |loss: 0.46827181592583655 |cls: 0.0014753468460813224 |Bi: 0.5660277549922467 |mse: 0.4087183449766599
time:  4.178
start training epoch: 48
 epoch: 48 |loss: 0.46461980655789376 |cls: 0.001978285406428455 |Bi: 0.5647209237515927 |mse: 0.4041911433916539
time:  4.135
start training epoch: 49
 epoch: 49 |loss: 0.4639162590354681 |cls: 0.0012760671132328128 |Bi: 0.5647362497448921 |mse: 0.40489049518248066
time:  4.119
start training epoch: 50
 epoch: 50 |loss: 0.4685936250537634 |cls: 0.0018354738507190404 |Bi: 0.565147430896759 |mse: 0.40840793277369813
time:  4.154
start training epoch: 51
 epoch: 51 |loss: 0.4648815055191517 |cls: 0.00101169892452333 |Bi: 0.5665598507225513 |mse: 0.4062021225155331
time:  4.023
start training epoch: 52
 epoch: 52 |loss: 0.46421202398836614 |cls: 0.0010633964729782975 |Bi: 0.5657552988827228 |mse: 0.4055097014992498
time:  4.199
start training epoch: 53
 epoch: 53 |loss: 0.4626595967262983 |cls: 0.0011077806235255138 |Bi: 0.566180971711874 |mse: 0.4038259374070913
time:  4.194
start training epoch: 54
 epoch: 54 |loss: 0.4654936754703522 |cls: 0.0014550130583506871 |Bi: 0.5643461869657039 |mse: 0.40614902569446715
time:  4.098
start training epoch: 55
 epoch: 55 |loss: 0.4633564756810665 |cls: 0.001037671701236178 |Bi: 0.5660960803925991 |mse: 0.40467152506578713
time:  4.14
start training epoch: 56
 epoch: 56 |loss: 0.4637823170423508 |cls: 0.0010286780086846649 |Bi: 0.5650459799170494 |mse: 0.4052203635592014
time:  4.167
start training epoch: 57
 epoch: 57 |loss: 0.46485111728310585 |cls: 0.0014126431731010314 |Bi: 0.5669039511680602 |mse: 0.40533542829332875
time:  4.114
start training epoch: 58
 epoch: 58 |loss: 0.46486530572175977 |cls: 0.0013462942007670619 |Bi: 0.564320510327816 |mse: 0.4057406658935361
time:  4.003
start training epoch: 59
 epoch: 59 |loss: 0.46384212911128997 |cls: 0.0011613557338677083 |Bi: 0.5656666843593121 |mse: 0.404952748673968
time:  3.985
start training epoch: 60
 epoch: 60 |loss: 0.4636598388850689 |cls: 0.0014944719730496559 |Bi: 0.5654406009614468 |mse: 0.40412683844799174
time:  4.167
start training epoch: 61
 epoch: 61 |loss: 0.4647753978520632 |cls: 0.0011116754610701208 |Bi: 0.5669176180660724 |mse: 0.40586028426885606
time:  4.125
start training epoch: 62
 epoch: 62 |loss: 0.46751661971211433 |cls: 0.0012446612932495783 |Bi: 0.5658116140961647 |mse: 0.4084461349993944
time:  4.086
start training epoch: 63
 epoch: 63 |loss: 0.4677758368849754 |cls: 0.001654562686514538 |Bi: 0.5665345941483975 |mse: 0.4078132497286424
time:  4.155
start training epoch: 64
 epoch: 64 |loss: 0.4607940123975277 |cls: 0.0012162425487878181 |Bi: 0.5658811794221401 |mse: 0.4017734052194282
time:  3.956
start training epoch: 65
 epoch: 65 |loss: 0.46421252831816673 |cls: 0.001317426685498617 |Bi: 0.5659263101220131 |mse: 0.4049850455741398
time:  4.09
start training epoch: 66
 epoch: 66 |loss: 0.46359741270542143 |cls: 0.001189942391319363 |Bi: 0.5657656475901603 |mse: 0.404640960174147
time:  4.037
start training epoch: 67
 epoch: 67 |loss: 0.4631124660372734 |cls: 0.0013564768946406503 |Bi: 0.5654252764582633 |mse: 0.4038569836225361
time:  4.053
start training epoch: 68
 epoch: 68 |loss: 0.462406333386898 |cls: 0.0016296583385282304 |Bi: 0.5651875953376293 |mse: 0.40262825463432816
time:  3.934
start training epoch: 69
 epoch: 69 |loss: 0.46540308274328707 |cls: 0.001229559938789606 |Bi: 0.5661797277629376 |mse: 0.40632599176838996
time:  3.984
start training epoch: 70
 epoch: 70 |loss: 0.46731870763003824 |cls: 0.001154068176307561 |Bi: 0.5666414274275303 |mse: 0.4083464329969138
time:  4.0
start training epoch: 71
 epoch: 71 |loss: 0.46342589013278485 |cls: 0.0011739415570937695 |Bi: 0.5660314889252186 |mse: 0.4044748536637053
time:  4.102
start training epoch: 72
 epoch: 72 |loss: 0.46323664389550684 |cls: 0.0010774574560679184 |Bi: 0.5669706188142299 |mse: 0.40438466644845905
time:  4.106
start training epoch: 73
 epoch: 73 |loss: 0.4645470962673426 |cls: 0.001051236104165838 |Bi: 0.5653983627259731 |mse: 0.4059047916461714
time:  4.032
start training epoch: 74
 epoch: 74 |loss: 0.4633356703817844 |cls: 0.0011634794283932593 |Bi: 0.5651528152823448 |mse: 0.40449343018932266
time:  3.982
start training epoch: 75
 epoch: 75 |loss: 0.4652790605276823 |cls: 0.001327847701521705 |Bi: 0.5659735202789307 |mse: 0.4060260106250644
time:  3.931
start training epoch: 76
 epoch: 76 |loss: 0.46462418235838415 |cls: 0.0010743660241278974 |Bi: 0.56587372392416 |mse: 0.4058880753046833
time:  4.07
start training epoch: 77
 epoch: 77 |loss: 0.464425945430994 |cls: 0.0011527850327684064 |Bi: 0.5656596431136132 |mse: 0.4055544140958227
time:  4.087
start training epoch: 78
 epoch: 78 |loss: 0.4630828250199556 |cls: 0.001108077509302916 |Bi: 0.5653006410598755 |mse: 0.4043366064713336
time:  3.983
start training epoch: 79
 epoch: 79 |loss: 0.465087648704648 |cls: 0.0013930040887042594 |Bi: 0.564585940092802 |mse: 0.40584304252872244
time:  3.954
start training epoch: 80
 epoch: 80 |loss: 0.46444376818835736 |cls: 0.0011994790735367644 |Bi: 0.5658348044753074 |mse: 0.405461326984223
time:  4.029
start training epoch: 81
 epoch: 81 |loss: 0.4655071757733822 |cls: 0.0009819238882252535 |Bi: 0.5645805580914021 |mse: 0.40708527179434895
time:  4.078
start training epoch: 82
 epoch: 82 |loss: 0.4614191570878029 |cls: 0.0010831846936115142 |Bi: 0.5650066448748112 |mse: 0.4027521192887798
time:  3.938
start training epoch: 83
 epoch: 83 |loss: 0.4640600100904703 |cls: 0.0013917850654588905 |Bi: 0.5654227955639363 |mse: 0.4047341624391265
time:  4.087
start training epoch: 84
 epoch: 84 |loss: 0.4628589507937431 |cls: 0.001040320028230468 |Bi: 0.565701467692852 |mse: 0.40420816373312846
time:  4.15
start training epoch: 85
 epoch: 85 |loss: 0.46549541674554346 |cls: 0.0011377540495622895 |Bi: 0.5661176161468029 |mse: 0.40660814817529173
time:  4.017
start training epoch: 86
 epoch: 86 |loss: 0.4643798829615116 |cls: 0.0011127889436863825 |Bi: 0.5649652397632599 |mse: 0.405657781616319
time:  4.04
start training epoch: 87
 epoch: 87 |loss: 0.46509168602526185 |cls: 0.0012665815205690479 |Bi: 0.5653942194581032 |mse: 0.40601910277968273
time:  4.064
start training epoch: 88
 epoch: 88 |loss: 0.46485963322222235 |cls: 0.0011738180889112472 |Bi: 0.5657590267062187 |mse: 0.40593609598465263
time:  4.023
start training epoch: 89
 epoch: 89 |loss: 0.463521303832531 |cls: 0.0011334875713799875 |Bi: 0.5654364588856697 |mse: 0.4047106836969033
time:  4.01
start training epoch: 90
 epoch: 90 |loss: 0.46085007779300213 |cls: 0.0010270514092495374 |Bi: 0.5650625452399254 |mse: 0.4022897220100276
time:  4.029
start training epoch: 91
 epoch: 91 |loss: 0.46478045217692854 |cls: 0.001010603354116455 |Bi: 0.5656778641045094 |mse: 0.4061914631188847
time:  4.059
start training epoch: 92
 epoch: 92 |loss: 0.46387835063040256 |cls: 0.0009520251440218885 |Bi: 0.5652836599946022 |mse: 0.4054459341405891
time:  3.92
start training epoch: 93
 epoch: 93 |loss: 0.46331189304590226 |cls: 0.0011979569498630838 |Bi: 0.5646215464174748 |mse: 0.40445382634177807
time:  3.969
start training epoch: 94
 epoch: 94 |loss: 0.46314207419753073 |cls: 0.0012994486409198202 |Bi: 0.5655238303542137 |mse: 0.40399079111171887
time:  3.993
start training epoch: 95
 epoch: 95 |loss: 0.46387675397098066 |cls: 0.0014303682333195412 |Bi: 0.5647623352706432 |mse: 0.40453978383215144
time:  4.05
start training epoch: 96
 epoch: 96 |loss: 0.46394789658486846 |cls: 0.0011780899438332427 |Bi: 0.5659495028853416 |mse: 0.4049967644433491
time:  4.022
start training epoch: 97
 epoch: 97 |loss: 0.46646633177995683 |cls: 0.0031730333432976464 |Bi: 0.5661258998513222 |mse: 0.4035076719825156
time:  4.07
start training epoch: 98
 epoch: 98 |loss: 0.46381331466138365 |cls: 0.0011332011876505987 |Bi: 0.5665192741155625 |mse: 0.40489498114446176
time:  3.972
start training epoch: 99
 epoch: 99 |loss: 0.4620300257951021 |cls: 0.0009390324091152991 |Bi: 0.5667292127013206 |mse: 0.40347904030932114
time:  4.046
start training epoch: 100
 epoch: 100 |loss: 0.46182572543621064 |cls: 0.0015314748014046131 |Bi: 0.5658169983327389 |mse: 0.4021810754039325
time:  3.532
done
