gpu_id:  3
num_workers:  2
T:  36
===train: 20samples ===
===test: 100samples ===
training dataset: NUCLA
alpha: 0.1 lam1: 2 lam2: 1
start training epoch: 0
**** c1 ****
idx  15
sparse min tensor(0., device='cuda:3')
sparse max tensor(0.9977, device='cuda:3')
sparse sort 1 sample tensor([0.0000e+00, 0.0000e+00, 0.0000e+00, 0.0000e+00, 0.0000e+00, 0.0000e+00,
        0.0000e+00, 0.0000e+00, 0.0000e+00, 0.0000e+00, 0.0000e+00, 0.0000e+00,
        0.0000e+00, 0.0000e+00, 0.0000e+00, 0.0000e+00, 0.0000e+00, 0.0000e+00,
        0.0000e+00, 0.0000e+00, 0.0000e+00, 0.0000e+00, 0.0000e+00, 0.0000e+00,
        0.0000e+00, 0.0000e+00, 0.0000e+00, 0.0000e+00, 0.0000e+00, 0.0000e+00,
        0.0000e+00, 0.0000e+00, 0.0000e+00, 0.0000e+00, 0.0000e+00, 0.0000e+00,
        0.0000e+00, 0.0000e+00, 0.0000e+00, 1.4152e-04, 2.3946e-04, 3.8172e-04,
        6.4081e-04, 7.0316e-04, 8.0293e-04, 1.5702e-03, 1.5917e-03, 1.8374e-03,
        1.9883e-03, 1.9992e-03, 2.0985e-03, 2.6742e-03, 2.7807e-03, 2.8489e-03,
        3.1171e-03, 3.5731e-03, 3.5739e-03, 4.4685e-03, 4.7583e-03, 5.1073e-03,
        5.4766e-03, 5.7246e-03, 5.8304e-03, 6.6713e-03, 8.6672e-03, 9.4013e-03,
        1.0326e-02, 1.0456e-02, 1.0499e-02, 1.1112e-02, 1.1401e-02, 1.1585e-02,
        1.2654e-02, 1.3243e-02, 1.4419e-02, 1.6584e-02, 1.7707e-02, 1.8439e-02,
        1.9152e-02, 1.9186e-02, 1.9209e-02, 1.9276e-02, 1.9533e-02, 1.9974e-02,
        2.2886e-02, 2.2986e-02, 2.3134e-02, 2.3386e-02, 2.4899e-02, 2.5825e-02,
        2.7299e-02, 2.7691e-02, 2.8064e-02, 2.9039e-02, 3.0085e-02, 3.0800e-02,
        3.0976e-02, 3.1045e-02, 3.3122e-02, 3.3819e-02, 3.4337e-02, 3.4760e-02,
        3.4870e-02, 3.5631e-02, 3.7823e-02, 4.1221e-02, 4.3234e-02, 4.3351e-02,
        4.3460e-02, 4.3667e-02, 4.6300e-02, 4.6574e-02, 4.8974e-02, 5.1763e-02,
        5.2438e-02, 5.3673e-02, 5.3790e-02, 5.4498e-02, 5.5448e-02, 5.5477e-02,
        5.7239e-02, 6.2484e-02, 6.4303e-02, 6.5018e-02, 6.5039e-02, 6.5754e-02,
        6.5857e-02, 6.6998e-02, 7.4207e-02, 7.7497e-02, 7.8291e-02, 8.1015e-02,
        8.2491e-02, 8.3680e-02, 8.6816e-02, 8.7367e-02, 8.7383e-02, 8.7909e-02,
        9.3304e-02, 9.5723e-02, 1.0123e-01, 1.0692e-01, 1.1218e-01, 1.1485e-01,
        1.1630e-01, 1.1905e-01, 1.2299e-01, 1.3043e-01, 1.3121e-01, 1.3775e-01,
        1.3862e-01, 1.4453e-01, 1.4682e-01, 1.5790e-01, 2.0623e-01, 2.0710e-01,
        2.2167e-01, 2.9327e-01, 2.9451e-01, 4.5285e-01, 9.9765e-01],
       device='cuda:3')
**** c2 ****
idx  13
sparse min tensor(0., device='cuda:3')
sparse max tensor(0.2563, device='cuda:3')
sparse sort 1 sample tensor([0.0000, 0.0000, 0.0000, 0.0000, 0.0000, 0.0000, 0.0000, 0.0000, 0.0000,
        0.0000, 0.0000, 0.0000, 0.0000, 0.0000, 0.0000, 0.0000, 0.0000, 0.0000,
        0.0000, 0.0000, 0.0000, 0.0000, 0.0000, 0.0000, 0.0000, 0.0000, 0.0000,
        0.0000, 0.0000, 0.0000, 0.0000, 0.0000, 0.0000, 0.0000, 0.0000, 0.0000,
        0.0000, 0.0000, 0.0000, 0.0000, 0.0000, 0.0000, 0.0000, 0.0000, 0.0000,
        0.0000, 0.0000, 0.0000, 0.0000, 0.0000, 0.0000, 0.0000, 0.0000, 0.0000,
        0.0000, 0.0000, 0.0000, 0.0000, 0.0000, 0.0000, 0.0000, 0.0000, 0.0000,
        0.0000, 0.0000, 0.0000, 0.0000, 0.0000, 0.0000, 0.0000, 0.0000, 0.0000,
        0.0000, 0.0000, 0.0000, 0.0000, 0.0000, 0.0000, 0.0000, 0.0000, 0.0000,
        0.0000, 0.0000, 0.0000, 0.0000, 0.0000, 0.0000, 0.0000, 0.0000, 0.0000,
        0.0000, 0.0000, 0.0000, 0.0000, 0.0000, 0.0000, 0.0000, 0.0000, 0.0000,
        0.0000, 0.0000, 0.0000, 0.0000, 0.0000, 0.0000, 0.0000, 0.0000, 0.0000,
        0.0000, 0.0000, 0.0000, 0.0000, 0.0000, 0.0000, 0.0000, 0.0000, 0.0000,
        0.0000, 0.0000, 0.0000, 0.0000, 0.0000, 0.0000, 0.0000, 0.0000, 0.0000,
        0.0000, 0.0000, 0.0000, 0.0000, 0.0000, 0.0005, 0.0008, 0.0011, 0.0019,
        0.0022, 0.0043, 0.0057, 0.0065, 0.0099, 0.0132, 0.0249, 0.0295, 0.0313,
        0.0332, 0.0351, 0.0351, 0.0360, 0.0363, 0.0467, 0.0471, 0.0472, 0.0639,
        0.0912, 0.0960, 0.1148, 0.1164, 0.1307, 0.1727, 0.1964, 0.2563],
       device='cuda:3')
 epoch: 0 |loss: 1.4387079190462828 |cls: 0.47509771037948667 |Bi: 0.5629275523126125 |mse: 0.43221966399578376
time:  13.192
start training epoch: 1
**** c1 ****
idx  43
sparse min tensor(0., device='cuda:3')
sparse max tensor(0.3117, device='cuda:3')
sparse sort 1 sample tensor([0.0000e+00, 0.0000e+00, 0.0000e+00, 0.0000e+00, 0.0000e+00, 0.0000e+00,
        0.0000e+00, 0.0000e+00, 0.0000e+00, 0.0000e+00, 0.0000e+00, 0.0000e+00,
        0.0000e+00, 0.0000e+00, 0.0000e+00, 0.0000e+00, 0.0000e+00, 0.0000e+00,
        0.0000e+00, 0.0000e+00, 0.0000e+00, 0.0000e+00, 0.0000e+00, 0.0000e+00,
        0.0000e+00, 0.0000e+00, 0.0000e+00, 0.0000e+00, 0.0000e+00, 0.0000e+00,
        0.0000e+00, 0.0000e+00, 0.0000e+00, 0.0000e+00, 0.0000e+00, 0.0000e+00,
        0.0000e+00, 0.0000e+00, 0.0000e+00, 0.0000e+00, 0.0000e+00, 0.0000e+00,
        0.0000e+00, 0.0000e+00, 0.0000e+00, 0.0000e+00, 0.0000e+00, 0.0000e+00,
        0.0000e+00, 0.0000e+00, 0.0000e+00, 0.0000e+00, 0.0000e+00, 0.0000e+00,
        0.0000e+00, 0.0000e+00, 0.0000e+00, 0.0000e+00, 0.0000e+00, 0.0000e+00,
        0.0000e+00, 0.0000e+00, 0.0000e+00, 0.0000e+00, 0.0000e+00, 0.0000e+00,
        0.0000e+00, 0.0000e+00, 0.0000e+00, 0.0000e+00, 0.0000e+00, 0.0000e+00,
        0.0000e+00, 0.0000e+00, 0.0000e+00, 0.0000e+00, 0.0000e+00, 0.0000e+00,
        0.0000e+00, 0.0000e+00, 0.0000e+00, 0.0000e+00, 0.0000e+00, 0.0000e+00,
        0.0000e+00, 0.0000e+00, 0.0000e+00, 0.0000e+00, 0.0000e+00, 0.0000e+00,
        0.0000e+00, 0.0000e+00, 0.0000e+00, 0.0000e+00, 0.0000e+00, 0.0000e+00,
        0.0000e+00, 0.0000e+00, 0.0000e+00, 0.0000e+00, 0.0000e+00, 0.0000e+00,
        0.0000e+00, 0.0000e+00, 0.0000e+00, 0.0000e+00, 0.0000e+00, 0.0000e+00,
        0.0000e+00, 0.0000e+00, 0.0000e+00, 0.0000e+00, 0.0000e+00, 0.0000e+00,
        0.0000e+00, 0.0000e+00, 0.0000e+00, 0.0000e+00, 0.0000e+00, 0.0000e+00,
        0.0000e+00, 0.0000e+00, 0.0000e+00, 0.0000e+00, 0.0000e+00, 0.0000e+00,
        0.0000e+00, 0.0000e+00, 0.0000e+00, 0.0000e+00, 0.0000e+00, 0.0000e+00,
        0.0000e+00, 0.0000e+00, 0.0000e+00, 0.0000e+00, 0.0000e+00, 0.0000e+00,
        0.0000e+00, 0.0000e+00, 0.0000e+00, 0.0000e+00, 0.0000e+00, 0.0000e+00,
        0.0000e+00, 0.0000e+00, 0.0000e+00, 0.0000e+00, 0.0000e+00, 0.0000e+00,
        0.0000e+00, 6.3381e-05, 6.4894e-05, 1.7376e-04, 6.9644e-04, 1.6148e-03,
        1.8163e-03, 7.1765e-03, 8.8589e-03, 1.3685e-01, 3.1173e-01],
       device='cuda:3')
**** c2 ****
idx  37
sparse min tensor(0., device='cuda:3')
sparse max tensor(0.2921, device='cuda:3')
sparse sort 1 sample tensor([0.0000e+00, 0.0000e+00, 0.0000e+00, 0.0000e+00, 0.0000e+00, 0.0000e+00,
        0.0000e+00, 0.0000e+00, 0.0000e+00, 0.0000e+00, 0.0000e+00, 0.0000e+00,
        0.0000e+00, 0.0000e+00, 0.0000e+00, 0.0000e+00, 0.0000e+00, 0.0000e+00,
        0.0000e+00, 0.0000e+00, 0.0000e+00, 0.0000e+00, 0.0000e+00, 0.0000e+00,
        0.0000e+00, 0.0000e+00, 0.0000e+00, 0.0000e+00, 0.0000e+00, 0.0000e+00,
        0.0000e+00, 0.0000e+00, 0.0000e+00, 0.0000e+00, 0.0000e+00, 0.0000e+00,
        0.0000e+00, 0.0000e+00, 0.0000e+00, 0.0000e+00, 0.0000e+00, 0.0000e+00,
        0.0000e+00, 0.0000e+00, 0.0000e+00, 0.0000e+00, 0.0000e+00, 0.0000e+00,
        0.0000e+00, 0.0000e+00, 0.0000e+00, 0.0000e+00, 0.0000e+00, 0.0000e+00,
        0.0000e+00, 0.0000e+00, 0.0000e+00, 0.0000e+00, 0.0000e+00, 0.0000e+00,
        0.0000e+00, 0.0000e+00, 3.3049e-05, 4.0061e-05, 4.5090e-05, 6.0245e-05,
        8.6094e-05, 1.0414e-04, 3.3889e-04, 3.9372e-04, 3.9939e-04, 5.2795e-04,
        6.2616e-04, 6.8231e-04, 6.9923e-04, 7.6064e-04, 7.7220e-04, 8.6628e-04,
        1.0704e-03, 1.1322e-03, 1.2493e-03, 1.2830e-03, 1.6272e-03, 1.8695e-03,
        1.9491e-03, 1.9559e-03, 2.0958e-03, 2.1151e-03, 2.5191e-03, 2.6843e-03,
        3.5801e-03, 4.2474e-03, 4.6160e-03, 4.7020e-03, 4.8047e-03, 4.9288e-03,
        4.9900e-03, 5.0421e-03, 5.1014e-03, 5.1843e-03, 5.2619e-03, 5.6526e-03,
        6.0838e-03, 6.1281e-03, 6.1467e-03, 6.4148e-03, 6.5572e-03, 7.5780e-03,
        7.6922e-03, 7.7086e-03, 7.8130e-03, 7.9513e-03, 8.0897e-03, 8.1055e-03,
        8.1150e-03, 8.4423e-03, 8.5461e-03, 8.8959e-03, 9.2956e-03, 9.4002e-03,
        9.4399e-03, 9.7487e-03, 1.0261e-02, 1.1102e-02, 1.1739e-02, 1.2202e-02,
        1.2724e-02, 1.3132e-02, 1.3925e-02, 1.4760e-02, 1.4991e-02, 1.5107e-02,
        1.5242e-02, 1.5793e-02, 1.6440e-02, 1.6855e-02, 1.7233e-02, 1.7316e-02,
        1.8073e-02, 1.8394e-02, 1.8945e-02, 1.9064e-02, 1.9425e-02, 1.9676e-02,
        2.0850e-02, 2.4959e-02, 2.6997e-02, 3.5268e-02, 3.8926e-02, 4.7255e-02,
        4.7491e-02, 4.7682e-02, 5.5199e-02, 5.6291e-02, 5.6589e-02, 5.8956e-02,
        6.4916e-02, 7.8346e-02, 8.3402e-02, 1.5246e-01, 2.9211e-01],
       device='cuda:3')
 epoch: 1 |loss: 0.485957808047533 |cls: 0.0 |Bi: 0.562157366424799 |mse: 0.42974207137012854
time:  13.567
start training epoch: 2
**** c1 ****
idx  26
sparse min tensor(0., device='cuda:3')
sparse max tensor(0.1864, device='cuda:3')
sparse sort 1 sample tensor([0.0000e+00, 0.0000e+00, 0.0000e+00, 0.0000e+00, 0.0000e+00, 0.0000e+00,
        0.0000e+00, 0.0000e+00, 0.0000e+00, 0.0000e+00, 0.0000e+00, 0.0000e+00,
        0.0000e+00, 0.0000e+00, 0.0000e+00, 0.0000e+00, 0.0000e+00, 0.0000e+00,
        0.0000e+00, 0.0000e+00, 0.0000e+00, 0.0000e+00, 0.0000e+00, 0.0000e+00,
        0.0000e+00, 0.0000e+00, 0.0000e+00, 0.0000e+00, 0.0000e+00, 0.0000e+00,
        0.0000e+00, 0.0000e+00, 0.0000e+00, 0.0000e+00, 0.0000e+00, 0.0000e+00,
        0.0000e+00, 0.0000e+00, 0.0000e+00, 0.0000e+00, 0.0000e+00, 0.0000e+00,
        0.0000e+00, 0.0000e+00, 0.0000e+00, 0.0000e+00, 0.0000e+00, 0.0000e+00,
        0.0000e+00, 0.0000e+00, 0.0000e+00, 0.0000e+00, 0.0000e+00, 0.0000e+00,
        0.0000e+00, 0.0000e+00, 0.0000e+00, 0.0000e+00, 0.0000e+00, 0.0000e+00,
        0.0000e+00, 0.0000e+00, 0.0000e+00, 0.0000e+00, 0.0000e+00, 0.0000e+00,
        0.0000e+00, 0.0000e+00, 0.0000e+00, 0.0000e+00, 0.0000e+00, 0.0000e+00,
        0.0000e+00, 0.0000e+00, 0.0000e+00, 0.0000e+00, 0.0000e+00, 0.0000e+00,
        0.0000e+00, 0.0000e+00, 0.0000e+00, 0.0000e+00, 0.0000e+00, 0.0000e+00,
        0.0000e+00, 0.0000e+00, 0.0000e+00, 0.0000e+00, 0.0000e+00, 0.0000e+00,
        0.0000e+00, 0.0000e+00, 0.0000e+00, 0.0000e+00, 0.0000e+00, 0.0000e+00,
        0.0000e+00, 0.0000e+00, 0.0000e+00, 0.0000e+00, 2.3313e-06, 3.1083e-06,
        1.0070e-05, 3.6483e-05, 3.7666e-05, 2.1825e-04, 2.5671e-04, 2.6988e-04,
        3.3026e-04, 5.7683e-04, 8.5895e-04, 8.6821e-04, 9.7752e-04, 1.0152e-03,
        1.0868e-03, 1.1980e-03, 1.2988e-03, 1.5712e-03, 1.8182e-03, 1.9260e-03,
        2.1424e-03, 2.1671e-03, 2.4794e-03, 2.8917e-03, 3.0646e-03, 3.4104e-03,
        3.4487e-03, 3.5061e-03, 3.8106e-03, 3.8547e-03, 3.9366e-03, 4.0902e-03,
        4.3398e-03, 4.3985e-03, 4.5485e-03, 4.6731e-03, 5.1492e-03, 6.0254e-03,
        6.9405e-03, 7.1644e-03, 8.3329e-03, 9.5820e-03, 1.1224e-02, 1.3846e-02,
        1.5713e-02, 1.6767e-02, 1.8316e-02, 1.9415e-02, 2.1447e-02, 2.1589e-02,
        2.3516e-02, 2.3525e-02, 2.3548e-02, 2.8077e-02, 3.0150e-02, 3.2714e-02,
        3.4337e-02, 3.8042e-02, 6.0473e-02, 7.1281e-02, 1.8642e-01],
       device='cuda:3')
**** c2 ****
idx  37
sparse min tensor(0., device='cuda:3')
sparse max tensor(0.7551, device='cuda:3')
sparse sort 1 sample tensor([0.0000e+00, 0.0000e+00, 0.0000e+00, 0.0000e+00, 0.0000e+00, 0.0000e+00,
        0.0000e+00, 0.0000e+00, 0.0000e+00, 0.0000e+00, 0.0000e+00, 0.0000e+00,
        0.0000e+00, 0.0000e+00, 0.0000e+00, 0.0000e+00, 0.0000e+00, 0.0000e+00,
        0.0000e+00, 0.0000e+00, 0.0000e+00, 0.0000e+00, 0.0000e+00, 0.0000e+00,
        0.0000e+00, 0.0000e+00, 0.0000e+00, 0.0000e+00, 0.0000e+00, 0.0000e+00,
        0.0000e+00, 0.0000e+00, 0.0000e+00, 0.0000e+00, 0.0000e+00, 0.0000e+00,
        0.0000e+00, 0.0000e+00, 0.0000e+00, 0.0000e+00, 0.0000e+00, 0.0000e+00,
        0.0000e+00, 0.0000e+00, 0.0000e+00, 0.0000e+00, 0.0000e+00, 0.0000e+00,
        0.0000e+00, 0.0000e+00, 0.0000e+00, 0.0000e+00, 0.0000e+00, 0.0000e+00,
        0.0000e+00, 0.0000e+00, 0.0000e+00, 0.0000e+00, 0.0000e+00, 0.0000e+00,
        0.0000e+00, 0.0000e+00, 0.0000e+00, 0.0000e+00, 0.0000e+00, 0.0000e+00,
        0.0000e+00, 0.0000e+00, 0.0000e+00, 0.0000e+00, 0.0000e+00, 0.0000e+00,
        0.0000e+00, 0.0000e+00, 0.0000e+00, 0.0000e+00, 0.0000e+00, 0.0000e+00,
        0.0000e+00, 0.0000e+00, 0.0000e+00, 0.0000e+00, 0.0000e+00, 0.0000e+00,
        0.0000e+00, 0.0000e+00, 0.0000e+00, 0.0000e+00, 0.0000e+00, 0.0000e+00,
        0.0000e+00, 0.0000e+00, 0.0000e+00, 2.8682e-07, 1.6543e-04, 3.3464e-04,
        3.5196e-04, 6.0726e-04, 1.5306e-03, 1.8639e-03, 2.1377e-03, 2.2325e-03,
        2.2784e-03, 2.2889e-03, 4.1239e-03, 5.0559e-03, 5.5151e-03, 6.5611e-03,
        7.1939e-03, 7.6254e-03, 7.8450e-03, 8.0258e-03, 8.1175e-03, 8.6752e-03,
        8.9792e-03, 9.7513e-03, 9.9350e-03, 1.0904e-02, 1.0963e-02, 1.1563e-02,
        1.2412e-02, 1.2913e-02, 1.5866e-02, 1.5956e-02, 1.6411e-02, 1.8194e-02,
        2.0303e-02, 2.0865e-02, 2.1422e-02, 2.1618e-02, 2.3332e-02, 2.5521e-02,
        2.6297e-02, 2.7783e-02, 3.3296e-02, 3.5954e-02, 3.6394e-02, 3.7641e-02,
        4.0111e-02, 4.0599e-02, 4.4129e-02, 4.4433e-02, 4.8616e-02, 4.8772e-02,
        6.1395e-02, 6.5064e-02, 6.8566e-02, 7.0082e-02, 7.2174e-02, 7.3049e-02,
        7.4921e-02, 9.4844e-02, 1.4129e-01, 1.4423e-01, 1.5135e-01, 1.5205e-01,
        1.6109e-01, 1.6991e-01, 1.8848e-01, 3.0555e-01, 7.5506e-01],
       device='cuda:3')
 epoch: 2 |loss: 0.4919817212969065 |cls: 0.0 |Bi: 0.5648426689207554 |mse: 0.43549744770862164
time:  13.24
start training epoch: 3
**** c1 ****
idx  17
sparse min tensor(0., device='cuda:3')
sparse max tensor(0.2063, device='cuda:3')
sparse sort 1 sample tensor([0.0000e+00, 0.0000e+00, 0.0000e+00, 0.0000e+00, 0.0000e+00, 0.0000e+00,
        0.0000e+00, 0.0000e+00, 0.0000e+00, 0.0000e+00, 0.0000e+00, 0.0000e+00,
        0.0000e+00, 0.0000e+00, 0.0000e+00, 0.0000e+00, 0.0000e+00, 0.0000e+00,
        0.0000e+00, 0.0000e+00, 0.0000e+00, 0.0000e+00, 0.0000e+00, 0.0000e+00,
        0.0000e+00, 0.0000e+00, 0.0000e+00, 0.0000e+00, 0.0000e+00, 0.0000e+00,
        0.0000e+00, 0.0000e+00, 0.0000e+00, 0.0000e+00, 0.0000e+00, 0.0000e+00,
        0.0000e+00, 0.0000e+00, 0.0000e+00, 0.0000e+00, 0.0000e+00, 0.0000e+00,
        0.0000e+00, 0.0000e+00, 0.0000e+00, 0.0000e+00, 0.0000e+00, 0.0000e+00,
        0.0000e+00, 0.0000e+00, 0.0000e+00, 0.0000e+00, 0.0000e+00, 0.0000e+00,
        0.0000e+00, 0.0000e+00, 0.0000e+00, 0.0000e+00, 0.0000e+00, 0.0000e+00,
        0.0000e+00, 0.0000e+00, 0.0000e+00, 0.0000e+00, 0.0000e+00, 0.0000e+00,
        0.0000e+00, 0.0000e+00, 0.0000e+00, 0.0000e+00, 0.0000e+00, 0.0000e+00,
        0.0000e+00, 0.0000e+00, 0.0000e+00, 0.0000e+00, 0.0000e+00, 0.0000e+00,
        0.0000e+00, 0.0000e+00, 0.0000e+00, 0.0000e+00, 0.0000e+00, 0.0000e+00,
        0.0000e+00, 0.0000e+00, 0.0000e+00, 0.0000e+00, 0.0000e+00, 0.0000e+00,
        0.0000e+00, 0.0000e+00, 0.0000e+00, 0.0000e+00, 0.0000e+00, 0.0000e+00,
        0.0000e+00, 0.0000e+00, 0.0000e+00, 0.0000e+00, 0.0000e+00, 0.0000e+00,
        0.0000e+00, 0.0000e+00, 0.0000e+00, 0.0000e+00, 0.0000e+00, 0.0000e+00,
        0.0000e+00, 0.0000e+00, 0.0000e+00, 0.0000e+00, 0.0000e+00, 0.0000e+00,
        6.3623e-06, 7.5012e-06, 3.4293e-04, 1.0073e-03, 1.2697e-03, 1.3446e-03,
        2.7236e-03, 2.7449e-03, 2.9106e-03, 3.3507e-03, 3.7490e-03, 5.8811e-03,
        7.0286e-03, 8.7269e-03, 1.1937e-02, 1.4366e-02, 1.5949e-02, 1.6340e-02,
        1.6526e-02, 1.6756e-02, 1.7586e-02, 1.8493e-02, 1.9305e-02, 1.9997e-02,
        2.3382e-02, 2.3716e-02, 2.7123e-02, 2.7771e-02, 3.0946e-02, 3.4123e-02,
        4.5102e-02, 4.8065e-02, 5.3316e-02, 5.8079e-02, 5.8209e-02, 6.3417e-02,
        9.6963e-02, 9.7701e-02, 1.0651e-01, 1.1331e-01, 1.1881e-01, 1.1904e-01,
        1.2155e-01, 1.2958e-01, 1.3679e-01, 1.4738e-01, 2.0632e-01],
       device='cuda:3')
**** c2 ****
idx  28
sparse min tensor(0., device='cuda:3')
sparse max tensor(0.3941, device='cuda:3')
sparse sort 1 sample tensor([0.0000e+00, 0.0000e+00, 0.0000e+00, 0.0000e+00, 0.0000e+00, 0.0000e+00,
        0.0000e+00, 0.0000e+00, 0.0000e+00, 0.0000e+00, 0.0000e+00, 0.0000e+00,
        0.0000e+00, 0.0000e+00, 0.0000e+00, 0.0000e+00, 0.0000e+00, 0.0000e+00,
        0.0000e+00, 0.0000e+00, 0.0000e+00, 0.0000e+00, 0.0000e+00, 0.0000e+00,
        0.0000e+00, 0.0000e+00, 0.0000e+00, 0.0000e+00, 0.0000e+00, 0.0000e+00,
        0.0000e+00, 0.0000e+00, 0.0000e+00, 0.0000e+00, 0.0000e+00, 0.0000e+00,
        0.0000e+00, 0.0000e+00, 0.0000e+00, 0.0000e+00, 0.0000e+00, 0.0000e+00,
        0.0000e+00, 0.0000e+00, 0.0000e+00, 0.0000e+00, 0.0000e+00, 0.0000e+00,
        0.0000e+00, 0.0000e+00, 0.0000e+00, 0.0000e+00, 0.0000e+00, 0.0000e+00,
        0.0000e+00, 0.0000e+00, 0.0000e+00, 0.0000e+00, 0.0000e+00, 0.0000e+00,
        0.0000e+00, 0.0000e+00, 0.0000e+00, 0.0000e+00, 0.0000e+00, 0.0000e+00,
        0.0000e+00, 0.0000e+00, 0.0000e+00, 0.0000e+00, 0.0000e+00, 0.0000e+00,
        0.0000e+00, 0.0000e+00, 0.0000e+00, 0.0000e+00, 0.0000e+00, 0.0000e+00,
        0.0000e+00, 0.0000e+00, 0.0000e+00, 0.0000e+00, 0.0000e+00, 0.0000e+00,
        0.0000e+00, 0.0000e+00, 0.0000e+00, 0.0000e+00, 0.0000e+00, 0.0000e+00,
        0.0000e+00, 0.0000e+00, 0.0000e+00, 0.0000e+00, 0.0000e+00, 0.0000e+00,
        0.0000e+00, 0.0000e+00, 0.0000e+00, 0.0000e+00, 0.0000e+00, 0.0000e+00,
        0.0000e+00, 0.0000e+00, 0.0000e+00, 0.0000e+00, 0.0000e+00, 0.0000e+00,
        0.0000e+00, 0.0000e+00, 0.0000e+00, 0.0000e+00, 0.0000e+00, 0.0000e+00,
        0.0000e+00, 0.0000e+00, 0.0000e+00, 0.0000e+00, 0.0000e+00, 0.0000e+00,
        0.0000e+00, 0.0000e+00, 0.0000e+00, 0.0000e+00, 0.0000e+00, 0.0000e+00,
        0.0000e+00, 0.0000e+00, 0.0000e+00, 0.0000e+00, 0.0000e+00, 0.0000e+00,
        0.0000e+00, 0.0000e+00, 0.0000e+00, 0.0000e+00, 0.0000e+00, 0.0000e+00,
        0.0000e+00, 0.0000e+00, 0.0000e+00, 0.0000e+00, 0.0000e+00, 0.0000e+00,
        2.3279e-04, 4.3863e-03, 5.5955e-03, 7.8578e-03, 8.5198e-03, 9.1569e-03,
        9.3637e-03, 9.4242e-03, 1.3533e-02, 1.5848e-02, 1.7886e-02, 2.5187e-02,
        2.5890e-02, 3.5446e-02, 1.3402e-01, 1.9431e-01, 3.9410e-01],
       device='cuda:3')
 epoch: 3 |loss: 0.48586952574551107 |cls: 0.0 |Bi: 0.5620838731527329 |mse: 0.42966113683069124
time:  13.153
start training epoch: 4
**** c1 ****
idx  31
sparse min tensor(0., device='cuda:3')
sparse max tensor(1.4439, device='cuda:3')
sparse sort 1 sample tensor([0.0000, 0.0000, 0.0000, 0.0000, 0.0000, 0.0000, 0.0000, 0.0000, 0.0000,
        0.0000, 0.0000, 0.0000, 0.0000, 0.0000, 0.0000, 0.0000, 0.0000, 0.0000,
        0.0000, 0.0000, 0.0000, 0.0000, 0.0000, 0.0000, 0.0000, 0.0000, 0.0000,
        0.0000, 0.0000, 0.0000, 0.0000, 0.0000, 0.0000, 0.0000, 0.0000, 0.0000,
        0.0000, 0.0000, 0.0000, 0.0000, 0.0000, 0.0000, 0.0000, 0.0000, 0.0000,
        0.0000, 0.0000, 0.0000, 0.0000, 0.0000, 0.0000, 0.0000, 0.0000, 0.0000,
        0.0000, 0.0000, 0.0000, 0.0000, 0.0000, 0.0000, 0.0000, 0.0000, 0.0000,
        0.0000, 0.0000, 0.0000, 0.0000, 0.0000, 0.0000, 0.0000, 0.0000, 0.0000,
        0.0000, 0.0000, 0.0000, 0.0000, 0.0000, 0.0000, 0.0000, 0.0000, 0.0000,
        0.0000, 0.0000, 0.0000, 0.0000, 0.0000, 0.0000, 0.0000, 0.0000, 0.0000,
        0.0000, 0.0000, 0.0000, 0.0000, 0.0000, 0.0000, 0.0000, 0.0000, 0.0000,
        0.0000, 0.0000, 0.0000, 0.0000, 0.0000, 0.0000, 0.0000, 0.0000, 0.0000,
        0.0000, 0.0000, 0.0016, 0.0040, 0.0045, 0.0055, 0.0063, 0.0098, 0.0119,
        0.0120, 0.0136, 0.0144, 0.0173, 0.0178, 0.0185, 0.0190, 0.0199, 0.0226,
        0.0272, 0.0339, 0.0363, 0.0368, 0.0375, 0.0391, 0.0399, 0.0446, 0.0456,
        0.0499, 0.0506, 0.0598, 0.0639, 0.0669, 0.0743, 0.0802, 0.0964, 0.1018,
        0.1065, 0.1234, 0.1410, 0.1431, 0.1774, 0.1941, 0.2016, 0.2068, 0.3191,
        0.3290, 0.3324, 0.3362, 0.3518, 0.4276, 0.4479, 0.7246, 1.4439],
       device='cuda:3')
**** c2 ****
idx  42
sparse min tensor(0., device='cuda:3')
sparse max tensor(0.1462, device='cuda:3')
sparse sort 1 sample tensor([0.0000e+00, 0.0000e+00, 0.0000e+00, 0.0000e+00, 0.0000e+00, 0.0000e+00,
        0.0000e+00, 0.0000e+00, 0.0000e+00, 0.0000e+00, 0.0000e+00, 0.0000e+00,
        0.0000e+00, 0.0000e+00, 0.0000e+00, 0.0000e+00, 0.0000e+00, 0.0000e+00,
        0.0000e+00, 0.0000e+00, 0.0000e+00, 0.0000e+00, 0.0000e+00, 0.0000e+00,
        0.0000e+00, 0.0000e+00, 0.0000e+00, 0.0000e+00, 0.0000e+00, 0.0000e+00,
        0.0000e+00, 0.0000e+00, 0.0000e+00, 0.0000e+00, 0.0000e+00, 0.0000e+00,
        0.0000e+00, 0.0000e+00, 0.0000e+00, 0.0000e+00, 0.0000e+00, 0.0000e+00,
        0.0000e+00, 0.0000e+00, 0.0000e+00, 0.0000e+00, 0.0000e+00, 0.0000e+00,
        0.0000e+00, 0.0000e+00, 0.0000e+00, 0.0000e+00, 0.0000e+00, 0.0000e+00,
        0.0000e+00, 0.0000e+00, 0.0000e+00, 0.0000e+00, 0.0000e+00, 0.0000e+00,
        0.0000e+00, 0.0000e+00, 0.0000e+00, 0.0000e+00, 0.0000e+00, 0.0000e+00,
        0.0000e+00, 0.0000e+00, 0.0000e+00, 0.0000e+00, 0.0000e+00, 0.0000e+00,
        0.0000e+00, 0.0000e+00, 0.0000e+00, 0.0000e+00, 0.0000e+00, 0.0000e+00,
        0.0000e+00, 0.0000e+00, 0.0000e+00, 0.0000e+00, 0.0000e+00, 0.0000e+00,
        0.0000e+00, 0.0000e+00, 0.0000e+00, 0.0000e+00, 0.0000e+00, 0.0000e+00,
        0.0000e+00, 0.0000e+00, 0.0000e+00, 0.0000e+00, 0.0000e+00, 0.0000e+00,
        0.0000e+00, 0.0000e+00, 0.0000e+00, 0.0000e+00, 0.0000e+00, 0.0000e+00,
        0.0000e+00, 0.0000e+00, 0.0000e+00, 0.0000e+00, 0.0000e+00, 0.0000e+00,
        0.0000e+00, 0.0000e+00, 0.0000e+00, 0.0000e+00, 1.6202e-05, 1.6553e-05,
        2.9374e-04, 4.0610e-04, 4.2401e-04, 4.3807e-04, 4.4409e-04, 6.0489e-04,
        6.2429e-04, 7.8336e-04, 9.1346e-04, 9.5572e-04, 9.8422e-04, 1.4749e-03,
        1.7501e-03, 1.9988e-03, 2.2911e-03, 2.6757e-03, 2.6917e-03, 3.0604e-03,
        3.8485e-03, 4.1742e-03, 4.2863e-03, 4.9365e-03, 5.0822e-03, 5.1653e-03,
        5.2645e-03, 5.4365e-03, 5.6510e-03, 5.7595e-03, 5.9563e-03, 6.0122e-03,
        6.1742e-03, 6.3232e-03, 7.1891e-03, 9.1486e-03, 9.2950e-03, 1.0470e-02,
        1.1093e-02, 1.2515e-02, 1.4414e-02, 1.7883e-02, 1.8171e-02, 2.0492e-02,
        2.0494e-02, 2.7950e-02, 3.5467e-02, 3.9498e-02, 1.4616e-01],
       device='cuda:3')
 epoch: 4 |loss: 0.4880640938878059 |cls: 0.0 |Bi: 0.5652588155120611 |mse: 0.4315382210595999
time:  13.141
start training epoch: 5
**** c1 ****
idx  41
sparse min tensor(0., device='cuda:3')
sparse max tensor(0.4519, device='cuda:3')
sparse sort 1 sample tensor([0.0000e+00, 0.0000e+00, 0.0000e+00, 0.0000e+00, 0.0000e+00, 0.0000e+00,
        0.0000e+00, 0.0000e+00, 0.0000e+00, 0.0000e+00, 0.0000e+00, 0.0000e+00,
        0.0000e+00, 0.0000e+00, 0.0000e+00, 0.0000e+00, 0.0000e+00, 0.0000e+00,
        0.0000e+00, 0.0000e+00, 0.0000e+00, 0.0000e+00, 0.0000e+00, 0.0000e+00,
        0.0000e+00, 0.0000e+00, 0.0000e+00, 0.0000e+00, 0.0000e+00, 0.0000e+00,
        0.0000e+00, 0.0000e+00, 0.0000e+00, 0.0000e+00, 0.0000e+00, 0.0000e+00,
        0.0000e+00, 0.0000e+00, 0.0000e+00, 0.0000e+00, 0.0000e+00, 0.0000e+00,
        0.0000e+00, 0.0000e+00, 0.0000e+00, 0.0000e+00, 0.0000e+00, 0.0000e+00,
        1.2229e-05, 2.6663e-05, 2.8419e-05, 1.7526e-04, 2.3208e-04, 3.9567e-04,
        4.3516e-04, 6.0597e-04, 7.2898e-04, 9.6197e-04, 1.1614e-03, 1.1697e-03,
        1.5585e-03, 1.7538e-03, 3.2107e-03, 3.4215e-03, 4.6777e-03, 4.7490e-03,
        5.4484e-03, 5.9864e-03, 6.1438e-03, 6.6674e-03, 8.9071e-03, 1.1019e-02,
        1.1884e-02, 1.3460e-02, 1.7580e-02, 1.8299e-02, 1.8334e-02, 2.0423e-02,
        2.1798e-02, 2.3343e-02, 2.3954e-02, 2.6695e-02, 2.6756e-02, 2.7446e-02,
        2.7654e-02, 2.8021e-02, 2.8375e-02, 2.8414e-02, 2.8626e-02, 2.9682e-02,
        3.0253e-02, 3.0616e-02, 3.0978e-02, 3.1550e-02, 3.2813e-02, 3.3297e-02,
        3.5963e-02, 3.6453e-02, 3.6639e-02, 3.7614e-02, 3.8126e-02, 3.8260e-02,
        3.8441e-02, 3.8738e-02, 3.9351e-02, 3.9922e-02, 4.0440e-02, 4.1106e-02,
        4.1183e-02, 4.1417e-02, 4.3424e-02, 4.6962e-02, 4.7566e-02, 4.8104e-02,
        4.8675e-02, 4.9438e-02, 5.0874e-02, 5.0894e-02, 5.0972e-02, 5.1153e-02,
        5.1780e-02, 5.1798e-02, 5.2853e-02, 5.3236e-02, 5.3274e-02, 5.4619e-02,
        5.7659e-02, 5.9155e-02, 5.9159e-02, 6.0921e-02, 6.1365e-02, 6.1499e-02,
        6.1551e-02, 6.5555e-02, 6.7845e-02, 6.9548e-02, 7.0725e-02, 7.1605e-02,
        7.2745e-02, 7.4190e-02, 7.5889e-02, 8.3536e-02, 8.3693e-02, 8.4307e-02,
        9.7348e-02, 1.0426e-01, 1.0906e-01, 1.0965e-01, 1.1140e-01, 1.1250e-01,
        1.1312e-01, 1.1428e-01, 1.1663e-01, 1.1797e-01, 1.1931e-01, 1.2543e-01,
        1.5230e-01, 1.5518e-01, 1.6275e-01, 2.3615e-01, 4.5190e-01],
       device='cuda:3')
**** c2 ****
idx  44
sparse min tensor(0., device='cuda:3')
sparse max tensor(0.0574, device='cuda:3')
sparse sort 1 sample tensor([0.0000, 0.0000, 0.0000, 0.0000, 0.0000, 0.0000, 0.0000, 0.0000, 0.0000,
        0.0000, 0.0000, 0.0000, 0.0000, 0.0000, 0.0000, 0.0000, 0.0000, 0.0000,
        0.0000, 0.0000, 0.0000, 0.0000, 0.0000, 0.0000, 0.0000, 0.0000, 0.0000,
        0.0000, 0.0000, 0.0000, 0.0000, 0.0000, 0.0000, 0.0000, 0.0000, 0.0000,
        0.0000, 0.0000, 0.0000, 0.0000, 0.0000, 0.0000, 0.0000, 0.0000, 0.0000,
        0.0000, 0.0000, 0.0000, 0.0000, 0.0000, 0.0000, 0.0000, 0.0000, 0.0000,
        0.0000, 0.0000, 0.0000, 0.0000, 0.0000, 0.0000, 0.0000, 0.0000, 0.0000,
        0.0000, 0.0000, 0.0000, 0.0000, 0.0000, 0.0000, 0.0000, 0.0000, 0.0000,
        0.0000, 0.0000, 0.0000, 0.0000, 0.0000, 0.0000, 0.0000, 0.0000, 0.0000,
        0.0000, 0.0000, 0.0000, 0.0000, 0.0000, 0.0000, 0.0000, 0.0000, 0.0000,
        0.0000, 0.0000, 0.0000, 0.0000, 0.0000, 0.0000, 0.0000, 0.0000, 0.0000,
        0.0000, 0.0000, 0.0000, 0.0000, 0.0000, 0.0000, 0.0000, 0.0000, 0.0000,
        0.0000, 0.0000, 0.0000, 0.0000, 0.0000, 0.0000, 0.0000, 0.0000, 0.0000,
        0.0000, 0.0000, 0.0000, 0.0000, 0.0000, 0.0000, 0.0000, 0.0000, 0.0000,
        0.0000, 0.0000, 0.0000, 0.0000, 0.0000, 0.0000, 0.0000, 0.0000, 0.0000,
        0.0000, 0.0000, 0.0000, 0.0000, 0.0000, 0.0000, 0.0000, 0.0000, 0.0000,
        0.0000, 0.0000, 0.0000, 0.0000, 0.0002, 0.0003, 0.0016, 0.0048, 0.0055,
        0.0069, 0.0072, 0.0096, 0.0420, 0.0422, 0.0460, 0.0525, 0.0574],
       device='cuda:3')
 epoch: 5 |loss: 0.4888021979480982 |cls: 0.0 |Bi: 0.561781595274806 |mse: 0.4326240410096943
time:  13.158
start training epoch: 6
**** c1 ****
idx  22
sparse min tensor(0., device='cuda:3')
sparse max tensor(0.2234, device='cuda:3')
sparse sort 1 sample tensor([0.0000e+00, 0.0000e+00, 0.0000e+00, 0.0000e+00, 0.0000e+00, 0.0000e+00,
        0.0000e+00, 0.0000e+00, 0.0000e+00, 0.0000e+00, 0.0000e+00, 0.0000e+00,
        0.0000e+00, 0.0000e+00, 0.0000e+00, 0.0000e+00, 0.0000e+00, 0.0000e+00,
        0.0000e+00, 0.0000e+00, 0.0000e+00, 0.0000e+00, 0.0000e+00, 0.0000e+00,
        0.0000e+00, 0.0000e+00, 0.0000e+00, 0.0000e+00, 0.0000e+00, 0.0000e+00,
        0.0000e+00, 0.0000e+00, 0.0000e+00, 0.0000e+00, 0.0000e+00, 0.0000e+00,
        0.0000e+00, 0.0000e+00, 0.0000e+00, 0.0000e+00, 0.0000e+00, 0.0000e+00,
        0.0000e+00, 0.0000e+00, 0.0000e+00, 0.0000e+00, 0.0000e+00, 0.0000e+00,
        0.0000e+00, 0.0000e+00, 0.0000e+00, 0.0000e+00, 0.0000e+00, 0.0000e+00,
        0.0000e+00, 0.0000e+00, 0.0000e+00, 0.0000e+00, 0.0000e+00, 0.0000e+00,
        0.0000e+00, 0.0000e+00, 0.0000e+00, 0.0000e+00, 0.0000e+00, 0.0000e+00,
        0.0000e+00, 0.0000e+00, 0.0000e+00, 0.0000e+00, 0.0000e+00, 0.0000e+00,
        0.0000e+00, 0.0000e+00, 0.0000e+00, 0.0000e+00, 0.0000e+00, 0.0000e+00,
        0.0000e+00, 0.0000e+00, 0.0000e+00, 0.0000e+00, 0.0000e+00, 0.0000e+00,
        0.0000e+00, 0.0000e+00, 0.0000e+00, 0.0000e+00, 0.0000e+00, 0.0000e+00,
        0.0000e+00, 0.0000e+00, 0.0000e+00, 0.0000e+00, 2.2931e-05, 6.4985e-05,
        1.0579e-04, 1.9828e-04, 7.4338e-04, 8.1785e-04, 8.4096e-04, 1.1119e-03,
        1.1468e-03, 2.4628e-03, 2.7057e-03, 3.0118e-03, 5.4112e-03, 5.8892e-03,
        6.5467e-03, 6.7972e-03, 7.4293e-03, 7.4463e-03, 8.1373e-03, 8.7993e-03,
        9.0257e-03, 1.2849e-02, 1.4258e-02, 1.4761e-02, 1.5054e-02, 1.5408e-02,
        1.6282e-02, 1.8026e-02, 1.9194e-02, 1.9388e-02, 1.9647e-02, 2.0333e-02,
        2.1091e-02, 2.1827e-02, 2.4971e-02, 2.8444e-02, 2.9977e-02, 3.1258e-02,
        3.2314e-02, 3.3199e-02, 3.3525e-02, 3.3816e-02, 3.7060e-02, 4.0152e-02,
        4.0308e-02, 4.0996e-02, 4.1906e-02, 4.3010e-02, 4.3269e-02, 5.0297e-02,
        5.3250e-02, 5.3585e-02, 6.1787e-02, 6.3022e-02, 6.5355e-02, 1.0789e-01,
        1.1613e-01, 1.2016e-01, 1.2418e-01, 1.2607e-01, 1.2980e-01, 1.4371e-01,
        1.6311e-01, 1.6580e-01, 1.9880e-01, 2.0467e-01, 2.2338e-01],
       device='cuda:3')
**** c2 ****
idx  5
sparse min tensor(0., device='cuda:3')
sparse max tensor(0.1508, device='cuda:3')
sparse sort 1 sample tensor([0.0000e+00, 0.0000e+00, 0.0000e+00, 0.0000e+00, 0.0000e+00, 0.0000e+00,
        0.0000e+00, 0.0000e+00, 0.0000e+00, 0.0000e+00, 0.0000e+00, 0.0000e+00,
        0.0000e+00, 0.0000e+00, 0.0000e+00, 0.0000e+00, 0.0000e+00, 0.0000e+00,
        0.0000e+00, 0.0000e+00, 0.0000e+00, 0.0000e+00, 0.0000e+00, 0.0000e+00,
        0.0000e+00, 0.0000e+00, 0.0000e+00, 0.0000e+00, 0.0000e+00, 0.0000e+00,
        0.0000e+00, 0.0000e+00, 0.0000e+00, 0.0000e+00, 0.0000e+00, 0.0000e+00,
        0.0000e+00, 0.0000e+00, 0.0000e+00, 0.0000e+00, 0.0000e+00, 0.0000e+00,
        0.0000e+00, 0.0000e+00, 0.0000e+00, 0.0000e+00, 0.0000e+00, 0.0000e+00,
        0.0000e+00, 0.0000e+00, 0.0000e+00, 0.0000e+00, 0.0000e+00, 0.0000e+00,
        0.0000e+00, 0.0000e+00, 0.0000e+00, 0.0000e+00, 0.0000e+00, 0.0000e+00,
        0.0000e+00, 0.0000e+00, 0.0000e+00, 0.0000e+00, 0.0000e+00, 0.0000e+00,
        0.0000e+00, 0.0000e+00, 0.0000e+00, 0.0000e+00, 0.0000e+00, 0.0000e+00,
        0.0000e+00, 0.0000e+00, 0.0000e+00, 0.0000e+00, 0.0000e+00, 0.0000e+00,
        0.0000e+00, 0.0000e+00, 0.0000e+00, 0.0000e+00, 0.0000e+00, 0.0000e+00,
        0.0000e+00, 0.0000e+00, 0.0000e+00, 0.0000e+00, 0.0000e+00, 0.0000e+00,
        0.0000e+00, 0.0000e+00, 0.0000e+00, 0.0000e+00, 0.0000e+00, 0.0000e+00,
        0.0000e+00, 0.0000e+00, 0.0000e+00, 0.0000e+00, 0.0000e+00, 0.0000e+00,
        0.0000e+00, 0.0000e+00, 0.0000e+00, 0.0000e+00, 0.0000e+00, 0.0000e+00,
        0.0000e+00, 0.0000e+00, 0.0000e+00, 0.0000e+00, 3.7840e-06, 5.2135e-06,
        1.3472e-05, 2.8337e-05, 3.5343e-05, 1.0205e-04, 2.9499e-04, 5.9208e-04,
        7.2272e-04, 8.8247e-04, 1.0107e-03, 1.3103e-03, 1.6193e-03, 1.7701e-03,
        1.8165e-03, 2.0586e-03, 2.0928e-03, 2.1848e-03, 2.8387e-03, 3.5829e-03,
        3.6679e-03, 3.7967e-03, 4.0269e-03, 4.0735e-03, 4.1267e-03, 4.1354e-03,
        4.7060e-03, 4.7093e-03, 4.9056e-03, 5.0520e-03, 6.1038e-03, 7.5867e-03,
        7.6648e-03, 8.5014e-03, 1.0583e-02, 1.1013e-02, 1.2939e-02, 1.3701e-02,
        1.4018e-02, 1.4460e-02, 1.6388e-02, 1.7806e-02, 1.8265e-02, 1.9108e-02,
        2.3153e-02, 2.5634e-02, 3.3241e-02, 4.5051e-02, 1.5085e-01],
       device='cuda:3')
 epoch: 6 |loss: 0.48706788327544925 |cls: 0.0 |Bi: 0.5624244537204504 |mse: 0.4308254460280295
time:  13.256
start training epoch: 7
**** c1 ****
idx  20
sparse min tensor(0., device='cuda:3')
sparse max tensor(0.7601, device='cuda:3')
sparse sort 1 sample tensor([0.0000e+00, 0.0000e+00, 0.0000e+00, 0.0000e+00, 0.0000e+00, 0.0000e+00,
        0.0000e+00, 0.0000e+00, 0.0000e+00, 0.0000e+00, 0.0000e+00, 0.0000e+00,
        0.0000e+00, 0.0000e+00, 0.0000e+00, 0.0000e+00, 0.0000e+00, 0.0000e+00,
        0.0000e+00, 0.0000e+00, 0.0000e+00, 0.0000e+00, 0.0000e+00, 0.0000e+00,
        0.0000e+00, 0.0000e+00, 0.0000e+00, 0.0000e+00, 0.0000e+00, 0.0000e+00,
        0.0000e+00, 0.0000e+00, 0.0000e+00, 0.0000e+00, 0.0000e+00, 0.0000e+00,
        0.0000e+00, 0.0000e+00, 0.0000e+00, 0.0000e+00, 0.0000e+00, 0.0000e+00,
        0.0000e+00, 0.0000e+00, 0.0000e+00, 0.0000e+00, 0.0000e+00, 0.0000e+00,
        0.0000e+00, 0.0000e+00, 0.0000e+00, 0.0000e+00, 0.0000e+00, 0.0000e+00,
        0.0000e+00, 0.0000e+00, 0.0000e+00, 0.0000e+00, 0.0000e+00, 0.0000e+00,
        0.0000e+00, 0.0000e+00, 0.0000e+00, 0.0000e+00, 0.0000e+00, 0.0000e+00,
        0.0000e+00, 0.0000e+00, 0.0000e+00, 0.0000e+00, 0.0000e+00, 0.0000e+00,
        0.0000e+00, 0.0000e+00, 0.0000e+00, 0.0000e+00, 0.0000e+00, 0.0000e+00,
        0.0000e+00, 0.0000e+00, 0.0000e+00, 0.0000e+00, 0.0000e+00, 0.0000e+00,
        0.0000e+00, 0.0000e+00, 0.0000e+00, 0.0000e+00, 0.0000e+00, 0.0000e+00,
        0.0000e+00, 0.0000e+00, 0.0000e+00, 0.0000e+00, 0.0000e+00, 0.0000e+00,
        3.3365e-06, 2.0111e-05, 2.1832e-05, 6.5950e-05, 8.7438e-05, 1.1172e-04,
        2.3589e-04, 6.4308e-04, 9.3788e-04, 1.0481e-03, 1.1289e-03, 1.4867e-03,
        1.5462e-03, 1.9149e-03, 2.0899e-03, 2.1219e-03, 2.2997e-03, 2.3429e-03,
        2.4502e-03, 3.1190e-03, 3.9435e-03, 4.0109e-03, 4.6821e-03, 5.8892e-03,
        6.6713e-03, 6.9910e-03, 8.2551e-03, 8.3993e-03, 8.4042e-03, 8.7868e-03,
        8.8249e-03, 9.9730e-03, 1.0822e-02, 1.2150e-02, 1.2535e-02, 1.2858e-02,
        1.4014e-02, 1.4528e-02, 1.4652e-02, 1.6062e-02, 1.6490e-02, 1.7191e-02,
        1.7785e-02, 1.9218e-02, 2.2975e-02, 2.9525e-02, 3.2532e-02, 3.4163e-02,
        3.4754e-02, 4.0229e-02, 4.3457e-02, 5.4395e-02, 9.1677e-02, 9.9059e-02,
        1.1643e-01, 1.3115e-01, 1.4277e-01, 1.4477e-01, 1.7163e-01, 1.8239e-01,
        1.9695e-01, 2.0158e-01, 3.1953e-01, 3.7688e-01, 7.6009e-01],
       device='cuda:3')
**** c2 ****
idx  39
sparse min tensor(0., device='cuda:3')
sparse max tensor(0.5584, device='cuda:3')
sparse sort 1 sample tensor([0.0000e+00, 0.0000e+00, 0.0000e+00, 0.0000e+00, 0.0000e+00, 1.0816e-04,
        3.6324e-04, 6.2568e-04, 2.6024e-03, 2.8123e-03, 2.8384e-03, 3.5965e-03,
        3.9173e-03, 4.0740e-03, 4.9891e-03, 5.2294e-03, 5.2522e-03, 5.4153e-03,
        5.4657e-03, 5.5070e-03, 6.1522e-03, 6.1612e-03, 6.2261e-03, 6.4259e-03,
        6.4996e-03, 6.5481e-03, 6.8701e-03, 6.8823e-03, 7.0313e-03, 7.2615e-03,
        7.7361e-03, 8.1212e-03, 8.2179e-03, 9.7913e-03, 1.0836e-02, 1.0900e-02,
        1.1084e-02, 1.1459e-02, 1.1811e-02, 1.2038e-02, 1.3172e-02, 1.3387e-02,
        1.3997e-02, 1.4060e-02, 1.6254e-02, 1.6470e-02, 1.7244e-02, 1.7689e-02,
        1.8620e-02, 1.8753e-02, 1.8842e-02, 1.9000e-02, 1.9130e-02, 1.9673e-02,
        1.9935e-02, 1.9949e-02, 2.1236e-02, 2.1477e-02, 2.2320e-02, 2.2446e-02,
        2.2489e-02, 2.2630e-02, 2.2699e-02, 2.3000e-02, 2.3512e-02, 2.3988e-02,
        2.4591e-02, 2.4774e-02, 2.4972e-02, 2.5283e-02, 2.5316e-02, 2.5520e-02,
        2.6245e-02, 2.6277e-02, 2.6281e-02, 2.6438e-02, 2.6555e-02, 2.6593e-02,
        2.6650e-02, 2.6876e-02, 2.7250e-02, 2.9162e-02, 3.1759e-02, 3.1828e-02,
        3.1941e-02, 3.2192e-02, 3.2219e-02, 3.2585e-02, 3.3050e-02, 3.3576e-02,
        3.5100e-02, 3.6033e-02, 3.6146e-02, 3.6433e-02, 3.7119e-02, 3.7202e-02,
        3.7581e-02, 3.8305e-02, 3.8462e-02, 3.8945e-02, 3.9435e-02, 4.0008e-02,
        4.0055e-02, 4.0130e-02, 4.2263e-02, 4.2462e-02, 4.3201e-02, 4.3727e-02,
        4.4597e-02, 4.6194e-02, 4.7174e-02, 4.7291e-02, 4.8350e-02, 4.8437e-02,
        4.8572e-02, 4.8673e-02, 4.9589e-02, 4.9968e-02, 5.0460e-02, 5.0696e-02,
        5.1793e-02, 5.2852e-02, 5.5052e-02, 5.5581e-02, 5.6386e-02, 5.6606e-02,
        5.7330e-02, 5.8038e-02, 6.1325e-02, 6.2708e-02, 6.2731e-02, 6.3543e-02,
        6.3861e-02, 6.4930e-02, 6.7492e-02, 6.9236e-02, 6.9782e-02, 7.2358e-02,
        7.2985e-02, 7.6053e-02, 9.1232e-02, 1.1337e-01, 1.1469e-01, 1.1984e-01,
        1.3245e-01, 1.4619e-01, 1.5094e-01, 1.5479e-01, 1.7405e-01, 2.0042e-01,
        2.1215e-01, 2.1880e-01, 2.1971e-01, 2.4102e-01, 2.7099e-01, 3.1147e-01,
        3.5383e-01, 3.6250e-01, 3.8621e-01, 4.8081e-01, 5.5837e-01],
       device='cuda:3')
 epoch: 7 |loss: 0.48455589208751915 |cls: 0.0 |Bi: 0.5643644079566001 |mse: 0.42811945450957867
time:  13.152
start training epoch: 8
**** c1 ****
idx  7
sparse min tensor(0., device='cuda:3')
sparse max tensor(0.6235, device='cuda:3')
sparse sort 1 sample tensor([0.0000e+00, 0.0000e+00, 0.0000e+00, 0.0000e+00, 0.0000e+00, 0.0000e+00,
        0.0000e+00, 0.0000e+00, 0.0000e+00, 0.0000e+00, 0.0000e+00, 0.0000e+00,
        0.0000e+00, 0.0000e+00, 0.0000e+00, 0.0000e+00, 0.0000e+00, 0.0000e+00,
        0.0000e+00, 0.0000e+00, 0.0000e+00, 0.0000e+00, 0.0000e+00, 0.0000e+00,
        0.0000e+00, 0.0000e+00, 0.0000e+00, 0.0000e+00, 0.0000e+00, 0.0000e+00,
        0.0000e+00, 0.0000e+00, 0.0000e+00, 0.0000e+00, 0.0000e+00, 0.0000e+00,
        0.0000e+00, 0.0000e+00, 0.0000e+00, 0.0000e+00, 0.0000e+00, 0.0000e+00,
        0.0000e+00, 0.0000e+00, 0.0000e+00, 0.0000e+00, 0.0000e+00, 0.0000e+00,
        0.0000e+00, 0.0000e+00, 0.0000e+00, 0.0000e+00, 0.0000e+00, 0.0000e+00,
        0.0000e+00, 0.0000e+00, 0.0000e+00, 0.0000e+00, 0.0000e+00, 0.0000e+00,
        0.0000e+00, 0.0000e+00, 0.0000e+00, 0.0000e+00, 0.0000e+00, 0.0000e+00,
        0.0000e+00, 0.0000e+00, 0.0000e+00, 0.0000e+00, 0.0000e+00, 0.0000e+00,
        0.0000e+00, 0.0000e+00, 0.0000e+00, 0.0000e+00, 0.0000e+00, 0.0000e+00,
        0.0000e+00, 0.0000e+00, 0.0000e+00, 0.0000e+00, 0.0000e+00, 0.0000e+00,
        0.0000e+00, 0.0000e+00, 0.0000e+00, 0.0000e+00, 0.0000e+00, 0.0000e+00,
        0.0000e+00, 0.0000e+00, 0.0000e+00, 0.0000e+00, 0.0000e+00, 0.0000e+00,
        0.0000e+00, 0.0000e+00, 0.0000e+00, 0.0000e+00, 0.0000e+00, 0.0000e+00,
        0.0000e+00, 0.0000e+00, 0.0000e+00, 0.0000e+00, 0.0000e+00, 0.0000e+00,
        0.0000e+00, 0.0000e+00, 0.0000e+00, 0.0000e+00, 0.0000e+00, 0.0000e+00,
        0.0000e+00, 0.0000e+00, 0.0000e+00, 0.0000e+00, 0.0000e+00, 9.9126e-05,
        2.5116e-04, 3.0195e-03, 3.4031e-03, 3.7352e-03, 4.2965e-03, 1.0282e-02,
        1.0569e-02, 1.2008e-02, 1.6783e-02, 2.1679e-02, 2.4551e-02, 2.5086e-02,
        3.2560e-02, 3.3417e-02, 3.5695e-02, 3.7254e-02, 5.0831e-02, 6.8279e-02,
        8.0166e-02, 8.9498e-02, 1.1406e-01, 1.1859e-01, 1.2481e-01, 1.2608e-01,
        1.3356e-01, 1.3799e-01, 1.5925e-01, 1.5963e-01, 1.6236e-01, 1.6349e-01,
        1.7436e-01, 2.1229e-01, 2.3588e-01, 2.4589e-01, 2.4830e-01, 2.5345e-01,
        2.6556e-01, 2.9772e-01, 3.1853e-01, 3.7087e-01, 6.2353e-01],
       device='cuda:3')
**** c2 ****
idx  31
sparse min tensor(0., device='cuda:3')
sparse max tensor(0.3518, device='cuda:3')
sparse sort 1 sample tensor([0.0000e+00, 0.0000e+00, 0.0000e+00, 0.0000e+00, 0.0000e+00, 0.0000e+00,
        0.0000e+00, 0.0000e+00, 0.0000e+00, 0.0000e+00, 0.0000e+00, 0.0000e+00,
        0.0000e+00, 0.0000e+00, 0.0000e+00, 0.0000e+00, 0.0000e+00, 0.0000e+00,
        0.0000e+00, 0.0000e+00, 0.0000e+00, 0.0000e+00, 0.0000e+00, 0.0000e+00,
        0.0000e+00, 0.0000e+00, 0.0000e+00, 0.0000e+00, 0.0000e+00, 0.0000e+00,
        0.0000e+00, 0.0000e+00, 0.0000e+00, 0.0000e+00, 0.0000e+00, 0.0000e+00,
        0.0000e+00, 0.0000e+00, 0.0000e+00, 0.0000e+00, 0.0000e+00, 0.0000e+00,
        0.0000e+00, 0.0000e+00, 0.0000e+00, 0.0000e+00, 0.0000e+00, 0.0000e+00,
        0.0000e+00, 0.0000e+00, 0.0000e+00, 0.0000e+00, 0.0000e+00, 0.0000e+00,
        0.0000e+00, 0.0000e+00, 0.0000e+00, 0.0000e+00, 0.0000e+00, 0.0000e+00,
        0.0000e+00, 0.0000e+00, 0.0000e+00, 0.0000e+00, 0.0000e+00, 0.0000e+00,
        0.0000e+00, 0.0000e+00, 0.0000e+00, 0.0000e+00, 0.0000e+00, 0.0000e+00,
        0.0000e+00, 0.0000e+00, 0.0000e+00, 0.0000e+00, 0.0000e+00, 0.0000e+00,
        0.0000e+00, 0.0000e+00, 0.0000e+00, 0.0000e+00, 0.0000e+00, 0.0000e+00,
        0.0000e+00, 1.9930e-06, 2.3417e-05, 7.9718e-05, 1.1235e-04, 2.0123e-04,
        2.1798e-04, 2.3486e-04, 5.4839e-04, 5.5197e-04, 6.4123e-04, 7.3038e-04,
        8.9904e-04, 1.1520e-03, 1.1849e-03, 1.1957e-03, 1.8781e-03, 3.2660e-03,
        3.3464e-03, 3.3614e-03, 4.1430e-03, 4.2033e-03, 4.3508e-03, 4.3741e-03,
        4.7564e-03, 4.9004e-03, 5.5829e-03, 5.8415e-03, 6.0816e-03, 6.1797e-03,
        7.0222e-03, 7.1621e-03, 7.8311e-03, 8.7990e-03, 9.2953e-03, 9.6223e-03,
        9.9495e-03, 1.0125e-02, 1.0169e-02, 1.0248e-02, 1.0565e-02, 1.1187e-02,
        1.1471e-02, 1.1515e-02, 1.2555e-02, 1.2918e-02, 1.3557e-02, 1.4073e-02,
        1.4889e-02, 1.5376e-02, 1.5535e-02, 1.5942e-02, 1.6221e-02, 1.6449e-02,
        1.6502e-02, 1.6562e-02, 1.6572e-02, 1.8253e-02, 1.9839e-02, 2.0987e-02,
        2.6808e-02, 2.8656e-02, 2.8858e-02, 3.4309e-02, 3.7823e-02, 4.0305e-02,
        4.0440e-02, 4.1012e-02, 4.2535e-02, 4.4535e-02, 4.4759e-02, 4.5989e-02,
        5.9917e-02, 6.8893e-02, 8.3256e-02, 1.0205e-01, 3.5181e-01],
       device='cuda:3')
 epoch: 8 |loss: 0.48452022187411786 |cls: 0.0 |Bi: 0.5636138878762722 |mse: 0.42815883345901967
time:  13.151
start training epoch: 9
**** c1 ****
idx  37
sparse min tensor(0., device='cuda:3')
sparse max tensor(0.8142, device='cuda:3')
sparse sort 1 sample tensor([0.0000e+00, 0.0000e+00, 0.0000e+00, 0.0000e+00, 0.0000e+00, 0.0000e+00,
        0.0000e+00, 0.0000e+00, 0.0000e+00, 0.0000e+00, 0.0000e+00, 0.0000e+00,
        0.0000e+00, 0.0000e+00, 0.0000e+00, 0.0000e+00, 0.0000e+00, 0.0000e+00,
        0.0000e+00, 0.0000e+00, 0.0000e+00, 0.0000e+00, 0.0000e+00, 0.0000e+00,
        0.0000e+00, 0.0000e+00, 0.0000e+00, 0.0000e+00, 0.0000e+00, 0.0000e+00,
        0.0000e+00, 0.0000e+00, 0.0000e+00, 0.0000e+00, 0.0000e+00, 0.0000e+00,
        0.0000e+00, 0.0000e+00, 0.0000e+00, 0.0000e+00, 0.0000e+00, 0.0000e+00,
        0.0000e+00, 0.0000e+00, 0.0000e+00, 0.0000e+00, 0.0000e+00, 0.0000e+00,
        0.0000e+00, 0.0000e+00, 0.0000e+00, 0.0000e+00, 0.0000e+00, 0.0000e+00,
        0.0000e+00, 0.0000e+00, 0.0000e+00, 0.0000e+00, 0.0000e+00, 0.0000e+00,
        0.0000e+00, 0.0000e+00, 0.0000e+00, 0.0000e+00, 0.0000e+00, 0.0000e+00,
        0.0000e+00, 0.0000e+00, 0.0000e+00, 0.0000e+00, 0.0000e+00, 0.0000e+00,
        0.0000e+00, 0.0000e+00, 0.0000e+00, 0.0000e+00, 0.0000e+00, 0.0000e+00,
        0.0000e+00, 0.0000e+00, 0.0000e+00, 0.0000e+00, 0.0000e+00, 0.0000e+00,
        0.0000e+00, 0.0000e+00, 0.0000e+00, 0.0000e+00, 0.0000e+00, 0.0000e+00,
        0.0000e+00, 0.0000e+00, 0.0000e+00, 0.0000e+00, 0.0000e+00, 0.0000e+00,
        0.0000e+00, 0.0000e+00, 0.0000e+00, 0.0000e+00, 0.0000e+00, 0.0000e+00,
        0.0000e+00, 0.0000e+00, 0.0000e+00, 0.0000e+00, 0.0000e+00, 0.0000e+00,
        0.0000e+00, 0.0000e+00, 0.0000e+00, 0.0000e+00, 0.0000e+00, 0.0000e+00,
        0.0000e+00, 0.0000e+00, 0.0000e+00, 0.0000e+00, 0.0000e+00, 0.0000e+00,
        0.0000e+00, 0.0000e+00, 0.0000e+00, 0.0000e+00, 0.0000e+00, 0.0000e+00,
        0.0000e+00, 0.0000e+00, 0.0000e+00, 0.0000e+00, 0.0000e+00, 0.0000e+00,
        0.0000e+00, 0.0000e+00, 7.3934e-05, 6.5354e-04, 1.1321e-03, 1.4270e-03,
        1.4595e-03, 2.2620e-03, 3.1581e-03, 3.6448e-03, 4.0291e-03, 4.7571e-03,
        6.8257e-03, 1.1995e-02, 2.0922e-02, 2.6314e-02, 3.2935e-02, 3.6732e-02,
        3.8819e-02, 4.0931e-02, 5.0704e-02, 5.9459e-02, 1.1504e-01, 1.7933e-01,
        2.0980e-01, 2.2540e-01, 3.1219e-01, 4.6075e-01, 8.1417e-01],
       device='cuda:3')
**** c2 ****
idx  40
sparse min tensor(0., device='cuda:3')
sparse max tensor(0.0069, device='cuda:3')
sparse sort 1 sample tensor([0.0000e+00, 0.0000e+00, 0.0000e+00, 0.0000e+00, 0.0000e+00, 0.0000e+00,
        0.0000e+00, 0.0000e+00, 0.0000e+00, 0.0000e+00, 0.0000e+00, 0.0000e+00,
        0.0000e+00, 0.0000e+00, 0.0000e+00, 0.0000e+00, 0.0000e+00, 0.0000e+00,
        0.0000e+00, 0.0000e+00, 0.0000e+00, 0.0000e+00, 0.0000e+00, 0.0000e+00,
        0.0000e+00, 0.0000e+00, 0.0000e+00, 0.0000e+00, 0.0000e+00, 0.0000e+00,
        0.0000e+00, 0.0000e+00, 0.0000e+00, 0.0000e+00, 0.0000e+00, 0.0000e+00,
        0.0000e+00, 0.0000e+00, 0.0000e+00, 0.0000e+00, 0.0000e+00, 0.0000e+00,
        0.0000e+00, 0.0000e+00, 0.0000e+00, 0.0000e+00, 0.0000e+00, 0.0000e+00,
        0.0000e+00, 0.0000e+00, 0.0000e+00, 0.0000e+00, 0.0000e+00, 0.0000e+00,
        0.0000e+00, 0.0000e+00, 0.0000e+00, 0.0000e+00, 0.0000e+00, 0.0000e+00,
        0.0000e+00, 0.0000e+00, 0.0000e+00, 0.0000e+00, 0.0000e+00, 0.0000e+00,
        0.0000e+00, 0.0000e+00, 0.0000e+00, 0.0000e+00, 0.0000e+00, 0.0000e+00,
        0.0000e+00, 0.0000e+00, 0.0000e+00, 0.0000e+00, 0.0000e+00, 0.0000e+00,
        0.0000e+00, 0.0000e+00, 0.0000e+00, 0.0000e+00, 0.0000e+00, 0.0000e+00,
        0.0000e+00, 0.0000e+00, 0.0000e+00, 0.0000e+00, 0.0000e+00, 0.0000e+00,
        0.0000e+00, 0.0000e+00, 0.0000e+00, 0.0000e+00, 0.0000e+00, 0.0000e+00,
        0.0000e+00, 0.0000e+00, 0.0000e+00, 0.0000e+00, 0.0000e+00, 0.0000e+00,
        0.0000e+00, 0.0000e+00, 0.0000e+00, 0.0000e+00, 0.0000e+00, 0.0000e+00,
        0.0000e+00, 0.0000e+00, 0.0000e+00, 0.0000e+00, 0.0000e+00, 0.0000e+00,
        0.0000e+00, 0.0000e+00, 0.0000e+00, 0.0000e+00, 0.0000e+00, 0.0000e+00,
        0.0000e+00, 0.0000e+00, 0.0000e+00, 0.0000e+00, 0.0000e+00, 0.0000e+00,
        0.0000e+00, 0.0000e+00, 0.0000e+00, 0.0000e+00, 0.0000e+00, 0.0000e+00,
        0.0000e+00, 0.0000e+00, 0.0000e+00, 0.0000e+00, 0.0000e+00, 0.0000e+00,
        0.0000e+00, 0.0000e+00, 0.0000e+00, 0.0000e+00, 7.6883e-07, 1.6306e-05,
        1.0602e-04, 1.4567e-04, 1.5142e-04, 2.6432e-04, 2.7448e-04, 3.2409e-04,
        3.3071e-04, 4.3662e-04, 5.5354e-04, 5.5605e-04, 5.8356e-04, 6.9929e-04,
        1.6121e-03, 1.7397e-03, 4.4852e-03, 5.8172e-03, 6.8695e-03],
       device='cuda:3')
 epoch: 9 |loss: 0.4820647295564413 |cls: 0.0 |Bi: 0.562531066685915 |mse: 0.4258116279612295
time:  13.284
start training epoch: 10
**** c1 ****
idx  21
sparse min tensor(0., device='cuda:3')
sparse max tensor(0.0696, device='cuda:3')
sparse sort 1 sample tensor([0.0000, 0.0000, 0.0000, 0.0000, 0.0000, 0.0000, 0.0000, 0.0000, 0.0000,
        0.0000, 0.0000, 0.0000, 0.0000, 0.0000, 0.0000, 0.0000, 0.0000, 0.0000,
        0.0000, 0.0000, 0.0000, 0.0000, 0.0000, 0.0000, 0.0000, 0.0000, 0.0000,
        0.0000, 0.0000, 0.0000, 0.0000, 0.0000, 0.0000, 0.0000, 0.0000, 0.0000,
        0.0000, 0.0000, 0.0000, 0.0000, 0.0000, 0.0000, 0.0000, 0.0000, 0.0000,
        0.0000, 0.0000, 0.0000, 0.0000, 0.0000, 0.0000, 0.0000, 0.0000, 0.0000,
        0.0000, 0.0000, 0.0000, 0.0000, 0.0000, 0.0000, 0.0000, 0.0000, 0.0000,
        0.0000, 0.0000, 0.0000, 0.0000, 0.0000, 0.0000, 0.0000, 0.0000, 0.0000,
        0.0000, 0.0000, 0.0000, 0.0000, 0.0000, 0.0000, 0.0000, 0.0000, 0.0000,
        0.0000, 0.0000, 0.0000, 0.0000, 0.0000, 0.0000, 0.0000, 0.0000, 0.0000,
        0.0000, 0.0000, 0.0000, 0.0000, 0.0000, 0.0000, 0.0000, 0.0000, 0.0000,
        0.0000, 0.0000, 0.0000, 0.0000, 0.0000, 0.0000, 0.0000, 0.0000, 0.0000,
        0.0000, 0.0000, 0.0000, 0.0000, 0.0000, 0.0000, 0.0000, 0.0000, 0.0000,
        0.0000, 0.0000, 0.0000, 0.0000, 0.0000, 0.0000, 0.0000, 0.0000, 0.0000,
        0.0000, 0.0000, 0.0000, 0.0000, 0.0000, 0.0000, 0.0000, 0.0000, 0.0000,
        0.0000, 0.0000, 0.0000, 0.0000, 0.0003, 0.0007, 0.0015, 0.0016, 0.0026,
        0.0028, 0.0029, 0.0033, 0.0044, 0.0049, 0.0053, 0.0060, 0.0087, 0.0135,
        0.0199, 0.0385, 0.0390, 0.0393, 0.0396, 0.0431, 0.0482, 0.0696],
       device='cuda:3')
**** c2 ****
idx  12
sparse min tensor(0., device='cuda:3')
sparse max tensor(0.0323, device='cuda:3')
sparse sort 1 sample tensor([0.0000, 0.0000, 0.0000, 0.0000, 0.0000, 0.0000, 0.0000, 0.0000, 0.0000,
        0.0000, 0.0000, 0.0000, 0.0000, 0.0000, 0.0000, 0.0000, 0.0000, 0.0000,
        0.0000, 0.0000, 0.0000, 0.0000, 0.0000, 0.0000, 0.0000, 0.0000, 0.0000,
        0.0000, 0.0000, 0.0000, 0.0000, 0.0000, 0.0000, 0.0000, 0.0000, 0.0000,
        0.0000, 0.0000, 0.0000, 0.0000, 0.0000, 0.0000, 0.0000, 0.0000, 0.0000,
        0.0000, 0.0000, 0.0000, 0.0000, 0.0000, 0.0000, 0.0000, 0.0000, 0.0000,
        0.0000, 0.0000, 0.0000, 0.0000, 0.0000, 0.0000, 0.0000, 0.0000, 0.0000,
        0.0000, 0.0000, 0.0000, 0.0000, 0.0000, 0.0000, 0.0000, 0.0000, 0.0000,
        0.0000, 0.0000, 0.0000, 0.0000, 0.0000, 0.0000, 0.0000, 0.0000, 0.0000,
        0.0000, 0.0000, 0.0000, 0.0000, 0.0000, 0.0000, 0.0000, 0.0000, 0.0000,
        0.0000, 0.0000, 0.0000, 0.0000, 0.0000, 0.0000, 0.0000, 0.0000, 0.0000,
        0.0000, 0.0000, 0.0000, 0.0000, 0.0000, 0.0000, 0.0000, 0.0000, 0.0000,
        0.0000, 0.0000, 0.0000, 0.0000, 0.0000, 0.0000, 0.0000, 0.0000, 0.0000,
        0.0000, 0.0000, 0.0000, 0.0000, 0.0000, 0.0000, 0.0000, 0.0000, 0.0000,
        0.0000, 0.0000, 0.0000, 0.0000, 0.0000, 0.0000, 0.0000, 0.0000, 0.0000,
        0.0000, 0.0000, 0.0000, 0.0000, 0.0000, 0.0000, 0.0000, 0.0000, 0.0000,
        0.0000, 0.0000, 0.0000, 0.0000, 0.0000, 0.0000, 0.0000, 0.0012, 0.0017,
        0.0017, 0.0030, 0.0067, 0.0091, 0.0151, 0.0254, 0.0310, 0.0323],
       device='cuda:3')
 epoch: 10 |loss: 0.49166105277836325 |cls: 0.0 |Bi: 0.5633053973317146 |mse: 0.435330514179077
time:  13.15
start training epoch: 11
**** c1 ****
idx  15
sparse min tensor(0., device='cuda:3')
sparse max tensor(0.5447, device='cuda:3')
sparse sort 1 sample tensor([0.0000e+00, 0.0000e+00, 0.0000e+00, 0.0000e+00, 0.0000e+00, 0.0000e+00,
        0.0000e+00, 0.0000e+00, 0.0000e+00, 0.0000e+00, 0.0000e+00, 0.0000e+00,
        0.0000e+00, 0.0000e+00, 0.0000e+00, 0.0000e+00, 0.0000e+00, 0.0000e+00,
        0.0000e+00, 0.0000e+00, 0.0000e+00, 0.0000e+00, 0.0000e+00, 0.0000e+00,
        0.0000e+00, 0.0000e+00, 0.0000e+00, 0.0000e+00, 0.0000e+00, 0.0000e+00,
        0.0000e+00, 0.0000e+00, 0.0000e+00, 0.0000e+00, 0.0000e+00, 0.0000e+00,
        0.0000e+00, 0.0000e+00, 0.0000e+00, 0.0000e+00, 0.0000e+00, 0.0000e+00,
        0.0000e+00, 0.0000e+00, 0.0000e+00, 0.0000e+00, 0.0000e+00, 0.0000e+00,
        0.0000e+00, 0.0000e+00, 0.0000e+00, 0.0000e+00, 0.0000e+00, 0.0000e+00,
        0.0000e+00, 0.0000e+00, 0.0000e+00, 0.0000e+00, 0.0000e+00, 0.0000e+00,
        0.0000e+00, 0.0000e+00, 0.0000e+00, 0.0000e+00, 0.0000e+00, 0.0000e+00,
        0.0000e+00, 0.0000e+00, 0.0000e+00, 0.0000e+00, 0.0000e+00, 0.0000e+00,
        0.0000e+00, 0.0000e+00, 0.0000e+00, 0.0000e+00, 0.0000e+00, 0.0000e+00,
        0.0000e+00, 0.0000e+00, 0.0000e+00, 0.0000e+00, 0.0000e+00, 0.0000e+00,
        0.0000e+00, 0.0000e+00, 0.0000e+00, 0.0000e+00, 0.0000e+00, 0.0000e+00,
        0.0000e+00, 0.0000e+00, 0.0000e+00, 0.0000e+00, 0.0000e+00, 0.0000e+00,
        0.0000e+00, 0.0000e+00, 0.0000e+00, 0.0000e+00, 0.0000e+00, 0.0000e+00,
        0.0000e+00, 0.0000e+00, 0.0000e+00, 0.0000e+00, 0.0000e+00, 0.0000e+00,
        0.0000e+00, 0.0000e+00, 0.0000e+00, 0.0000e+00, 0.0000e+00, 0.0000e+00,
        0.0000e+00, 0.0000e+00, 0.0000e+00, 0.0000e+00, 0.0000e+00, 0.0000e+00,
        0.0000e+00, 0.0000e+00, 0.0000e+00, 0.0000e+00, 0.0000e+00, 0.0000e+00,
        0.0000e+00, 0.0000e+00, 0.0000e+00, 0.0000e+00, 0.0000e+00, 0.0000e+00,
        0.0000e+00, 0.0000e+00, 0.0000e+00, 0.0000e+00, 0.0000e+00, 0.0000e+00,
        0.0000e+00, 0.0000e+00, 0.0000e+00, 0.0000e+00, 0.0000e+00, 2.9001e-04,
        7.2753e-04, 8.2219e-04, 9.4759e-04, 1.0231e-03, 1.0484e-03, 4.0277e-03,
        5.2358e-03, 8.9429e-03, 1.3661e-02, 1.3730e-02, 2.1143e-02, 2.7574e-02,
        9.1699e-02, 9.1761e-02, 9.2244e-02, 3.1122e-01, 5.4470e-01],
       device='cuda:3')
**** c2 ****
idx  1
sparse min tensor(0., device='cuda:3')
sparse max tensor(0.3360, device='cuda:3')
sparse sort 1 sample tensor([0.0000e+00, 0.0000e+00, 0.0000e+00, 0.0000e+00, 0.0000e+00, 0.0000e+00,
        0.0000e+00, 0.0000e+00, 0.0000e+00, 0.0000e+00, 0.0000e+00, 0.0000e+00,
        0.0000e+00, 0.0000e+00, 0.0000e+00, 0.0000e+00, 0.0000e+00, 0.0000e+00,
        0.0000e+00, 0.0000e+00, 0.0000e+00, 0.0000e+00, 0.0000e+00, 0.0000e+00,
        0.0000e+00, 0.0000e+00, 0.0000e+00, 0.0000e+00, 0.0000e+00, 0.0000e+00,
        0.0000e+00, 0.0000e+00, 0.0000e+00, 0.0000e+00, 0.0000e+00, 0.0000e+00,
        0.0000e+00, 0.0000e+00, 0.0000e+00, 0.0000e+00, 0.0000e+00, 0.0000e+00,
        0.0000e+00, 0.0000e+00, 0.0000e+00, 0.0000e+00, 0.0000e+00, 0.0000e+00,
        0.0000e+00, 0.0000e+00, 0.0000e+00, 0.0000e+00, 0.0000e+00, 0.0000e+00,
        0.0000e+00, 0.0000e+00, 0.0000e+00, 0.0000e+00, 0.0000e+00, 0.0000e+00,
        0.0000e+00, 0.0000e+00, 0.0000e+00, 0.0000e+00, 0.0000e+00, 0.0000e+00,
        0.0000e+00, 0.0000e+00, 0.0000e+00, 0.0000e+00, 0.0000e+00, 0.0000e+00,
        0.0000e+00, 0.0000e+00, 2.8543e-06, 3.1462e-06, 6.8172e-06, 9.0795e-06,
        1.9143e-05, 3.3505e-05, 2.6611e-04, 7.0399e-04, 7.4365e-04, 9.8724e-04,
        1.1045e-03, 1.3182e-03, 1.4775e-03, 1.5557e-03, 1.6769e-03, 1.8805e-03,
        1.9458e-03, 2.2049e-03, 3.2826e-03, 3.4031e-03, 3.6359e-03, 3.9603e-03,
        4.0772e-03, 4.3488e-03, 4.4524e-03, 4.4873e-03, 4.8941e-03, 5.7405e-03,
        5.8386e-03, 6.0002e-03, 6.2235e-03, 6.3955e-03, 6.5888e-03, 6.6270e-03,
        7.1244e-03, 7.1426e-03, 7.3256e-03, 7.9792e-03, 8.5336e-03, 8.7572e-03,
        9.7128e-03, 9.9086e-03, 1.0970e-02, 1.1733e-02, 1.1842e-02, 1.1931e-02,
        1.2487e-02, 1.5046e-02, 1.5756e-02, 1.6362e-02, 1.7181e-02, 1.7196e-02,
        1.7515e-02, 1.8598e-02, 1.8736e-02, 1.8828e-02, 2.0397e-02, 2.1114e-02,
        2.1624e-02, 2.2185e-02, 2.2470e-02, 2.3335e-02, 2.3489e-02, 2.6732e-02,
        2.6778e-02, 2.8456e-02, 2.8641e-02, 2.9885e-02, 2.9907e-02, 3.1737e-02,
        3.8509e-02, 3.9009e-02, 3.9213e-02, 3.9804e-02, 4.0093e-02, 4.5947e-02,
        4.9227e-02, 5.3104e-02, 5.7202e-02, 6.1756e-02, 6.4361e-02, 6.6778e-02,
        7.8083e-02, 8.8025e-02, 9.0732e-02, 1.6207e-01, 3.3603e-01],
       device='cuda:3')
 epoch: 11 |loss: 0.4865398250520229 |cls: 0.0 |Bi: 0.5625403832644225 |mse: 0.4302857877453789
time:  13.168
start training epoch: 12
**** c1 ****
idx  46
sparse min tensor(0., device='cuda:3')
sparse max tensor(0.3622, device='cuda:3')
sparse sort 1 sample tensor([0.0000e+00, 0.0000e+00, 0.0000e+00, 0.0000e+00, 0.0000e+00, 0.0000e+00,
        0.0000e+00, 0.0000e+00, 0.0000e+00, 0.0000e+00, 0.0000e+00, 0.0000e+00,
        0.0000e+00, 0.0000e+00, 0.0000e+00, 0.0000e+00, 0.0000e+00, 0.0000e+00,
        0.0000e+00, 0.0000e+00, 0.0000e+00, 0.0000e+00, 0.0000e+00, 0.0000e+00,
        0.0000e+00, 0.0000e+00, 0.0000e+00, 0.0000e+00, 0.0000e+00, 0.0000e+00,
        0.0000e+00, 0.0000e+00, 0.0000e+00, 0.0000e+00, 0.0000e+00, 0.0000e+00,
        0.0000e+00, 0.0000e+00, 0.0000e+00, 0.0000e+00, 0.0000e+00, 0.0000e+00,
        0.0000e+00, 0.0000e+00, 0.0000e+00, 0.0000e+00, 0.0000e+00, 0.0000e+00,
        0.0000e+00, 0.0000e+00, 0.0000e+00, 0.0000e+00, 0.0000e+00, 0.0000e+00,
        0.0000e+00, 0.0000e+00, 0.0000e+00, 0.0000e+00, 0.0000e+00, 0.0000e+00,
        0.0000e+00, 0.0000e+00, 0.0000e+00, 0.0000e+00, 0.0000e+00, 0.0000e+00,
        0.0000e+00, 0.0000e+00, 0.0000e+00, 0.0000e+00, 0.0000e+00, 0.0000e+00,
        0.0000e+00, 0.0000e+00, 0.0000e+00, 0.0000e+00, 0.0000e+00, 0.0000e+00,
        0.0000e+00, 0.0000e+00, 0.0000e+00, 0.0000e+00, 0.0000e+00, 0.0000e+00,
        0.0000e+00, 0.0000e+00, 0.0000e+00, 0.0000e+00, 0.0000e+00, 0.0000e+00,
        0.0000e+00, 0.0000e+00, 0.0000e+00, 0.0000e+00, 0.0000e+00, 0.0000e+00,
        0.0000e+00, 0.0000e+00, 0.0000e+00, 0.0000e+00, 0.0000e+00, 0.0000e+00,
        0.0000e+00, 0.0000e+00, 0.0000e+00, 0.0000e+00, 0.0000e+00, 0.0000e+00,
        0.0000e+00, 0.0000e+00, 0.0000e+00, 0.0000e+00, 0.0000e+00, 0.0000e+00,
        0.0000e+00, 0.0000e+00, 0.0000e+00, 0.0000e+00, 0.0000e+00, 0.0000e+00,
        0.0000e+00, 0.0000e+00, 0.0000e+00, 0.0000e+00, 0.0000e+00, 0.0000e+00,
        0.0000e+00, 0.0000e+00, 0.0000e+00, 0.0000e+00, 0.0000e+00, 0.0000e+00,
        0.0000e+00, 0.0000e+00, 0.0000e+00, 0.0000e+00, 0.0000e+00, 0.0000e+00,
        0.0000e+00, 0.0000e+00, 0.0000e+00, 0.0000e+00, 0.0000e+00, 0.0000e+00,
        0.0000e+00, 0.0000e+00, 0.0000e+00, 0.0000e+00, 4.8706e-06, 1.1160e-03,
        1.2495e-03, 4.1174e-03, 1.3745e-02, 2.7505e-02, 4.6856e-02, 5.6528e-02,
        6.2344e-02, 7.3899e-02, 1.0231e-01, 1.8892e-01, 3.6217e-01],
       device='cuda:3')
**** c2 ****
idx  17
sparse min tensor(0., device='cuda:3')
sparse max tensor(0.2298, device='cuda:3')
sparse sort 1 sample tensor([0.0000e+00, 0.0000e+00, 0.0000e+00, 0.0000e+00, 0.0000e+00, 0.0000e+00,
        0.0000e+00, 0.0000e+00, 0.0000e+00, 0.0000e+00, 0.0000e+00, 0.0000e+00,
        0.0000e+00, 0.0000e+00, 0.0000e+00, 0.0000e+00, 0.0000e+00, 0.0000e+00,
        0.0000e+00, 0.0000e+00, 0.0000e+00, 0.0000e+00, 0.0000e+00, 0.0000e+00,
        0.0000e+00, 0.0000e+00, 0.0000e+00, 0.0000e+00, 0.0000e+00, 0.0000e+00,
        0.0000e+00, 0.0000e+00, 0.0000e+00, 0.0000e+00, 0.0000e+00, 0.0000e+00,
        0.0000e+00, 0.0000e+00, 0.0000e+00, 0.0000e+00, 0.0000e+00, 0.0000e+00,
        0.0000e+00, 0.0000e+00, 0.0000e+00, 0.0000e+00, 0.0000e+00, 0.0000e+00,
        0.0000e+00, 0.0000e+00, 0.0000e+00, 0.0000e+00, 0.0000e+00, 0.0000e+00,
        0.0000e+00, 0.0000e+00, 0.0000e+00, 0.0000e+00, 0.0000e+00, 0.0000e+00,
        0.0000e+00, 0.0000e+00, 0.0000e+00, 0.0000e+00, 0.0000e+00, 0.0000e+00,
        0.0000e+00, 0.0000e+00, 0.0000e+00, 0.0000e+00, 0.0000e+00, 0.0000e+00,
        0.0000e+00, 0.0000e+00, 0.0000e+00, 0.0000e+00, 0.0000e+00, 0.0000e+00,
        0.0000e+00, 0.0000e+00, 0.0000e+00, 0.0000e+00, 0.0000e+00, 0.0000e+00,
        0.0000e+00, 0.0000e+00, 0.0000e+00, 0.0000e+00, 0.0000e+00, 0.0000e+00,
        0.0000e+00, 0.0000e+00, 0.0000e+00, 0.0000e+00, 0.0000e+00, 0.0000e+00,
        0.0000e+00, 0.0000e+00, 0.0000e+00, 0.0000e+00, 0.0000e+00, 3.8189e-07,
        1.7868e-05, 1.4471e-04, 1.5296e-04, 2.8497e-04, 3.5789e-04, 3.9509e-04,
        4.7000e-04, 7.3175e-04, 8.1298e-04, 1.3339e-03, 1.4004e-03, 1.7785e-03,
        1.8293e-03, 2.3820e-03, 2.3861e-03, 2.4973e-03, 2.7610e-03, 2.9440e-03,
        3.1585e-03, 3.3362e-03, 3.7998e-03, 3.8357e-03, 3.8634e-03, 4.0983e-03,
        4.5291e-03, 4.7520e-03, 4.8691e-03, 5.6793e-03, 5.8871e-03, 6.2780e-03,
        6.3497e-03, 6.8013e-03, 7.2258e-03, 7.5673e-03, 8.4310e-03, 9.2490e-03,
        1.0624e-02, 1.0626e-02, 1.1807e-02, 1.1984e-02, 1.2547e-02, 1.2646e-02,
        1.2751e-02, 1.4196e-02, 1.4368e-02, 1.6473e-02, 1.7527e-02, 1.8095e-02,
        2.2064e-02, 2.2174e-02, 2.3314e-02, 3.3407e-02, 3.4480e-02, 3.8568e-02,
        4.5243e-02, 5.7331e-02, 5.9166e-02, 6.4433e-02, 2.2978e-01],
       device='cuda:3')
