gpu_id:  3
num_workers:  2
T:  36
===train: 50samples ===
===test: 100samples ===
******New Binarization******
old softmax
load pretrain binarization module
training dataset: NUCLA
alpha: 0.1 lam1: 2 lam2: 1
start training epoch: 0
 epoch: 0 |loss: 64.62416444182396 |cls: 31.470903877228512 |Bi: 0.013857557560550049 |mse: 1.6809709203243255
time:  4.327
start training epoch: 1
 epoch: 1 |loss: 11.424274405241013 |cls: 4.8740589995099874 |Bi: 0.014040166293270886 |mse: 1.6747526256740093
time:  4.52
start training epoch: 2
 epoch: 2 |loss: 6.565701375007629 |cls: 2.4607860093764606 |Bi: 0.014081159973866306 |mse: 1.6427212005853653
time:  4.534
start training epoch: 3
 epoch: 3 |loss: 2.4504409217834473 |cls: 0.40743518030604664 |Bi: 0.014245135168894195 |mse: 1.6341460466384887
time:  4.535
start training epoch: 4
 epoch: 4 |loss: 1.9980819082260133 |cls: 0.1888497070493895 |Bi: 0.014295238715130837 |mse: 1.6189529976248742
time:  4.456
start training epoch: 5
 epoch: 5 |loss: 1.8666037595272065 |cls: 0.13068718561173 |Bi: 0.014373499547946266 |mse: 1.6037920337915421
time:  4.51
start training epoch: 6
 epoch: 6 |loss: 1.701257506608963 |cls: 0.054017298198588005 |Bi: 0.014394203501287848 |mse: 1.5917834943532945
time:  4.429
start training epoch: 7
 epoch: 7 |loss: 1.650120803117752 |cls: 0.028869165018130475 |Bi: 0.014447205589385703 |mse: 1.5909377485513687
time:  4.57
start training epoch: 8
 epoch: 8 |loss: 1.6426903259754182 |cls: 0.03194495895095756 |Bi: 0.014466667200322263 |mse: 1.5773537376523017
time:  4.328
start training epoch: 9
 epoch: 9 |loss: 1.57783527135849 |cls: 0.011857375964007986 |Bi: 0.014477433253778144 |mse: 1.5526727816462518
time:  4.348
start training epoch: 10
 epoch: 10 |loss: 1.6055882608890533 |cls: 0.026724218187303136 |Bi: 0.014537474637618288 |mse: 1.5506860740482806
time:  4.474
start training epoch: 11
 epoch: 11 |loss: 1.5707060492038727 |cls: 0.012642111664527248 |Bi: 0.014532505661481992 |mse: 1.5439685866236688
time:  4.547
start training epoch: 12
 epoch: 12 |loss: 1.5567980575561524 |cls: 0.009307031225072251 |Bi: 0.01454782661399804 |mse: 1.5367292176187037
time:  4.572
start training epoch: 13
 epoch: 13 |loss: 1.5586050307750703 |cls: 0.010802052089158565 |Bi: 0.014593789335340262 |mse: 1.5355415557324887
time:  4.389
start training epoch: 14
 epoch: 14 |loss: 1.5485576725006103 |cls: 0.008559569822753445 |Bi: 0.014623603032669052 |mse: 1.5299761797487736
time:  4.489
start training epoch: 15
 epoch: 15 |loss: 1.5541721403598785 |cls: 0.015863987734054775 |Bi: 0.014625259306048974 |mse: 1.520981633514166
time:  4.593
start training epoch: 16
 epoch: 16 |loss: 1.5980426800251006 |cls: 0.04303723423732038 |Bi: 0.014672878360142931 |mse: 1.510500916391611
time:  4.417
start training epoch: 17
 epoch: 17 |loss: 1.558668407201767 |cls: 0.02406681765346448 |Bi: 0.01467908949474804 |mse: 1.5090668700635432
time:  3.277
start training epoch: 18
 epoch: 18 |loss: 1.524628723859787 |cls: 0.011879566459615774 |Bi: 0.014672050218796357 |mse: 1.4994023869931699
time:  3.276
start training epoch: 19
 epoch: 19 |loss: 1.5335142862796785 |cls: 0.016527635978156638 |Bi: 0.014692754114512353 |mse: 1.4989897401630878
time:  3.289
start training epoch: 20
 epoch: 20 |loss: 1.5003022080659867 |cls: 0.005276990212109495 |Bi: 0.014737888758536427 |mse: 1.4882744321227073
time:  3.298
start training epoch: 21
 epoch: 21 |loss: 1.5058058822154998 |cls: 0.008079509235434585 |Bi: 0.014753209671471267 |mse: 1.4881715373694897
time:  3.318
start training epoch: 22
 epoch: 22 |loss: 1.4855659741163254 |cls: 0.005688535438649893 |Bi: 0.014756522277602926 |mse: 1.4727132593095302
time:  3.306
start training epoch: 23
 epoch: 23 |loss: 1.4810445648431778 |cls: 0.0053423434981664285 |Bi: 0.01478467958746478 |mse: 1.4688814114034177
time:  3.319
start training epoch: 24
 epoch: 24 |loss: 1.471815025806427 |cls: 0.005307388528967465 |Bi: 0.014775983896106482 |mse: 1.459722651988268
time:  3.326
start training epoch: 25
 epoch: 25 |loss: 1.4754352521896363 |cls: 0.012344559542816285 |Bi: 0.014790062620304524 |mse: 1.4492671364545822
time:  3.331
start training epoch: 26
 epoch: 26 |loss: 1.486562096476555 |cls: 0.01349452155734383 |Bi: 0.014831884483573959 |mse: 1.4580898739397525
time:  3.326
start training epoch: 27
 epoch: 27 |loss: 1.4764964079856873 |cls: 0.01074538682344425 |Bi: 0.014833954914938658 |mse: 1.4535222283005715
time:  3.331
start training epoch: 28
 epoch: 28 |loss: 1.4514005929231644 |cls: 0.006144132249640535 |Bi: 0.014856729296734556 |mse: 1.4376266637444497
time:  3.362
start training epoch: 29
 epoch: 29 |loss: 1.4399652791023254 |cls: 0.004656224572004533 |Bi: 0.0148298141756095 |mse: 1.4291698549687863
time:  3.379
start training epoch: 30
 epoch: 30 |loss: 1.4468066531419754 |cls: 0.0032469342471199525 |Bi: 0.014870807990664616 |mse: 1.4388256987929344
time:  3.668
start training epoch: 31
 epoch: 31 |loss: 1.4457933878898621 |cls: 0.006194044714404896 |Bi: 0.014851346189389006 |mse: 1.4319201688468457
time:  3.976
start training epoch: 32
 epoch: 32 |loss: 1.4502927887439727 |cls: 0.011024358689485042 |Bi: 0.014817391822580248 |mse: 1.4267623136937617
time:  3.948
start training epoch: 33
 epoch: 33 |loss: 1.4338934570550919 |cls: 0.007863797824964961 |Bi: 0.014824016987113282 |mse: 1.4166834625601767
time:  3.954
start training epoch: 34
 epoch: 34 |loss: 1.4290004098415374 |cls: 0.004315824555059748 |Bi: 0.014810352463973686 |mse: 1.4188877220451832
time:  3.933
start training epoch: 35
 epoch: 35 |loss: 1.4258833277225493 |cls: 0.003270405843661024 |Bi: 0.014836853595916182 |mse: 1.417858826816082
time:  3.987
start training epoch: 36
 epoch: 36 |loss: 1.4189883744716645 |cls: 0.004048835405096014 |Bi: 0.01485010406235233 |mse: 1.409405694156885
time:  3.191
start training epoch: 37
 epoch: 37 |loss: 1.4537582796812059 |cls: 0.02185284421518688 |Bi: 0.014873706580838189 |mse: 1.4085652230679988
time:  3.268
start training epoch: 38
 epoch: 38 |loss: 1.425302826166153 |cls: 0.010490460663644114 |Bi: 0.01485176031012088 |mse: 1.4028367233276366
time:  3.268
start training epoch: 39
 epoch: 39 |loss: 1.415094064474106 |cls: 0.009343642782727101 |Bi: 0.014841408361680805 |mse: 1.3949226509034633
time:  3.254
start training epoch: 40
 epoch: 40 |loss: 1.4230652940273285 |cls: 0.009202942752664001 |Bi: 0.01483478314941749 |mse: 1.4031759211421013
time:  3.278
start training epoch: 41
 epoch: 41 |loss: 1.4048514616489411 |cls: 0.0034046823812342096 |Bi: 0.01483354089432396 |mse: 1.3965587332844733
time:  3.271
start training epoch: 42
 epoch: 42 |loss: 1.4054615837335587 |cls: 0.003158595432537936 |Bi: 0.014828986100619659 |mse: 1.3976614873111248
time:  3.254
start training epoch: 43
 epoch: 43 |loss: 1.3949733912944793 |cls: 0.003480122605494529 |Bi: 0.014790062690153719 |mse: 1.386534134745598
time:  3.272
start training epoch: 44
 epoch: 44 |loss: 1.4082891416549683 |cls: 0.007599073411938946 |Bi: 0.014842236527474597 |mse: 1.3916067625582218
time:  3.25
start training epoch: 45
 epoch: 45 |loss: 1.398008251786232 |cls: 0.007523224653770057 |Bi: 0.014797516107792034 |mse: 1.3814820496737956
time:  3.281
start training epoch: 46
 epoch: 46 |loss: 1.3945984089374541 |cls: 0.0042648182653009315 |Bi: 0.014840166200883687 |mse: 1.3845847430825233
time:  3.247
start training epoch: 47
 epoch: 47 |loss: 1.389364413022995 |cls: 0.0037157690073189543 |Bi: 0.014829400030430406 |mse: 1.38044993519783
time:  3.266
start training epoch: 48
 epoch: 48 |loss: 1.3932887572050094 |cls: 0.010622013658444729 |Bi: 0.01482981417211704 |mse: 1.370561744570732
time:  3.269
start training epoch: 49
 epoch: 49 |loss: 1.4440509927272798 |cls: 0.03645966650997749 |Bi: 0.014875362897291779 |mse: 1.369644128382206
time:  3.255
start training epoch: 50
 epoch: 50 |loss: 1.5367230105400085 |cls: 0.08246711423967454 |Bi: 0.014874534623231739 |mse: 1.3703013187646866
time:  3.269
start training epoch: 51
 epoch: 51 |loss: 1.4458439153432847 |cls: 0.03935040099806599 |Bi: 0.014892754182219504 |mse: 1.3656538328528405
time:  3.27
start training epoch: 52
 epoch: 52 |loss: 1.383673391342163 |cls: 0.00937078198874815 |Bi: 0.014891925976844505 |mse: 1.363442630171776
time:  3.271
start training epoch: 53
 epoch: 53 |loss: 1.3832830965518952 |cls: 0.0076496683729145335 |Bi: 0.0149155284720473 |mse: 1.3664922028779984
time:  3.265
start training epoch: 54
 epoch: 54 |loss: 1.3785997903347016 |cls: 0.006781094223450737 |Bi: 0.014900621635606513 |mse: 1.3635475414991378
time:  3.288
start training epoch: 55
 epoch: 55 |loss: 1.3759195756912233 |cls: 0.005086499190900184 |Bi: 0.014910973611986265 |mse: 1.3642554895579815
time:  3.273
start training epoch: 56
 epoch: 56 |loss: 1.3770874094963075 |cls: 0.004360386685384441 |Bi: 0.014897309015505017 |mse: 1.3668769118189812
time:  3.265
start training epoch: 57
 epoch: 57 |loss: 1.374093177318573 |cls: 0.004518437678282083 |Bi: 0.014878675469662993 |mse: 1.3635684382915496
time:  3.275
start training epoch: 58
 epoch: 58 |loss: 1.3749366724491119 |cls: 0.004306886139735155 |Bi: 0.014899379356065764 |mse: 1.3648329685628413
time:  3.268
start training epoch: 59
 epoch: 59 |loss: 1.369961085319519 |cls: 0.003942218057909202 |Bi: 0.014861698204185814 |mse: 1.3605904726684093
time:  3.291
start training epoch: 60
 epoch: 60 |loss: 1.373607997894287 |cls: 0.0038277734261480136 |Bi: 0.01487370649818331 |mse: 1.364465073645115
time:  3.278
start training epoch: 61
 epoch: 61 |loss: 1.3748136973381042 |cls: 0.0038951798466942476 |Bi: 0.014900207502068951 |mse: 1.365533306002617
time:  3.298
start training epoch: 62
 epoch: 62 |loss: 1.3743632280826568 |cls: 0.005052849080693989 |Bi: 0.014895652662962675 |mse: 1.362767970263958
time:  3.27
start training epoch: 63
 epoch: 63 |loss: 1.3672696954011918 |cls: 0.0032866328886142072 |Bi: 0.01490352013381198 |mse: 1.359206092953682
time:  3.265
start training epoch: 64
 epoch: 64 |loss: 1.3774652832746506 |cls: 0.004738119565655126 |Bi: 0.014931677505373955 |mse: 1.3664958745241165
time:  3.271
start training epoch: 65
 epoch: 65 |loss: 1.3724761974811555 |cls: 0.0035140320160381576 |Bi: 0.014896894883131609 |mse: 1.3639584513008594
time:  3.279
start training epoch: 66
 epoch: 66 |loss: 1.3705263310670852 |cls: 0.002867883193097782 |Bi: 0.014910973536316305 |mse: 1.363299464136362
time:  3.278
start training epoch: 67
 epoch: 67 |loss: 1.3654720586538316 |cls: 0.002842797358744491 |Bi: 0.014893168152775615 |mse: 1.358297141343355
time:  3.364
start training epoch: 68
 epoch: 68 |loss: 1.3684447401762008 |cls: 0.0038280433308932518 |Bi: 0.014921325519680976 |mse: 1.359296527504921
time:  3.249
start training epoch: 69
 epoch: 69 |loss: 1.3641303610801696 |cls: 0.0034992304496273617 |Bi: 0.014929192952113226 |mse: 1.3556389820575714
time:  3.265
start training epoch: 70
 epoch: 70 |loss: 1.376227541565895 |cls: 0.004283241558870685 |Bi: 0.014906004548538476 |mse: 1.3661704649031163
time:  3.266
start training epoch: 71
 epoch: 71 |loss: 1.3717979556322097 |cls: 0.0041924595859080685 |Bi: 0.014919669155497105 |mse: 1.3619210763275624
time:  3.287
start training epoch: 72
 epoch: 72 |loss: 1.3707639729976655 |cls: 0.004298734565592781 |Bi: 0.014917598759057 |mse: 1.3606747391819953
time:  3.286
start training epoch: 73
 epoch: 73 |loss: 1.3657553339004516 |cls: 0.0036646407538573557 |Bi: 0.01492215362843126 |mse: 1.3569338391721248
time:  3.267
start training epoch: 74
 epoch: 74 |loss: 1.3708924460411072 |cls: 0.003966401292029786 |Bi: 0.01491677060490474 |mse: 1.3614679752290249
time:  3.277
start training epoch: 75
 epoch: 75 |loss: 1.3654410994052888 |cls: 0.0033572713856761995 |Bi: 0.014886956913396716 |mse: 1.3572378584742546
time:  3.275
start training epoch: 76
 epoch: 76 |loss: 1.363173931837082 |cls: 0.0030370230228646735 |Bi: 0.014880745746195316 |mse: 1.3556118138134479
time:  3.279
start training epoch: 77
 epoch: 77 |loss: 1.3687966334819794 |cls: 0.004692682922451894 |Bi: 0.014903520059306175 |mse: 1.3579209171235562
time:  3.287
start training epoch: 78
 epoch: 78 |loss: 1.3677433359622955 |cls: 0.00610312401155852 |Bi: 0.01489730890840292 |mse: 1.3540473514795304
time:  3.266
start training epoch: 79
 epoch: 79 |loss: 1.364767906665802 |cls: 0.0028640530036506107 |Bi: 0.014915114273317159 |mse: 1.357548287510872
time:  3.251
start training epoch: 80
 epoch: 80 |loss: 1.3707264649868012 |cls: 0.003862411216130681 |Bi: 0.014902277841465549 |mse: 1.361511400192976
time:  3.232
start training epoch: 81
 epoch: 81 |loss: 1.3678850787878036 |cls: 0.004193013445470797 |Bi: 0.01490890309563838 |mse: 1.35800815731287
time:  3.281
start training epoch: 82
 epoch: 82 |loss: 1.366002812385559 |cls: 0.003040132953768193 |Bi: 0.014887785080354661 |mse: 1.3584337681531906
time:  3.283
start training epoch: 83
 epoch: 83 |loss: 1.3630314111709594 |cls: 0.002997060828060398 |Bi: 0.014897722960449755 |mse: 1.3555475182831287
time:  3.3
start training epoch: 84
 epoch: 84 |loss: 1.3697262477874756 |cls: 0.0037762496522219637 |Bi: 0.014908074957784265 |mse: 1.360682950913906
time:  3.253
start training epoch: 85
 epoch: 85 |loss: 1.3628300976753236 |cls: 0.003372899110332668 |Bi: 0.014877019035629928 |mse: 1.3545966033637524
time:  3.26
start training epoch: 86
 epoch: 86 |loss: 1.366304051876068 |cls: 0.004111129575870649 |Bi: 0.014943271649535746 |mse: 1.3565874618291855
time:  3.332
start training epoch: 87
 epoch: 87 |loss: 1.3732119995355605 |cls: 0.004447235644585134 |Bi: 0.01491304388269782 |mse: 1.362826230376959
time:  3.466
start training epoch: 88
 epoch: 88 |loss: 1.3682807111740112 |cls: 0.0035049174788844084 |Bi: 0.014898137063719332 |mse: 1.359781058728695
time:  3.401
start training epoch: 89
 epoch: 89 |loss: 1.362475575208664 |cls: 0.0031907761792547263 |Bi: 0.014900621534325182 |mse: 1.3546039508283139
time:  3.265
start training epoch: 90
 epoch: 90 |loss: 1.368356910943985 |cls: 0.0035419694706001793 |Bi: 0.014919255080167204 |mse: 1.3597810457646846
time:  3.282
start training epoch: 91
 epoch: 91 |loss: 1.3711126160621643 |cls: 0.003166120572118274 |Bi: 0.014912629816681146 |mse: 1.363289124071598
time:  3.284
start training epoch: 92
 epoch: 92 |loss: 1.375466022491455 |cls: 0.005521573056411171 |Bi: 0.01491925508249551 |mse: 1.3629309511184693
time:  3.289
start training epoch: 93
 epoch: 93 |loss: 1.364323338866234 |cls: 0.003190598946302856 |Bi: 0.0149039341439493 |mse: 1.3564517322182654
time:  3.282
start training epoch: 94
 epoch: 94 |loss: 1.3656272381544112 |cls: 0.0031487932472826687 |Bi: 0.014872464160434902 |mse: 1.3578424179553985
time:  3.284
start training epoch: 95
 epoch: 95 |loss: 1.371851351261139 |cls: 0.0022049518587277817 |Bi: 0.014894410348497332 |mse: 1.3659520190954209
time:  3.272
start training epoch: 96
 epoch: 96 |loss: 1.365987342596054 |cls: 0.003582565138498239 |Bi: 0.014919255075510592 |mse: 1.3573302917182446
time:  3.298
start training epoch: 97
 epoch: 97 |loss: 1.3667746198177337 |cls: 0.002464891031565912 |Bi: 0.014919255066197366 |mse: 1.3603529040515423
time:  3.32
start training epoch: 98
 epoch: 98 |loss: 1.36786117374897 |cls: 0.0029399656955342835 |Bi: 0.014923395863734186 |mse: 1.360488897562027
time:  3.289
start training epoch: 99
 epoch: 99 |loss: 1.3625745892524719 |cls: 0.002889494739854399 |Bi: 0.014893996273167431 |mse: 1.3553062072396278
time:  3.278
start training epoch: 100
 epoch: 100 |loss: 1.3694415390491486 |cls: 0.0026069761796043167 |Bi: 0.014927536642644554 |mse: 1.3627348339557648
time:  3.283
done
