gpu_id:  3
num_workers:  2
T:  36
===train: 50samples ===
===test: 100samples ===
******New Binarization******
training dataset: NUCLA
alpha: 0.1 lam1: 2 lam2: 1
start training epoch: 0
 epoch: 0 |loss: 46.24216094017029 |cls: 22.580125417522996 |Bi: 1.5645801782608033 |mse: 0.9254512882232666
time:  3.066
start training epoch: 1
 epoch: 1 |loss: 34.40793648958206 |cls: 16.666261601619954 |Bi: 1.562759473323822 |mse: 0.9191378238797188
time:  3.902
start training epoch: 2
 epoch: 2 |loss: 7.219990821480751 |cls: 3.078753216542589 |Bi: 1.5636596763134003 |mse: 0.9061185340583324
time:  4.252
start training epoch: 3
 epoch: 3 |loss: 2.6272152948379515 |cls: 0.7922196252318099 |Bi: 1.5631718850135803 |mse: 0.8864588943123818
time:  4.229
start training epoch: 4
 epoch: 4 |loss: 3.5110450726747513 |cls: 1.2405375433716108 |Bi: 1.560911853313446 |mse: 0.8738787925243378
time:  4.134
start training epoch: 5
 epoch: 5 |loss: 2.414271866679192 |cls: 0.7011116253212094 |Bi: 1.560885362625122 |mse: 0.85596006706357
time:  4.247
start training epoch: 6
 epoch: 6 |loss: 2.1492474561929704 |cls: 0.5799396881775465 |Bi: 1.5581114304065704 |mse: 0.8335569646954536
time:  5.311
start training epoch: 7
 epoch: 7 |loss: 1.8575765931606292 |cls: 0.4428723472618731 |Bi: 1.557823246717453 |mse: 0.816049572750926
time:  5.901
start training epoch: 8
 epoch: 8 |loss: 1.4879471850395203 |cls: 0.26421311476500703 |Bi: 1.557956576347351 |mse: 0.8037252958863974
time:  4.391
start training epoch: 9
 epoch: 9 |loss: 1.557793426513672 |cls: 0.3087212219711 |Bi: 1.55760915517807 |mse: 0.7845900678634643
time:  4.158
start training epoch: 10
 epoch: 10 |loss: 1.2666702032089234 |cls: 0.16581336762741558 |Bi: 1.5575876235961914 |mse: 0.7792847070842981
time:  4.172
start training epoch: 11
 epoch: 11 |loss: 1.1556026446819305 |cls: 0.11879707103679266 |Bi: 1.5582737505435944 |mse: 0.7621811243891716
time:  4.355
start training epoch: 12
 epoch: 12 |loss: 1.0047051191329956 |cls: 0.04752294429348694 |Bi: 1.5572650623321533 |mse: 0.7539327204972506
time:  4.132
start training epoch: 13
 epoch: 13 |loss: 0.9398242431879044 |cls: 0.016853673601444824 |Bi: 1.554414950609207 |mse: 0.7506754012405872
time:  4.151
start training epoch: 14
 epoch: 14 |loss: 0.9086320877075196 |cls: 0.010740111978481081 |Bi: 1.5546352338790894 |mse: 0.7316883400827646
time:  4.139
start training epoch: 15
 epoch: 15 |loss: 0.8871837431192398 |cls: 0.01044100733249934 |Bi: 1.5528000354766847 |mse: 0.7110217201709748
time:  4.111
start training epoch: 16
 epoch: 16 |loss: 0.868724615573883 |cls: 0.007776112301170741 |Bi: 1.5533959007263183 |mse: 0.6978327910602092
time:  4.026
start training epoch: 17
 epoch: 17 |loss: 0.8615733420848847 |cls: 0.008294949292367732 |Bi: 1.5543192946910858 |mse: 0.6895515054464341
time:  4.147
start training epoch: 18
 epoch: 18 |loss: 0.8612449049949646 |cls: 0.013479208200755438 |Bi: 1.5542294478416443 |mse: 0.6788635443150998
time:  4.599
start training epoch: 19
 epoch: 19 |loss: 0.8383352935314179 |cls: 0.006593773908896736 |Bi: 1.5540803742408753 |mse: 0.6697397027164698
time:  4.003
start training epoch: 20
 epoch: 20 |loss: 0.8197480827569962 |cls: 0.005899904103199702 |Bi: 1.5504447650909423 |mse: 0.6529037898778915
time:  3.96
start training epoch: 21
 epoch: 21 |loss: 0.8043247658014298 |cls: 0.004704408117755037 |Bi: 1.5513611292839051 |mse: 0.6397798313200473
time:  4.106
start training epoch: 22
 epoch: 22 |loss: 0.79459745824337 |cls: 0.00388772319437507 |Bi: 1.5512451887130738 |mse: 0.631697488501668
time:  4.109
start training epoch: 23
 epoch: 23 |loss: 0.779902223944664 |cls: 0.0065513485092581905 |Bi: 1.5519362783432007 |mse: 0.6116058929264545
time:  4.034
start training epoch: 24
 epoch: 24 |loss: 0.7587094831466675 |cls: 0.0031595857482867016 |Bi: 1.5530116546154022 |mse: 0.5970891434699297
time:  4.123
start training epoch: 25
 epoch: 25 |loss: 0.7496475332975387 |cls: 0.0035920244437457425 |Bi: 1.551918478012085 |mse: 0.5872716365754604
time:  4.076
start training epoch: 26
 epoch: 26 |loss: 0.7339424246549606 |cls: 0.0033267106983576864 |Bi: 1.551702321767807 |mse: 0.5721187698841095
time:  4.128
start training epoch: 27
 epoch: 27 |loss: 0.7159016954898835 |cls: 0.002621143617802062 |Bi: 1.552172313928604 |mse: 0.5554421705007553
time:  4.149
start training epoch: 28
 epoch: 28 |loss: 0.704331379532814 |cls: 0.0021921479567073732 |Bi: 1.551730477809906 |mse: 0.5447740282863378
time:  4.102
start training epoch: 29
 epoch: 29 |loss: 0.7024808710813523 |cls: 0.005981404243210448 |Bi: 1.5537217926979066 |mse: 0.5351458764076233
time:  4.074
start training epoch: 30
 epoch: 30 |loss: 0.6858150523900985 |cls: 0.0028934505934461187 |Bi: 1.5516957032680512 |mse: 0.5248585768789052
time:  4.151
start training epoch: 31
 epoch: 31 |loss: 0.6784938687086105 |cls: 0.0025000528168952485 |Bi: 1.5511702394485474 |mse: 0.5183767329901456
time:  4.059
start training epoch: 32
 epoch: 32 |loss: 0.6768205326795578 |cls: 0.003643889861128713 |Bi: 1.554236489534378 |mse: 0.5141090980172157
time:  4.111
start training epoch: 33
 epoch: 33 |loss: 0.6838983303308487 |cls: 0.01108310832367465 |Bi: 1.5551636183261872 |mse: 0.506215745061636
time:  4.082
start training epoch: 34
 epoch: 34 |loss: 0.6626372975111008 |cls: 0.006811394519718874 |Bi: 1.5548046112060547 |mse: 0.49353404305875304
time:  4.125
start training epoch: 35
 epoch: 35 |loss: 0.647083882689476 |cls: 0.0031858455863692826 |Bi: 1.5540501606464385 |mse: 0.48530717074871066
time:  4.005
start training epoch: 36
 epoch: 36 |loss: 0.6365696561336517 |cls: 0.0033552650611649425 |Bi: 1.5539176523685456 |mse: 0.4744673576205969
time:  4.073
start training epoch: 37
 epoch: 37 |loss: 0.6352897226810456 |cls: 0.004247263753269408 |Bi: 1.5553424978256225 |mse: 0.47126094058156015
time:  4.1
start training epoch: 38
 epoch: 38 |loss: 0.6358897703886032 |cls: 0.004049601078282023 |Bi: 1.553918890953064 |mse: 0.4723986715078354
time:  4.142
start training epoch: 39
 epoch: 39 |loss: 0.6252165043354034 |cls: 0.003776449207779535 |Bi: 1.555669207572937 |mse: 0.46209668308496477
time:  4.108
start training epoch: 40
 epoch: 40 |loss: 0.614053139090538 |cls: 0.003372138422114546 |Bi: 1.556167755126953 |mse: 0.45169208526611326
time:  3.986
start training epoch: 41
 epoch: 41 |loss: 0.6118032598495483 |cls: 0.00268237284934969 |Bi: 1.5550986087322236 |mse: 0.45092865385115144
time:  4.153
start training epoch: 42
 epoch: 42 |loss: 0.6081213480234147 |cls: 0.0023195407259075295 |Bi: 1.5545362687110902 |mse: 0.4480286370962858
time:  4.126
start training epoch: 43
 epoch: 43 |loss: 0.6055722713470459 |cls: 0.005861788541861301 |Bi: 1.5554646348953247 |mse: 0.43830222852528095
time:  4.09
start training epoch: 44
 epoch: 44 |loss: 0.6054957354068756 |cls: 0.004984465864006467 |Bi: 1.5550373148918153 |mse: 0.4400230672955513
time:  4.148
start training epoch: 45
 epoch: 45 |loss: 0.6053898966312409 |cls: 0.003925248162170903 |Bi: 1.5563677382469177 |mse: 0.44190261743962767
time:  4.148
start training epoch: 46
 epoch: 46 |loss: 0.6131128251552582 |cls: 0.009922453292836338 |Bi: 1.5555921828746795 |mse: 0.4377087010443211
time:  4.07
start training epoch: 47
 epoch: 47 |loss: 1.1335793632268905 |cls: 0.2711626634552944 |Bi: 1.556596326828003 |mse: 0.4355944050848484
time:  4.106
start training epoch: 48
 epoch: 48 |loss: 1.912178528904915 |cls: 0.6607367689297274 |Bi: 1.5535077083110809 |mse: 0.43535422556102277
time:  4.173
start training epoch: 49
 epoch: 49 |loss: 0.8607038146257401 |cls: 0.13681993821122887 |Bi: 1.5560886466503143 |mse: 0.4314550673216581
time:  4.141
start training epoch: 50
 epoch: 50 |loss: 0.7973032069206237 |cls: 0.10551031081071414 |Bi: 1.5589391815662383 |mse: 0.4303886687010527
time:  4.124
start training epoch: 51
 epoch: 51 |loss: 0.654153224825859 |cls: 0.03495026198216692 |Bi: 1.558915159702301 |mse: 0.42836118005216123
time:  4.223
start training epoch: 52
 epoch: 52 |loss: 0.6367392796278 |cls: 0.025305327334444884 |Bi: 1.5551996338367462 |mse: 0.43060865841805934
time:  4.027
start training epoch: 53
 epoch: 53 |loss: 0.6325722432136536 |cls: 0.02326275578791865 |Bi: 1.5557971501350403 |mse: 0.43046701826155187
time:  4.195
start training epoch: 54
 epoch: 54 |loss: 0.6325350701808929 |cls: 0.02401290960908227 |Bi: 1.5570257306098938 |mse: 0.42880667351186275
time:  4.194
start training epoch: 55
 epoch: 55 |loss: 0.639376802444458 |cls: 0.027031854862925683 |Bi: 1.5578953003883362 |mse: 0.42952355682849885
time:  4.251
start training epoch: 56
 epoch: 56 |loss: 0.6304153108596802 |cls: 0.02394779000703238 |Bi: 1.5582360804080964 |mse: 0.42669612243771554
time:  4.138
start training epoch: 57
 epoch: 57 |loss: 0.6288750720024109 |cls: 0.022321014630565513 |Bi: 1.5580547165870666 |mse: 0.42842756398022175
time:  4.165
start training epoch: 58
 epoch: 58 |loss: 0.6343784546852111 |cls: 0.02321128959581074 |Bi: 1.5591333818435669 |mse: 0.4320425386726856
time:  4.128
start training epoch: 59
 epoch: 59 |loss: 0.6204525852203369 |cls: 0.01919377222046023 |Bi: 1.5582099747657776 |mse: 0.4262440446764231
time:  4.082
start training epoch: 60
 epoch: 60 |loss: 0.6244662570953369 |cls: 0.020031820886865715 |Bi: 1.5564058494567872 |mse: 0.4287620285153389
time:  4.066
start training epoch: 61
 epoch: 61 |loss: 0.6210489201545716 |cls: 0.018101355751377925 |Bi: 1.5579652643203736 |mse: 0.4290496778488159
time:  4.146
start training epoch: 62
 epoch: 62 |loss: 0.6142775726318359 |cls: 0.015609122738121642 |Bi: 1.5562000596523284 |mse: 0.4274393206089735
time:  4.132
start training epoch: 63
 epoch: 63 |loss: 0.6246651089191437 |cls: 0.01754058090001308 |Bi: 1.5570319378376007 |mse: 0.43388075292110445
time:  4.082
start training epoch: 64
 epoch: 64 |loss: 0.6135886913537979 |cls: 0.014273737128814901 |Bi: 1.5559511852264405 |mse: 0.4294461024552584
time:  4.168
start training epoch: 65
 epoch: 65 |loss: 0.6105404090881348 |cls: 0.013842577290456575 |Bi: 1.5569466304779054 |mse: 0.42716058805584906
time:  4.027
start training epoch: 66
 epoch: 66 |loss: 0.6176718735694885 |cls: 0.014381099574218298 |Bi: 1.557219101190567 |mse: 0.4331877611577511
time:  4.087
start training epoch: 67
 epoch: 67 |loss: 0.6190013855695724 |cls: 0.01621531124604644 |Bi: 1.5582791328430177 |mse: 0.43074284739792346
time:  4.137
start training epoch: 68
 epoch: 68 |loss: 0.6196222817897796 |cls: 0.016043581333162818 |Bi: 1.5578236532211305 |mse: 0.43175274789333346
time:  4.118
start training epoch: 69
 epoch: 69 |loss: 0.6111885476112365 |cls: 0.0122933473124408 |Bi: 1.5564058458805083 |mse: 0.43096126459538936
time:  4.021
start training epoch: 70
 epoch: 70 |loss: 0.6179146772623062 |cls: 0.013905282819384865 |Bi: 1.5574265491962433 |mse: 0.43436145670711995
time:  4.069
start training epoch: 71
 epoch: 71 |loss: 0.6093627935647965 |cls: 0.011845746202950522 |Bi: 1.5563524329662324 |mse: 0.4300360568612814
time:  4.006
start training epoch: 72
 epoch: 72 |loss: 0.6128024578094482 |cls: 0.012079390177666483 |Bi: 1.5557325601577758 |mse: 0.43307041354477405
time:  4.064
start training epoch: 73
 epoch: 73 |loss: 0.6153313291072845 |cls: 0.014005457795251459 |Bi: 1.556944147348404 |mse: 0.4316260015964508
time:  4.163
start training epoch: 74
 epoch: 74 |loss: 0.6125691175460816 |cls: 0.013611662381003952 |Bi: 1.5563983833789825 |mse: 0.42970595218241214
time:  4.091
start training epoch: 75
 epoch: 75 |loss: 0.6159389692544938 |cls: 0.01305118159088579 |Bi: 1.5563677442073822 |mse: 0.4341998225450516
time:  4.044
start training epoch: 76
 epoch: 76 |loss: 0.6124633556604385 |cls: 0.013253139108342112 |Bi: 1.55604146361351 |mse: 0.4303529250621796
time:  4.066
start training epoch: 77
 epoch: 77 |loss: 0.6168297892808914 |cls: 0.014486428296927444 |Bi: 1.5571081221103669 |mse: 0.43214612059295177
time:  4.132
start training epoch: 78
 epoch: 78 |loss: 0.6292082834243774 |cls: 0.019029254903286982 |Bi: 1.5583462142944335 |mse: 0.43531514808535576
time:  4.101
start training epoch: 79
 epoch: 79 |loss: 0.6092201536893844 |cls: 0.011418317717341324 |Bi: 1.5561400055885315 |mse: 0.43076951943337916
time:  3.984
start training epoch: 80
 epoch: 80 |loss: 0.6118581306934356 |cls: 0.012757903825179256 |Bi: 1.5570944714546204 |mse: 0.4306328735500574
time:  4.026
start training epoch: 81
 epoch: 81 |loss: 0.6157709240913392 |cls: 0.013403785133803012 |Bi: 1.5570083379745483 |mse: 0.4332625167071819
time:  4.12
start training epoch: 82
 epoch: 82 |loss: 0.6136718088388443 |cls: 0.012335787641609386 |Bi: 1.5570265543460846 |mse: 0.4332975757867098
time:  4.074
start training epoch: 83
 epoch: 83 |loss: 0.6112838160991668 |cls: 0.011286758490482498 |Bi: 1.5568998515605927 |mse: 0.43302031211555003
time:  3.918
start training epoch: 84
 epoch: 84 |loss: 0.6163154315948486 |cls: 0.013474248631250702 |Bi: 1.5564526450634002 |mse: 0.433721661567688
time:  4.102
start training epoch: 85
 epoch: 85 |loss: 0.6095801448822021 |cls: 0.010966840486059937 |Bi: 1.556298191547394 |mse: 0.4320166451483965
time:  4.003
start training epoch: 86
 epoch: 86 |loss: 0.6110318821668624 |cls: 0.011523578779513172 |Bi: 1.5580385732650757 |mse: 0.43218086279928686
time:  4.069
start training epoch: 87
 epoch: 87 |loss: 0.6119121927022934 |cls: 0.010936974468759218 |Bi: 1.5581234502792358 |mse: 0.43422589294612407
time:  4.143
start training epoch: 88
 epoch: 88 |loss: 0.6165838813781739 |cls: 0.013220327023489062 |Bi: 1.5580468571186066 |mse: 0.4343385434895754
time:  4.065
start training epoch: 89
 epoch: 89 |loss: 0.6118060874938965 |cls: 0.011927167145302064 |Bi: 1.5565429103374482 |mse: 0.43229746237397193
time:  4.113
start training epoch: 90
 epoch: 90 |loss: 0.6089992648363114 |cls: 0.010971407234633261 |Bi: 1.5564472603797912 |mse: 0.4314117228239775
time:  4.02
start training epoch: 91
 epoch: 91 |loss: 0.6239303904771805 |cls: 0.015554416271613717 |Bi: 1.556790941953659 |mse: 0.4371424586325884
time:  4.008
start training epoch: 92
 epoch: 92 |loss: 0.612206215262413 |cls: 0.0102123124810646 |Bi: 1.5558013033866882 |mse: 0.4362014581263065
time:  4.189
start training epoch: 93
 epoch: 93 |loss: 0.6177111262083054 |cls: 0.013008520806677097 |Bi: 1.5573851430416108 |mse: 0.43595557190477846
time:  4.005
start training epoch: 94
 epoch: 94 |loss: 0.6160725450515747 |cls: 0.01238797754331017 |Bi: 1.5553859710693358 |mse: 0.4357579849660397
time:  3.926
start training epoch: 95
 epoch: 95 |loss: 0.6191782760620117 |cls: 0.013788928157453029 |Bi: 1.5570774757862091 |mse: 0.4358926694095135
time:  4.125
start training epoch: 96
 epoch: 96 |loss: 0.6152761751413345 |cls: 0.012201670034633025 |Bi: 1.5552029407024384 |mse: 0.435352538973093
time:  4.087
start training epoch: 97
 epoch: 97 |loss: 0.6152379083633422 |cls: 0.012296522563415237 |Bi: 1.5562186872959136 |mse: 0.43502298526465893
time:  4.095
start training epoch: 98
 epoch: 98 |loss: 0.6139088582992553 |cls: 0.011756803690664128 |Bi: 1.557510608434677 |mse: 0.43464419186115266
time:  4.077
start training epoch: 99
 epoch: 99 |loss: 0.6120843058824539 |cls: 0.011938267008522416 |Bi: 1.5556646490097046 |mse: 0.43264130391180516
time:  4.035
start training epoch: 100
 epoch: 100 |loss: 0.6135129433870316 |cls: 0.01150523723427341 |Bi: 1.5570025312900544 |mse: 0.4348022181540728
time:  4.071
done
