gpu_id:  1
num_workers:  4
T:  36
===train: 100samples ===
===test: 50samples ===
training dataset: NUCLA
alpha: 0.1 lam1: 2 lam2: 1
start training epoch: 0
 epoch: 0 |loss: 48.74569858655334 |cls: 24.094001709764715 |Bi: 0.9408675259351731 |mse: 0.46360878461346144
time:  5.498
start validating:
epoch: 0 Acc:0.0800 count: 50 pred_cnt: 4
start training epoch: 1
 epoch: 1 |loss: 5.654443554878235 |cls: 2.5499597644619643 |Bi: 0.9373627633601427 |mse: 0.4607877758948598
time:  7.856
start training epoch: 2
 epoch: 2 |loss: 4.3445799261331555 |cls: 1.8950034197792411 |Bi: 0.9394503394514322 |mse: 0.46062803978755257
time:  7.862
start training epoch: 3
 epoch: 3 |loss: 4.0316322416067125 |cls: 1.7394798358064145 |Bi: 0.9391917498409748 |mse: 0.45875340941027387
time:  7.945
start training epoch: 4
 epoch: 4 |loss: 3.648376384973526 |cls: 1.5487531529925764 |Bi: 0.9375490985810757 |mse: 0.4571151593553077
time:  7.812
start training epoch: 5
 epoch: 5 |loss: 3.514034793674946 |cls: 1.4822132270736619 |Bi: 0.9400658709555865 |mse: 0.4556017594224249
time:  7.556
start validating:
epoch: 5 Acc:0.2200 count: 50 pred_cnt: 11
start training epoch: 6
 epoch: 6 |loss: 2.698809183835983 |cls: 1.076239426729735 |Bi: 0.9402609016001224 |mse: 0.4523042291705497
time:  7.643
start training epoch: 7
 epoch: 7 |loss: 1.714215125888586 |cls: 0.5849630929315753 |Bi: 0.9389362640678882 |mse: 0.450395311647153
time:  5.562
start training epoch: 8
 epoch: 8 |loss: 1.5144041347503663 |cls: 0.4854908302302829 |Bi: 0.9412693901360035 |mse: 0.449295532025717
time:  5.647
start training epoch: 9
 epoch: 9 |loss: 1.3733043063431978 |cls: 0.4158385191645357 |Bi: 0.9395532461255789 |mse: 0.4476719352888176
time:  9.005
start training epoch: 10
 epoch: 10 |loss: 0.9483359082788229 |cls: 0.20441930579929932 |Bi: 0.9374447512626648 |mse: 0.44575282425721524
time:  10.728
start validating:
epoch: 10 Acc:0.2000 count: 50 pred_cnt: 10
start training epoch: 11
 epoch: 11 |loss: 0.7151493630558252 |cls: 0.08955315113131519 |Bi: 0.9377942385524511 |mse: 0.44226363822133863
time:  10.883
start training epoch: 12
 epoch: 12 |loss: 0.5925787664204836 |cls: 0.02968849446650488 |Bi: 0.9354074808210134 |mse: 0.43966103061757167
time:  10.823
start training epoch: 13
 epoch: 13 |loss: 0.5827737971767784 |cls: 0.02544810259301343 |Bi: 0.9371397802233696 |mse: 0.4381636127822276
time:  10.972
start training epoch: 14
 epoch: 14 |loss: 0.589515415020287 |cls: 0.030256892074733272 |Bi: 0.9369072788208723 |mse: 0.4353109021554701
time:  10.914
start training epoch: 15
 epoch: 15 |loss: 0.5454178906232119 |cls: 0.010656722323480281 |Bi: 0.9368989954888821 |mse: 0.4304145375352528
time:  10.699
start validating:
epoch: 15 Acc:0.2000 count: 50 pred_cnt: 10
start training epoch: 16
 epoch: 16 |loss: 0.5304048889875412 |cls: 0.0047162199286432125 |Bi: 0.9373921602964401 |mse: 0.42723323064739815
time:  11.03
start training epoch: 17
 epoch: 17 |loss: 0.5243142884224653 |cls: 0.003470513588006199 |Bi: 0.9363515767455101 |mse: 0.4237381026077492
time:  10.816
start training epoch: 18
 epoch: 18 |loss: 0.5371131324023009 |cls: 0.011131992370746389 |Bi: 0.934182640388608 |mse: 0.42143088571800036
time:  10.865
start training epoch: 19
 epoch: 19 |loss: 0.5179004745930433 |cls: 0.003727980375146487 |Bi: 0.9355290141701699 |mse: 0.4168916093998996
time:  10.853
start training epoch: 20
 epoch: 20 |loss: 0.5134111490100622 |cls: 0.0033475619331092333 |Bi: 0.9354764272272587 |mse: 0.41316837884893176
time:  10.924
start validating:
epoch: 20 Acc:0.2000 count: 50 pred_cnt: 10
start training epoch: 21
 epoch: 21 |loss: 0.5094973874464631 |cls: 0.0028143622216198596 |Bi: 0.9336362633109093 |mse: 0.41050503719437986
time:  10.802
start training epoch: 22
 epoch: 22 |loss: 0.5210204252228141 |cls: 0.011871503456845503 |Bi: 0.934681188762188 |mse: 0.4038093001328525
time:  10.939
start training epoch: 23
 epoch: 23 |loss: 0.5047479094564915 |cls: 0.004460819951836541 |Bi: 0.9331211449205875 |mse: 0.4025141550101398
time:  10.976
start training epoch: 24
 epoch: 24 |loss: 0.49742931246757505 |cls: 0.004164974705186566 |Bi: 0.932343095690012 |mse: 0.3958650501255761
time:  10.761
start training epoch: 25
 epoch: 25 |loss: 0.9189522812888026 |cls: 0.2160140873189446 |Bi: 0.9325335709005594 |mse: 0.39367074549678366
time:  10.837
start validating:
epoch: 25 Acc:0.1600 count: 50 pred_cnt: 8
start training epoch: 26
 epoch: 26 |loss: 0.9737314581125974 |cls: 0.24739541101864 |Bi: 0.9339805673807859 |mse: 0.38554257637180855
time:  10.756
start training epoch: 27
 epoch: 27 |loss: 1.5021056619659066 |cls: 0.5130287752644669 |Bi: 0.9315702158957719 |mse: 0.38289107350516133
time:  10.554
start training epoch: 28
 epoch: 28 |loss: 1.149052666798234 |cls: 0.3400557630984298 |Bi: 0.931242467314005 |mse: 0.375816902712977
time:  10.693
start training epoch: 29
 epoch: 29 |loss: 0.6572550170868635 |cls: 0.09736481936783789 |Bi: 0.932066696882248 |mse: 0.36931869970052505
time:  10.592
start training epoch: 30
 epoch: 30 |loss: 0.524537583142519 |cls: 0.0345782442690934 |Bi: 0.9320753905177116 |mse: 0.3621735535388871
time:  10.708
start validating:
epoch: 30 Acc:0.2200 count: 50 pred_cnt: 11
start training epoch: 31
 epoch: 31 |loss: 0.46478042531758545 |cls: 0.008853623433340943 |Bi: 0.9302787021547556 |mse: 0.3540453038648411
time:  10.782
start training epoch: 32
 epoch: 32 |loss: 0.5002403608709574 |cls: 0.029833204306163097 |Bi: 0.9288582067936659 |mse: 0.34768813188406056
time:  10.748
start training epoch: 33
 epoch: 33 |loss: 0.487940404266119 |cls: 0.02748197736052944 |Bi: 0.9284165944904089 |mse: 0.340134788507421
time:  10.721
start training epoch: 34
 epoch: 34 |loss: 0.43246069341897964 |cls: 0.0038289703572298352 |Bi: 0.9262240462750196 |mse: 0.33218034652221834
time:  10.577
start training epoch: 35
 epoch: 35 |loss: 0.42422870378941296 |cls: 0.004033950316271131 |Bi: 0.9263652449846268 |mse: 0.32352427580408405
time:  10.651
start validating:
epoch: 35 Acc:0.2200 count: 50 pred_cnt: 11
start training epoch: 36
 epoch: 36 |loss: 0.41237967073917386 |cls: 0.0034068374038670867 |Bi: 0.9227722846716643 |mse: 0.3132887677325925
time:  10.735
start training epoch: 37
 epoch: 37 |loss: 0.4055761731415987 |cls: 0.004466298026712465 |Bi: 0.9227033422887325 |mse: 0.3043732409071527
time:  10.568
start training epoch: 38
 epoch: 38 |loss: 0.38966588463634255 |cls: 0.0028846468269888704 |Bi: 0.9217412343621254 |mse: 0.2917224665505637
time:  10.781
start training epoch: 39
 epoch: 39 |loss: 0.38428569335490464 |cls: 0.005036368694866198 |Bi: 0.9194107925891877 |mse: 0.28227187435884843
time:  10.689
start training epoch: 40
 epoch: 40 |loss: 0.3691843758523464 |cls: 0.003982553558721165 |Bi: 0.9184646313637495 |mse: 0.2693728033149091
time:  10.739
start validating:
epoch: 40 Acc:0.2000 count: 50 pred_cnt: 10
start training epoch: 41
 epoch: 41 |loss: 0.35498557940125464 |cls: 0.002903358758169645 |Bi: 0.9160741501301527 |mse: 0.2575714444332698
time:  10.532
start training epoch: 42
 epoch: 42 |loss: 0.3426623674482107 |cls: 0.0027955945904929533 |Bi: 0.9149760127067565 |mse: 0.24557357369267266
time:  10.695
start training epoch: 43
 epoch: 43 |loss: 0.3348202767595649 |cls: 0.004605941544098968 |Bi: 0.9135155586898327 |mse: 0.23425683555717114
time:  10.833
start training epoch: 44
 epoch: 44 |loss: 0.32959286026656626 |cls: 0.007121358284114479 |Bi: 0.909523631259799 |mse: 0.22439777891675475
time:  10.503
start training epoch: 45
 epoch: 45 |loss: 0.3357071004807949 |cls: 0.015684829994212775 |Bi: 0.9076277741789818 |mse: 0.21357466068686334
time:  10.84
start validating:
epoch: 45 Acc:0.2000 count: 50 pred_cnt: 10
start training epoch: 46
 epoch: 46 |loss: 0.3084856301173568 |cls: 0.006280207216950231 |Bi: 0.9051211471110583 |mse: 0.20541309865002405
time:  10.167
start training epoch: 47
 epoch: 47 |loss: 0.29609683390706776 |cls: 0.005674785465820804 |Bi: 0.9051698029786348 |mse: 0.1942302831923007
time:  10.679
start training epoch: 48
 epoch: 48 |loss: 1.155072629377246 |cls: 0.4396681482087911 |Bi: 0.9021807700395584 |mse: 0.18551823065805365
time:  10.663
start training epoch: 49
Traceback (most recent call last):
  File "trainClassifier_Multi.py", line 223, in <module>
    stats.write_data(lst_writer1, c1, delimiter=',')
  File "/home/balaji/Documents/code/RSL/CS_CV/Cross-View/stats.py", line 11, in write_data
    lst_writer.write(delimiter.join(str(j) for j in data_lst))
OSError: [Errno 28] No space left on device
