gpu_id:  3
num_workers:  2
T:  36
===train: 50samples ===
===test: 100samples ===
******New Binarization******
load pretrain binarization module
training dataset: NUCLA
alpha: 0.1 lam1: 2 lam2: 1
start training epoch: 0
 epoch: 0 |loss: 86.68836461186409 |cls: 42.23939273178578 |Bi: 1.274905217885971 |mse: 2.0820901280641557
time:  3.24
start training epoch: 1
 epoch: 1 |loss: 22.32722318649292 |cls: 10.110627773868146 |Bi: 1.2752443468570709 |mse: 1.9784437021613122
time:  3.227
start training epoch: 2
 epoch: 2 |loss: 4.641795840263367 |cls: 1.3405926680611446 |Bi: 1.275545380115509 |mse: 1.8330560320615767
time:  3.645
start training epoch: 3
 epoch: 3 |loss: 4.352438945770263 |cls: 1.2440252431482077 |Bi: 1.275750344991684 |mse: 1.7368133583664893
time:  4.328
start training epoch: 4
 epoch: 4 |loss: 4.000108127593994 |cls: 1.117282974049449 |Bi: 1.2755954873561859 |mse: 1.6379826313257217
time:  4.452
start training epoch: 5
 epoch: 5 |loss: 3.6791234600543974 |cls: 1.0094184209546073 |Bi: 1.2753615403175353 |mse: 1.5327504813671111
time:  4.444
start training epoch: 6
 epoch: 6 |loss: 4.239695823192596 |cls: 1.3410007853002752 |Bi: 1.2749437177181244 |mse: 1.4301998654007912
time:  4.43
start training epoch: 7
 epoch: 7 |loss: 3.61311007976532 |cls: 1.060398269072175 |Bi: 1.2745462048053742 |mse: 1.364858901500702
time:  4.47
start training epoch: 8
 epoch: 8 |loss: 3.836886845827103 |cls: 1.2080435658618809 |Bi: 1.2745814037322998 |mse: 1.293341580927372
time:  4.484
start training epoch: 9
 epoch: 9 |loss: 3.254025089740753 |cls: 0.9613443331979216 |Bi: 1.2745449662208557 |mse: 1.2038819254934787
time:  4.448
start training epoch: 10
 epoch: 10 |loss: 3.658956989645958 |cls: 1.189970524534583 |Bi: 1.2747110092639924 |mse: 1.1515448078513146
time:  4.462
start training epoch: 11
 epoch: 11 |loss: 3.187494151592255 |cls: 0.977327625779435 |Bi: 1.2748650527000427 |mse: 1.1053523537516594
time:  4.272
start training epoch: 12
 epoch: 12 |loss: 3.129278163909912 |cls: 0.9797097672522068 |Bi: 1.2748807847499848 |mse: 1.0423705606162548
time:  4.427
start training epoch: 13
 epoch: 13 |loss: 3.333869378566742 |cls: 1.0989883656799793 |Bi: 1.2748335683345795 |mse: 1.0084092843532562
time:  4.363
start training epoch: 14
 epoch: 14 |loss: 3.1082562053203584 |cls: 1.004132609218359 |Bi: 1.274784712791443 |mse: 0.9725125116109848
time:  4.484
start training epoch: 15
 epoch: 15 |loss: 3.1164196765422822 |cls: 1.026311807781458 |Bi: 1.2751507568359375 |mse: 0.9362810103595257
time:  4.431
start training epoch: 16
 epoch: 16 |loss: 2.8585460317134856 |cls: 0.9167153319716453 |Bi: 1.2752596616744996 |mse: 0.8975893703103065
time:  4.455
start training epoch: 17
 epoch: 17 |loss: 2.90732519030571 |cls: 0.9522202228754759 |Bi: 1.2753983736038208 |mse: 0.8753449146449566
time:  4.467
start training epoch: 18
 epoch: 18 |loss: 2.7670079851150513 |cls: 0.8971923039853573 |Bi: 1.2757884502410888 |mse: 0.8450445410609245
time:  4.537
start training epoch: 19
